20:33:28.608 [main                     ] DEBUG Logger               - Configured Logger
20:33:28.613 [main                     ] DEBUG GameApplication      - Logging settings
Title: Striker
Version: 1.1
Width: 1280
Height: 720
Fullscreen: false
Intro: false
Profiling: false
Single step:false
App Mode: DEBUG
Menu Key: ESCAPE
Stage Style: DECORATED
Scene Factory: class com.almasb.fxgl.app.scene.SceneFactory

20:33:29.082 [JavaFX Application Thread] DEBUG FXGLApplication      - Initializing FXGL
20:33:29.087 [JavaFX Application Thread] INFO  Engine               - FXGL-11.11 (08.09.2020 18.00) on WINDOWS (J:22.0.2 FX:14)
20:33:29.087 [JavaFX Application Thread] DEBUG Engine               - JRE Vendor Name: Amazon.com Inc.
20:33:29.087 [JavaFX Application Thread] DEBUG Engine               - Running on OS: Windows 11 version 10.0
20:33:29.087 [JavaFX Application Thread] DEBUG Engine               - Architecture: amd64
20:33:29.087 [JavaFX Application Thread] INFO  Engine               - Source code and latest versions at: https://github.com/AlmasB/FXGL
20:33:29.087 [JavaFX Application Thread] INFO  Engine               -              Join the FXGL chat at: https://gitter.im/AlmasB/FXGL
20:33:29.162 [JavaFX Application Thread] DEBUG MainWindow           - Creating a JavaFX scene
20:33:29.223 [JavaFX Application Thread] DEBUG MainWindow           - Target settings size: 1280.0 x 720.0
20:33:29.223 [JavaFX Application Thread] DEBUG MainWindow           - Scaled scene size:    1280.0 x 720.0
20:33:29.223 [JavaFX Application Thread] DEBUG MainWindow           - Scaled ratio: (1.0, 1.0)
20:33:29.224 [JavaFX Application Thread] DEBUG MainWindow           - Set initial scene to StartupScene
20:33:29.228 [JavaFX Application Thread] DEBUG MainWindow           - Opening main window
20:33:29.329 [JavaFX Application Thread] DEBUG MainWindow           - Window border size: (14.4000244140625, 37.5999755859375)
20:33:29.329 [JavaFX Application Thread] DEBUG MainWindow           - Scaled size: 1280.0 x 720.0
20:33:29.329 [JavaFX Application Thread] DEBUG MainWindow           - Scaled ratio: (1.0, 1.0)
20:33:29.329 [JavaFX Application Thread] DEBUG MainWindow           - Scene size: 1280.0 x 720.0
20:33:29.329 [JavaFX Application Thread] DEBUG MainWindow           - Stage size: 1294.4000244140625 x 757.5999755859375
20:33:29.337 [FXGL Background Thread 1 ] DEBUG Engine               - Initializing environment variables
20:33:29.388 [FXGL Background Thread 1 ] DEBUG GameApplicationServi - Applying CSS: fxgl_dark.css
20:33:29.389 [FXGL Background Thread 1 ] DEBUG FXGLAssetLoaderServi - Loading from file system: /assets/ui/css/fxgl_dark.css
20:33:29.439 [FXGL Background Thread 1 ] DEBUG GameApplicationServi - Initializing application scenes
20:33:29.470 [FXGL Background Thread 1 ] DEBUG GameWorld            - Game world initialized
20:33:29.553 [FXGL Background Thread 1 ] DEBUG PhysicsWorld         - Physics world initialized: appHeight=720, physics.ppm=50.0
20:33:29.556 [FXGL Background Thread 1 ] DEBUG GameScene            - Game scene initialized: 1280x720
20:33:29.590 [FXGL Background Thread 1 ] DEBUG FXGLAssetLoaderServi - Loading from file system: /assets/textures/particles/trace_horizontal.png
20:33:29.645 [FXGL Background Thread 1 ] DEBUG FXGL.DefaultMenu     - createMenuBodyGameMenu()
20:33:29.660 [FXGL Background Thread 1 ] DEBUG FXGL.DefaultMenu     - createOptionsMenu()
20:33:29.666 [FXGL Background Thread 1 ] DEBUG FXGLAssetLoaderServi - Loading from file system: /assets/textures/particles/smoke.png
20:33:29.731 [FXGL Background Thread 1 ] DEBUG GameApplicationServi - Application scenes initialized
20:33:29.744 [FXGL Background Thread 1 ] DEBUG SystemBundleService  - Loading FXGL system data
20:33:29.750 [FXGL Background Thread 1 ] DEBUG FileSystemAccess     - Reading from: C:\Users\parme\OneDrive - University of Brighton\ddp17_modules\#Year 3\CI628 - Multplayer\CI628-PongServer-master\system\fxgl.bundle
20:33:29.759 [FXGL Background Thread 1 ] DEBUG SystemBundleService  - Bundle FXGL: {}
20:33:29.759 [FXGL Background Thread 1 ] DEBUG UpdaterService       - Checking for updates
20:33:29.764 [FXGL Background Thread 1 ] DEBUG FXGLApplication      - Loading default localization
20:33:29.765 [FXGL Background Thread 1 ] DEBUG FXGLAssetLoaderServi - Loading from file system: /assets/languages/english.lang
20:33:29.765 [FXGL Background Thread 4 ] DEBUG FXGLApplication      - Loading fonts
20:33:29.765 [FXGL Background Thread 4 ] DEBUG FXGLAssetLoaderServi - Loading from file system: /assets/ui/fonts/pong.ttf
20:33:29.782 [FXGL Background Thread 1 ] INFO  FXGLApplication      - FXGL initialization took: 0.444 sec
20:33:29.790 [JavaFX Application Thread] DEBUG Input                - Registered new binding: Up1 - W
20:33:29.791 [JavaFX Application Thread] DEBUG Input                - Registered new binding: Down1 - S
20:33:29.791 [JavaFX Application Thread] DEBUG Input                - Registered new binding: Left1 - A
20:33:29.791 [JavaFX Application Thread] DEBUG Input                - Registered new binding: Right1 - D
20:33:29.791 [JavaFX Application Thread] DEBUG Input                - Registered new binding: Up2 - I
20:33:29.792 [JavaFX Application Thread] DEBUG Input                - Registered new binding: Down2 - K
20:33:29.792 [JavaFX Application Thread] DEBUG Input                - Registered new binding: left2 - J
20:33:29.792 [JavaFX Application Thread] DEBUG Input                - Registered new binding: right2 - L
20:33:29.792 [JavaFX Application Thread] DEBUG Input                - Registered new binding: CloseServer - Backspace
20:33:29.792 [JavaFX Application Thread] DEBUG FXGLAssetLoaderServi - Loading from file system: /assets/textures/fxgl_icon.png
20:33:29.817 [JavaFX Application Thread] DEBUG FXGLAssetLoaderServi - Loading from file system: /assets/ui/cursors/fxgl_default.png
20:33:29.819 [JavaFX Application Thread] DEBUG Input                - Registered new binding: Screenshot - P
20:33:29.821 [JavaFX Application Thread] DEBUG Input                - Registered new binding: System info dump - CTRL+9
20:33:29.821 [JavaFX Application Thread] DEBUG Input                - Registered new binding: Restart - CTRL+R
20:33:29.822 [JavaFX Application Thread] DEBUG Input                - Registered new binding: Toggle Debug Camera - CTRL+C
20:33:29.824 [JavaFX Application Thread] DEBUG LoopRunner           - Starting loop
20:33:29.825 [JavaFX Application Thread] DEBUG GameApplicationServi - Starting new game
20:33:29.826 [JavaFX Application Thread] DEBUG Input                - Clearing active input actions
20:33:29.836 [FXGL Background Thread 4 ] DEBUG FXGLAssetLoaderServi - Loading from file system: /assets/ui/fonts/Abel-Regular.ttf
20:33:29.837 [JavaFX Application Thread] DEBUG GameApplicationServi - Removing overlay from StartupScene and adding to FXGLLoadingScene
20:33:29.837 [JavaFX Application Thread] DEBUG MainWindow           - StartupScene -> FXGLLoadingScene
20:33:29.838 [JavaFX Application Thread] DEBUG GameApplicationServi - Clearing previous game
20:33:29.838 [JavaFX Application Thread] DEBUG GameScene            - Clearing game scene
20:33:29.838 [JavaFX Application Thread] DEBUG GameWorld            - Clearing game world
20:33:29.838 [JavaFX Application Thread] DEBUG PhysicsWorld         - Clearing physics world
20:33:29.840 [FXGL Background Thread 1 ] DEBUG FXGLApplication      - Initializing game
20:33:29.852 [FXGL Background Thread 4 ] DEBUG FXGLAssetLoaderServi - Loading from file system: /assets/ui/fonts/lucida_console.ttf
20:33:29.874 [FXGL Background Thread 4 ] DEBUG FXGLAssetLoaderServi - Loading from file system: /assets/ui/fonts/Courier-Prime.ttf
20:33:29.928 [FXGL Background Thread 1 ] DEBUG FXGLAssetLoaderServi - Loading from file system: /assets/ui/main.fxml
20:33:29.951 [Thread-4                 ] DEBUG TCPServer            - Starting to listen at: 55555 type: class java.lang.String
20:33:29.965 [JavaFX Application Thread] DEBUG FXGLApplication      - Registering font factories with UI factory
20:33:30.075 [FXGL Background Thread 1 ] INFO  FXGLApplication      - Game initialization took: 0.235 sec
20:33:30.079 [JavaFX Application Thread] DEBUG Input                - Clearing active input actions
20:33:30.096 [JavaFX Application Thread] DEBUG GameApplicationServi - Removing overlay from FXGLLoadingScene and adding to GameScene
20:33:30.097 [JavaFX Application Thread] DEBUG MainWindow           - FXGLLoadingScene -> GameScene
20:33:30.650 [FXGL Background Thread 2 ] INFO  UpdaterService       - Your current version:  11.11
20:33:30.650 [FXGL Background Thread 2 ] INFO  UpdaterService       - Latest stable version: 21+dev-SNAPSHOT
20:33:32.764 [FXGL Background Thread 3 ] DEBUG Engine               - Logging environment variables
20:33:32.764 [FXGL Background Thread 3 ] DEBUG Engine               - achievements: []
20:33:32.764 [FXGL Background Thread 3 ] DEBUG Engine               - appIcon: fxgl_icon.png
20:33:32.764 [FXGL Background Thread 3 ] DEBUG Engine               - applicationMode: DEBUG
20:33:32.764 [FXGL Background Thread 3 ] DEBUG Engine               - cSSList: [fxgl_dark.css]
20:33:32.765 [FXGL Background Thread 3 ] DEBUG Engine               - configClass: Optional.empty
20:33:32.765 [FXGL Background Thread 3 ] DEBUG Engine               - credits: []
20:33:32.765 [FXGL Background Thread 3 ] DEBUG Engine               - devBBoxColorProperty: ObjectProperty [value: 0xff0000ff]
20:33:32.765 [FXGL Background Thread 3 ] DEBUG Engine               - devEnableDebugCameraProperty: BooleanProperty [value: false]
20:33:32.765 [FXGL Background Thread 3 ] DEBUG Engine               - devSensorColorProperty: ObjectProperty [value: 0xffff00ff]
20:33:32.765 [FXGL Background Thread 3 ] DEBUG Engine               - devShowBBoxProperty: BooleanProperty [value: false]
20:33:32.765 [FXGL Background Thread 3 ] DEBUG Engine               - devShowPositionProperty: BooleanProperty [value: false]
20:33:32.765 [FXGL Background Thread 3 ] DEBUG Engine               - enabledMenuItems: []
20:33:32.766 [FXGL Background Thread 3 ] DEBUG Engine               - engineServices: [class com.almasb.fxgl.app.FXGLApplication$GameApplicationService, class com.almasb.fxgl.app.services.FXGLDialogService, class com.almasb.fxgl.app.services.IOTaskExecutorService, class com.almasb.fxgl.event.EventBusService, class com.almasb.fxgl.io.FileSystemService, class com.almasb.fxgl.localization.LocalizationService, class com.almasb.fxgl.app.services.FXGLAssetLoaderService, class com.almasb.fxgl.app.services.SystemBundleService, class com.almasb.fxgl.profile.SaveLoadService, class com.almasb.fxgl.ui.FXGLUIFactoryServiceProvider, class com.almasb.fxgl.ui.FXGLDialogFactoryServiceProvider, class com.almasb.fxgl.audio.AudioPlayer, class com.almasb.fxgl.notification.impl.NotificationServiceProvider, class com.almasb.fxgl.achievement.AchievementService, class com.almasb.fxgl.cutscene.CutsceneService, class com.almasb.fxgl.minigames.MiniGameService, class com.almasb.fxgl.net.NetService, class com.almasb.fxgl.app.services.UpdaterService, class com.almasb.fxgl.dev.DevService]
20:33:32.766 [FXGL Background Thread 3 ] DEBUG Engine               - fontGame: Abel-Regular.ttf
20:33:32.766 [FXGL Background Thread 3 ] DEBUG Engine               - fontMono: lucida_console.ttf
20:33:32.766 [FXGL Background Thread 3 ] DEBUG Engine               - fontText: Courier-Prime.ttf
20:33:32.766 [FXGL Background Thread 3 ] DEBUG Engine               - fontUI: pong.ttf
20:33:32.766 [FXGL Background Thread 3 ] DEBUG Engine               - fullScreen: BooleanProperty [value: false]
20:33:32.766 [FXGL Background Thread 3 ] DEBUG Engine               - gameDifficulty: MEDIUM
20:33:32.766 [FXGL Background Thread 3 ] DEBUG Engine               - gameDifficultyProperty: ObjectProperty [value: MEDIUM]
20:33:32.766 [FXGL Background Thread 3 ] DEBUG Engine               - globalMusicVolume: 0.5
20:33:32.767 [FXGL Background Thread 3 ] DEBUG Engine               - globalMusicVolumeProperty: DoubleProperty [value: 0.5]
20:33:32.767 [FXGL Background Thread 3 ] DEBUG Engine               - globalSoundVolume: 0.5
20:33:32.767 [FXGL Background Thread 3 ] DEBUG Engine               - globalSoundVolumeProperty: DoubleProperty [value: 0.5]
20:33:32.767 [FXGL Background Thread 3 ] DEBUG Engine               - height: 720
20:33:32.767 [FXGL Background Thread 3 ] DEBUG Engine               - isAndroid: false
20:33:32.767 [FXGL Background Thread 3 ] DEBUG Engine               - isBrowser: false
20:33:32.767 [FXGL Background Thread 3 ] DEBUG Engine               - isClickFeedbackEnabled: false
20:33:32.767 [FXGL Background Thread 3 ] DEBUG Engine               - isCloseConfirmation: false
20:33:32.767 [FXGL Background Thread 3 ] DEBUG Engine               - isDesktop: true
20:33:32.768 [FXGL Background Thread 3 ] DEBUG Engine               - isDeveloperMenuEnabled: false
20:33:32.768 [FXGL Background Thread 3 ] DEBUG Engine               - isEntityPreloadEnabled: true
20:33:32.768 [FXGL Background Thread 3 ] DEBUG Engine               - isExperimentalNative: false
20:33:32.768 [FXGL Background Thread 3 ] DEBUG Engine               - isExperimentalTiledLargeMap: false
20:33:32.768 [FXGL Background Thread 3 ] DEBUG Engine               - isFileSystemWriteAllowed: true
20:33:32.768 [FXGL Background Thread 3 ] DEBUG Engine               - isFullScreenAllowed: false
20:33:32.768 [FXGL Background Thread 3 ] DEBUG Engine               - isFullScreenFromStart: false
20:33:32.768 [FXGL Background Thread 3 ] DEBUG Engine               - isGameMenuEnabled: true
20:33:32.768 [FXGL Background Thread 3 ] DEBUG Engine               - isIOS: false
20:33:32.768 [FXGL Background Thread 3 ] DEBUG Engine               - isIntroEnabled: false
20:33:32.769 [FXGL Background Thread 3 ] DEBUG Engine               - isLinux: false
20:33:32.769 [FXGL Background Thread 3 ] DEBUG Engine               - isMac: false
20:33:32.769 [FXGL Background Thread 3 ] DEBUG Engine               - isMainMenuEnabled: false
20:33:32.769 [FXGL Background Thread 3 ] DEBUG Engine               - isManualResizeEnabled: false
20:33:32.769 [FXGL Background Thread 3 ] DEBUG Engine               - isMobile: false
20:33:32.769 [FXGL Background Thread 3 ] DEBUG Engine               - isPreserveResizeRatio: false
20:33:32.769 [FXGL Background Thread 3 ] DEBUG Engine               - isProfilingEnabled: false
20:33:32.769 [FXGL Background Thread 3 ] DEBUG Engine               - isSingleStep: false
20:33:32.769 [FXGL Background Thread 3 ] DEBUG Engine               - isUserProfileEnabled: false
20:33:32.770 [FXGL Background Thread 3 ] DEBUG Engine               - isWindows: true
20:33:32.770 [FXGL Background Thread 3 ] DEBUG Engine               - language: ObjectProperty [value: ENGLISH]
20:33:32.770 [FXGL Background Thread 3 ] DEBUG Engine               - menuKey: ESCAPE
20:33:32.770 [FXGL Background Thread 3 ] DEBUG Engine               - notificationViewClass: class com.almasb.fxgl.notification.view.XboxNotificationView
20:33:32.770 [FXGL Background Thread 3 ] DEBUG Engine               - pixelsPerMeter: 50.0
20:33:32.770 [FXGL Background Thread 3 ] DEBUG Engine               - platform: WINDOWS
20:33:32.770 [FXGL Background Thread 3 ] DEBUG Engine               - profileDir: profiles/
20:33:32.770 [FXGL Background Thread 3 ] DEBUG Engine               - profileName: StringProperty [value: DEFAULT]
20:33:32.770 [FXGL Background Thread 3 ] DEBUG Engine               - randomSeed: -1
20:33:32.770 [FXGL Background Thread 3 ] DEBUG Engine               - runtimeInfo: RuntimeInfo(platform=WINDOWS, version=11.11, build=08.09.2020 18.00)
20:33:32.771 [FXGL Background Thread 3 ] DEBUG Engine               - saveFileExt: sav
20:33:32.771 [FXGL Background Thread 3 ] DEBUG Engine               - sceneFactory: com.almasb.fxgl.app.scene.SceneFactory@3448af65
20:33:32.771 [FXGL Background Thread 3 ] DEBUG Engine               - secondsIn24h: 60
20:33:32.771 [FXGL Background Thread 3 ] DEBUG Engine               - soundMenuBack: menu/back.wav
20:33:32.771 [FXGL Background Thread 3 ] DEBUG Engine               - soundMenuPress: menu/press.wav
20:33:32.771 [FXGL Background Thread 3 ] DEBUG Engine               - soundMenuSelect: menu/select.wav
20:33:32.771 [FXGL Background Thread 3 ] DEBUG Engine               - soundNotification: core/notification.wav
20:33:32.771 [FXGL Background Thread 3 ] DEBUG Engine               - stageStyle: DECORATED
20:33:32.771 [FXGL Background Thread 3 ] DEBUG Engine               - supportedLanguages: [ENGLISH, FRENCH, GERMAN, HUNGARIAN, RUSSIAN]
20:33:32.771 [FXGL Background Thread 3 ] DEBUG Engine               - title: Striker
20:33:32.771 [FXGL Background Thread 3 ] DEBUG Engine               - urlGithub: https://github.com/AlmasB/FXGL
20:33:32.771 [FXGL Background Thread 3 ] DEBUG Engine               - urlLeaderboard: http://fxgl-top.herokuapp.com/
20:33:32.772 [FXGL Background Thread 3 ] DEBUG Engine               - urlPOM: https://raw.githubusercontent.com/AlmasB/FXGL/master/pom.xml
20:33:32.772 [FXGL Background Thread 3 ] DEBUG Engine               - version: 1.1
20:33:32.772 [FXGL Background Thread 3 ] DEBUG Engine               - versionCheckDays: 7
20:33:32.772 [FXGL Background Thread 3 ] DEBUG Engine               - width: 1280
20:33:32.772 [FXGL Background Thread 3 ] DEBUG Engine               - Logging services
20:33:32.772 [FXGL Background Thread 3 ] DEBUG Engine               - class com.almasb.fxgl.app.FXGLApplication$GameApplicationService
20:33:32.772 [FXGL Background Thread 3 ] DEBUG Engine               - class com.almasb.fxgl.app.services.FXGLDialogService
20:33:32.772 [FXGL Background Thread 3 ] DEBUG Engine               - class com.almasb.fxgl.app.services.IOTaskExecutorService
20:33:32.772 [FXGL Background Thread 3 ] DEBUG Engine               - class com.almasb.fxgl.event.EventBusService
20:33:32.772 [FXGL Background Thread 3 ] DEBUG Engine               - class com.almasb.fxgl.io.FileSystemService
20:33:32.773 [FXGL Background Thread 3 ] DEBUG Engine               - class com.almasb.fxgl.localization.LocalizationService
20:33:32.773 [FXGL Background Thread 3 ] DEBUG Engine               - class com.almasb.fxgl.app.services.FXGLAssetLoaderService
20:33:32.773 [FXGL Background Thread 3 ] DEBUG Engine               - class com.almasb.fxgl.app.services.SystemBundleService
20:33:32.773 [FXGL Background Thread 3 ] DEBUG Engine               - class com.almasb.fxgl.profile.SaveLoadService
20:33:32.773 [FXGL Background Thread 3 ] DEBUG Engine               - class com.almasb.fxgl.ui.FXGLUIFactoryServiceProvider
20:33:32.773 [FXGL Background Thread 3 ] DEBUG Engine               - class com.almasb.fxgl.ui.FXGLDialogFactoryServiceProvider
20:33:32.773 [FXGL Background Thread 3 ] DEBUG Engine               - class com.almasb.fxgl.audio.AudioPlayer
20:33:32.773 [FXGL Background Thread 3 ] DEBUG Engine               - class com.almasb.fxgl.notification.impl.NotificationServiceProvider
20:33:32.773 [FXGL Background Thread 3 ] DEBUG Engine               - class com.almasb.fxgl.achievement.AchievementService
20:33:32.773 [FXGL Background Thread 3 ] DEBUG Engine               - class com.almasb.fxgl.cutscene.CutsceneService
20:33:32.773 [FXGL Background Thread 3 ] DEBUG Engine               - class com.almasb.fxgl.minigames.MiniGameService
20:33:32.773 [FXGL Background Thread 3 ] DEBUG Engine               - class com.almasb.fxgl.net.NetService
20:33:32.773 [FXGL Background Thread 3 ] DEBUG Engine               - class com.almasb.fxgl.app.services.UpdaterService
20:33:32.773 [FXGL Background Thread 3 ] DEBUG Engine               - class com.almasb.fxgl.dev.DevService
20:33:34.319 [Thread-4                 ] DEBUG Endpoint             - TCPServer opening new connection (1) from /127.0.0.1:63022 type: class java.lang.String
20:33:34.321 [Thread-4                 ] DEBUG Endpoint             - TCPServer successfully opened connection (1)
20:33:34.325 [TCPServer_SendThread-1   ] DEBUG Writers              - Getting TCPMessageWriter for class java.lang.String
20:33:34.327 [TCPServer_RecvThread-1   ] DEBUG Readers              - Getting TCPMessageReader for class java.lang.String
20:33:34.350 [TCPServer_SendThread-1   ] DEBUG Writers              - Constructed TCPMessageWriter for class java.lang.String: MessageWriterS
20:33:34.350 [TCPServer_RecvThread-1   ] DEBUG Readers              - Constructed MessageReader for class java.lang.String: MessageReaderS
20:33:38.893 [Thread-4                 ] DEBUG Endpoint             - TCPServer opening new connection (2) from /127.0.0.1:63026 type: class java.lang.String
20:33:38.894 [Thread-4                 ] DEBUG Endpoint             - TCPServer successfully opened connection (2)
20:33:38.897 [TCPServer_SendThread-2   ] DEBUG Writers              - Getting TCPMessageWriter for class java.lang.String
20:33:38.897 [TCPServer_RecvThread-2   ] DEBUG Readers              - Getting TCPMessageReader for class java.lang.String
20:33:38.897 [TCPServer_SendThread-2   ] DEBUG Writers              - Constructed TCPMessageWriter for class java.lang.String: MessageWriterS
20:33:38.897 [TCPServer_RecvThread-2   ] DEBUG Readers              - Constructed MessageReader for class java.lang.String: MessageReaderS
20:33:42.190 [JavaFX Application Thread] DEBUG Connection           - Closing connection 2
20:33:42.190 [JavaFX Application Thread] DEBUG Connection           - Connection 2 was correctly closed from local endpoint.
20:33:42.191 [JavaFX Application Thread] DEBUG Input                - Clearing active input actions
20:33:42.193 [JavaFX Application Thread] WARN  Connection           - Attempted to send but connection is not connected
20:33:42.959 [JavaFX Application Thread] DEBUG FXGLApplication      - Exiting FXGL
20:33:42.959 [JavaFX Application Thread] DEBUG LoopRunner           - Stopping loop
20:33:42.959 [JavaFX Application Thread] DEBUG SystemBundleService  - Saving FXGL system data
20:33:42.962 [JavaFX Application Thread] DEBUG FileSystemAccess     - Writing to: C:\Users\parme\OneDrive - University of Brighton\ddp17_modules\#Year 3\CI628 - Multplayer\CI628-PongServer-master\system\fxgl.bundle
20:33:42.963 [JavaFX Application Thread] DEBUG Async                - Shutting down background threads
20:33:42.964 [JavaFX Application Thread] DEBUG MainWindow           - Closing main window
20:33:42.974 [JavaFX Application Thread] DEBUG Logger               - Closing Logger
