16:00:30.679 [main                     ] DEBUG Logger               - Configured Logger
16:00:30.683 [main                     ] DEBUG GameApplication      - Logging settings
Title: Striker
Version: 1.1
Width: 1280
Height: 720
Fullscreen: false
Intro: false
Profiling: false
Single step:false
App Mode: DEBUG
Menu Key: ESCAPE
Stage Style: DECORATED
Scene Factory: class com.almasb.fxgl.app.scene.SceneFactory

16:00:31.150 [JavaFX Application Thread] DEBUG FXGLApplication      - Initializing FXGL
16:00:31.157 [JavaFX Application Thread] INFO  Engine               - FXGL-11.11 (08.09.2020 18.00) on WINDOWS (J:22.0.2 FX:14)
16:00:31.157 [JavaFX Application Thread] DEBUG Engine               - JRE Vendor Name: Amazon.com Inc.
16:00:31.157 [JavaFX Application Thread] DEBUG Engine               - Running on OS: Windows 11 version 10.0
16:00:31.157 [JavaFX Application Thread] DEBUG Engine               - Architecture: amd64
16:00:31.157 [JavaFX Application Thread] INFO  Engine               - Source code and latest versions at: https://github.com/AlmasB/FXGL
16:00:31.158 [JavaFX Application Thread] INFO  Engine               -              Join the FXGL chat at: https://gitter.im/AlmasB/FXGL
16:00:31.264 [JavaFX Application Thread] DEBUG MainWindow           - Creating a JavaFX scene
16:00:31.308 [JavaFX Application Thread] DEBUG MainWindow           - Target settings size: 1280.0 x 720.0
16:00:31.308 [JavaFX Application Thread] DEBUG MainWindow           - Scaled scene size:    1280.0 x 720.0
16:00:31.308 [JavaFX Application Thread] DEBUG MainWindow           - Scaled ratio: (1.0, 1.0)
16:00:31.310 [JavaFX Application Thread] DEBUG MainWindow           - Set initial scene to StartupScene
16:00:31.315 [JavaFX Application Thread] DEBUG MainWindow           - Opening main window
16:00:31.397 [JavaFX Application Thread] DEBUG MainWindow           - Window border size: (14.4000244140625, 37.5999755859375)
16:00:31.397 [JavaFX Application Thread] DEBUG MainWindow           - Scaled size: 1280.0 x 720.0
16:00:31.397 [JavaFX Application Thread] DEBUG MainWindow           - Scaled ratio: (1.0, 1.0)
16:00:31.398 [JavaFX Application Thread] DEBUG MainWindow           - Scene size: 1280.0 x 720.0
16:00:31.398 [JavaFX Application Thread] DEBUG MainWindow           - Stage size: 1294.4000244140625 x 757.5999755859375
16:00:31.406 [FXGL Background Thread 1 ] DEBUG Engine               - Initializing environment variables
16:00:31.476 [FXGL Background Thread 1 ] DEBUG GameApplicationServi - Applying CSS: fxgl_dark.css
16:00:31.477 [FXGL Background Thread 1 ] DEBUG FXGLAssetLoaderServi - Loading from file system: /assets/ui/css/fxgl_dark.css
16:00:31.543 [FXGL Background Thread 1 ] DEBUG GameApplicationServi - Initializing application scenes
16:00:31.590 [FXGL Background Thread 1 ] DEBUG GameWorld            - Game world initialized
16:00:31.682 [FXGL Background Thread 1 ] DEBUG PhysicsWorld         - Physics world initialized: appHeight=720, physics.ppm=50.0
16:00:31.684 [FXGL Background Thread 1 ] DEBUG GameScene            - Game scene initialized: 1280x720
16:00:31.722 [FXGL Background Thread 1 ] DEBUG FXGLAssetLoaderServi - Loading from file system: /assets/textures/particles/trace_horizontal.png
16:00:31.778 [FXGL Background Thread 1 ] DEBUG FXGL.DefaultMenu     - createMenuBodyGameMenu()
16:00:31.796 [FXGL Background Thread 1 ] DEBUG FXGL.DefaultMenu     - createOptionsMenu()
16:00:31.803 [FXGL Background Thread 1 ] DEBUG FXGLAssetLoaderServi - Loading from file system: /assets/textures/particles/smoke.png
16:00:31.871 [FXGL Background Thread 1 ] DEBUG GameApplicationServi - Application scenes initialized
16:00:31.885 [FXGL Background Thread 1 ] DEBUG SystemBundleService  - Loading FXGL system data
16:00:31.891 [FXGL Background Thread 1 ] DEBUG FileSystemAccess     - Reading from: C:\Users\parme\OneDrive - University of Brighton\ddp17_modules\#Year 3\CI628 - Multplayer\CI628-PongServer-master\system\fxgl.bundle
16:00:31.901 [FXGL Background Thread 1 ] DEBUG SystemBundleService  - Bundle FXGL: {}
16:00:31.901 [FXGL Background Thread 1 ] DEBUG UpdaterService       - Checking for updates
16:00:31.907 [FXGL Background Thread 1 ] DEBUG FXGLApplication      - Loading default localization
16:00:31.907 [FXGL Background Thread 4 ] DEBUG FXGLApplication      - Loading fonts
16:00:31.907 [FXGL Background Thread 4 ] DEBUG FXGLAssetLoaderServi - Loading from file system: /assets/ui/fonts/pong.ttf
16:00:31.907 [FXGL Background Thread 1 ] DEBUG FXGLAssetLoaderServi - Loading from file system: /assets/languages/english.lang
16:00:31.928 [FXGL Background Thread 1 ] INFO  FXGLApplication      - FXGL initialization took: 0.522 sec
16:00:31.938 [JavaFX Application Thread] DEBUG Input                - Registered new binding: Up1 - W
16:00:31.938 [JavaFX Application Thread] DEBUG Input                - Registered new binding: Down1 - S
16:00:31.938 [JavaFX Application Thread] DEBUG Input                - Registered new binding: Left1 - A
16:00:31.940 [JavaFX Application Thread] DEBUG Input                - Registered new binding: Right1 - D
16:00:31.940 [JavaFX Application Thread] DEBUG Input                - Registered new binding: Up2 - I
16:00:31.940 [JavaFX Application Thread] DEBUG Input                - Registered new binding: Down2 - K
16:00:31.940 [JavaFX Application Thread] DEBUG Input                - Registered new binding: left2 - J
16:00:31.940 [JavaFX Application Thread] DEBUG Input                - Registered new binding: right2 - L
16:00:31.941 [JavaFX Application Thread] DEBUG Input                - Registered new binding: CloseServer - Backspace
16:00:31.942 [JavaFX Application Thread] DEBUG FXGLAssetLoaderServi - Loading from file system: /assets/textures/fxgl_icon.png
16:00:31.955 [FXGL Background Thread 4 ] DEBUG FXGLAssetLoaderServi - Loading from file system: /assets/ui/fonts/Abel-Regular.ttf
16:00:31.970 [JavaFX Application Thread] DEBUG FXGLAssetLoaderServi - Loading from file system: /assets/ui/cursors/fxgl_default.png
16:00:31.971 [FXGL Background Thread 4 ] DEBUG FXGLAssetLoaderServi - Loading from file system: /assets/ui/fonts/lucida_console.ttf
16:00:31.972 [JavaFX Application Thread] DEBUG Input                - Registered new binding: Screenshot - P
16:00:31.973 [JavaFX Application Thread] DEBUG Input                - Registered new binding: System info dump - CTRL+9
16:00:31.973 [JavaFX Application Thread] DEBUG Input                - Registered new binding: Restart - CTRL+R
16:00:31.974 [JavaFX Application Thread] DEBUG Input                - Registered new binding: Toggle Debug Camera - CTRL+C
16:00:31.977 [JavaFX Application Thread] DEBUG LoopRunner           - Starting loop
16:00:31.978 [JavaFX Application Thread] DEBUG GameApplicationServi - Starting new game
16:00:31.979 [JavaFX Application Thread] DEBUG Input                - Clearing active input actions
16:00:31.990 [FXGL Background Thread 4 ] DEBUG FXGLAssetLoaderServi - Loading from file system: /assets/ui/fonts/Courier-Prime.ttf
16:00:31.993 [JavaFX Application Thread] DEBUG GameApplicationServi - Removing overlay from StartupScene and adding to FXGLLoadingScene
16:00:31.994 [JavaFX Application Thread] DEBUG MainWindow           - StartupScene -> FXGLLoadingScene
16:00:31.994 [JavaFX Application Thread] DEBUG GameApplicationServi - Clearing previous game
16:00:31.994 [JavaFX Application Thread] DEBUG GameScene            - Clearing game scene
16:00:31.994 [JavaFX Application Thread] DEBUG GameWorld            - Clearing game world
16:00:31.994 [JavaFX Application Thread] DEBUG PhysicsWorld         - Clearing physics world
16:00:31.998 [FXGL Background Thread 1 ] DEBUG FXGLApplication      - Initializing game
16:00:32.041 [JavaFX Application Thread] DEBUG FXGLApplication      - Registering font factories with UI factory
16:00:32.051 [FXGL Background Thread 1 ] DEBUG FXGLAssetLoaderServi - Loading from file system: /assets/ui/main.fxml
16:00:32.092 [Thread-4                 ] DEBUG TCPServer            - Starting to listen at: 55555 type: class java.lang.String
16:00:32.154 [FXGL Background Thread 1 ] INFO  FXGLApplication      - Game initialization took: 0.156 sec
16:00:32.181 [JavaFX Application Thread] DEBUG Input                - Clearing active input actions
16:00:32.197 [JavaFX Application Thread] DEBUG GameApplicationServi - Removing overlay from FXGLLoadingScene and adding to GameScene
16:00:32.198 [JavaFX Application Thread] DEBUG MainWindow           - FXGLLoadingScene -> GameScene
16:00:32.974 [FXGL Background Thread 2 ] INFO  UpdaterService       - Your current version:  11.11
16:00:32.974 [FXGL Background Thread 2 ] INFO  UpdaterService       - Latest stable version: 21+dev-SNAPSHOT
16:00:34.906 [FXGL Background Thread 3 ] DEBUG Engine               - Logging environment variables
16:00:34.907 [FXGL Background Thread 3 ] DEBUG Engine               - achievements: []
16:00:34.907 [FXGL Background Thread 3 ] DEBUG Engine               - appIcon: fxgl_icon.png
16:00:34.907 [FXGL Background Thread 3 ] DEBUG Engine               - applicationMode: DEBUG
16:00:34.907 [FXGL Background Thread 3 ] DEBUG Engine               - cSSList: [fxgl_dark.css]
16:00:34.907 [FXGL Background Thread 3 ] DEBUG Engine               - configClass: Optional.empty
16:00:34.908 [FXGL Background Thread 3 ] DEBUG Engine               - credits: []
16:00:34.908 [FXGL Background Thread 3 ] DEBUG Engine               - devBBoxColorProperty: ObjectProperty [value: 0xff0000ff]
16:00:34.908 [FXGL Background Thread 3 ] DEBUG Engine               - devEnableDebugCameraProperty: BooleanProperty [value: false]
16:00:34.908 [FXGL Background Thread 3 ] DEBUG Engine               - devSensorColorProperty: ObjectProperty [value: 0xffff00ff]
16:00:34.909 [FXGL Background Thread 3 ] DEBUG Engine               - devShowBBoxProperty: BooleanProperty [value: false]
16:00:34.909 [FXGL Background Thread 3 ] DEBUG Engine               - devShowPositionProperty: BooleanProperty [value: false]
16:00:34.909 [FXGL Background Thread 3 ] DEBUG Engine               - enabledMenuItems: []
16:00:34.909 [FXGL Background Thread 3 ] DEBUG Engine               - engineServices: [class com.almasb.fxgl.app.FXGLApplication$GameApplicationService, class com.almasb.fxgl.app.services.FXGLDialogService, class com.almasb.fxgl.app.services.IOTaskExecutorService, class com.almasb.fxgl.event.EventBusService, class com.almasb.fxgl.io.FileSystemService, class com.almasb.fxgl.localization.LocalizationService, class com.almasb.fxgl.app.services.FXGLAssetLoaderService, class com.almasb.fxgl.app.services.SystemBundleService, class com.almasb.fxgl.profile.SaveLoadService, class com.almasb.fxgl.ui.FXGLUIFactoryServiceProvider, class com.almasb.fxgl.ui.FXGLDialogFactoryServiceProvider, class com.almasb.fxgl.audio.AudioPlayer, class com.almasb.fxgl.notification.impl.NotificationServiceProvider, class com.almasb.fxgl.achievement.AchievementService, class com.almasb.fxgl.cutscene.CutsceneService, class com.almasb.fxgl.minigames.MiniGameService, class com.almasb.fxgl.net.NetService, class com.almasb.fxgl.app.services.UpdaterService, class com.almasb.fxgl.dev.DevService]
16:00:34.909 [FXGL Background Thread 3 ] DEBUG Engine               - fontGame: Abel-Regular.ttf
16:00:34.909 [FXGL Background Thread 3 ] DEBUG Engine               - fontMono: lucida_console.ttf
16:00:34.910 [FXGL Background Thread 3 ] DEBUG Engine               - fontText: Courier-Prime.ttf
16:00:34.910 [FXGL Background Thread 3 ] DEBUG Engine               - fontUI: pong.ttf
16:00:34.910 [FXGL Background Thread 3 ] DEBUG Engine               - fullScreen: BooleanProperty [value: false]
16:00:34.910 [FXGL Background Thread 3 ] DEBUG Engine               - gameDifficulty: MEDIUM
16:00:34.910 [FXGL Background Thread 3 ] DEBUG Engine               - gameDifficultyProperty: ObjectProperty [value: MEDIUM]
16:00:34.910 [FXGL Background Thread 3 ] DEBUG Engine               - globalMusicVolume: 0.5
16:00:34.910 [FXGL Background Thread 3 ] DEBUG Engine               - globalMusicVolumeProperty: DoubleProperty [value: 0.5]
16:00:34.911 [FXGL Background Thread 3 ] DEBUG Engine               - globalSoundVolume: 0.5
16:00:34.911 [FXGL Background Thread 3 ] DEBUG Engine               - globalSoundVolumeProperty: DoubleProperty [value: 0.5]
16:00:34.911 [FXGL Background Thread 3 ] DEBUG Engine               - height: 720
16:00:34.911 [FXGL Background Thread 3 ] DEBUG Engine               - isAndroid: false
16:00:34.911 [FXGL Background Thread 3 ] DEBUG Engine               - isBrowser: false
16:00:34.911 [FXGL Background Thread 3 ] DEBUG Engine               - isClickFeedbackEnabled: false
16:00:34.911 [FXGL Background Thread 3 ] DEBUG Engine               - isCloseConfirmation: false
16:00:34.911 [FXGL Background Thread 3 ] DEBUG Engine               - isDesktop: true
16:00:34.911 [FXGL Background Thread 3 ] DEBUG Engine               - isDeveloperMenuEnabled: false
16:00:34.912 [FXGL Background Thread 3 ] DEBUG Engine               - isEntityPreloadEnabled: true
16:00:34.912 [FXGL Background Thread 3 ] DEBUG Engine               - isExperimentalNative: false
16:00:34.912 [FXGL Background Thread 3 ] DEBUG Engine               - isExperimentalTiledLargeMap: false
16:00:34.912 [FXGL Background Thread 3 ] DEBUG Engine               - isFileSystemWriteAllowed: true
16:00:34.912 [FXGL Background Thread 3 ] DEBUG Engine               - isFullScreenAllowed: false
16:00:34.912 [FXGL Background Thread 3 ] DEBUG Engine               - isFullScreenFromStart: false
16:00:34.912 [FXGL Background Thread 3 ] DEBUG Engine               - isGameMenuEnabled: true
16:00:34.912 [FXGL Background Thread 3 ] DEBUG Engine               - isIOS: false
16:00:34.912 [FXGL Background Thread 3 ] DEBUG Engine               - isIntroEnabled: false
16:00:34.913 [FXGL Background Thread 3 ] DEBUG Engine               - isLinux: false
16:00:34.913 [FXGL Background Thread 3 ] DEBUG Engine               - isMac: false
16:00:34.913 [FXGL Background Thread 3 ] DEBUG Engine               - isMainMenuEnabled: false
16:00:34.913 [FXGL Background Thread 3 ] DEBUG Engine               - isManualResizeEnabled: false
16:00:34.913 [FXGL Background Thread 3 ] DEBUG Engine               - isMobile: false
16:00:34.913 [FXGL Background Thread 3 ] DEBUG Engine               - isPreserveResizeRatio: false
16:00:34.913 [FXGL Background Thread 3 ] DEBUG Engine               - isProfilingEnabled: false
16:00:34.913 [FXGL Background Thread 3 ] DEBUG Engine               - isSingleStep: false
16:00:34.913 [FXGL Background Thread 3 ] DEBUG Engine               - isUserProfileEnabled: false
16:00:34.914 [FXGL Background Thread 3 ] DEBUG Engine               - isWindows: true
16:00:34.914 [FXGL Background Thread 3 ] DEBUG Engine               - language: ObjectProperty [value: ENGLISH]
16:00:34.914 [FXGL Background Thread 3 ] DEBUG Engine               - menuKey: ESCAPE
16:00:34.914 [FXGL Background Thread 3 ] DEBUG Engine               - notificationViewClass: class com.almasb.fxgl.notification.view.XboxNotificationView
16:00:34.914 [FXGL Background Thread 3 ] DEBUG Engine               - pixelsPerMeter: 50.0
16:00:34.914 [FXGL Background Thread 3 ] DEBUG Engine               - platform: WINDOWS
16:00:34.914 [FXGL Background Thread 3 ] DEBUG Engine               - profileDir: profiles/
16:00:34.915 [FXGL Background Thread 3 ] DEBUG Engine               - profileName: StringProperty [value: DEFAULT]
16:00:34.915 [FXGL Background Thread 3 ] DEBUG Engine               - randomSeed: -1
16:00:34.915 [FXGL Background Thread 3 ] DEBUG Engine               - runtimeInfo: RuntimeInfo(platform=WINDOWS, version=11.11, build=08.09.2020 18.00)
16:00:34.915 [FXGL Background Thread 3 ] DEBUG Engine               - saveFileExt: sav
16:00:34.915 [FXGL Background Thread 3 ] DEBUG Engine               - sceneFactory: com.almasb.fxgl.app.scene.SceneFactory@61dae62a
16:00:34.915 [FXGL Background Thread 3 ] DEBUG Engine               - secondsIn24h: 60
16:00:34.915 [FXGL Background Thread 3 ] DEBUG Engine               - soundMenuBack: menu/back.wav
16:00:34.915 [FXGL Background Thread 3 ] DEBUG Engine               - soundMenuPress: menu/press.wav
16:00:34.915 [FXGL Background Thread 3 ] DEBUG Engine               - soundMenuSelect: menu/select.wav
16:00:34.915 [FXGL Background Thread 3 ] DEBUG Engine               - soundNotification: core/notification.wav
16:00:34.915 [FXGL Background Thread 3 ] DEBUG Engine               - stageStyle: DECORATED
16:00:34.916 [FXGL Background Thread 3 ] DEBUG Engine               - supportedLanguages: [ENGLISH, FRENCH, GERMAN, HUNGARIAN, RUSSIAN]
16:00:34.916 [FXGL Background Thread 3 ] DEBUG Engine               - title: Striker
16:00:34.916 [FXGL Background Thread 3 ] DEBUG Engine               - urlGithub: https://github.com/AlmasB/FXGL
16:00:34.916 [FXGL Background Thread 3 ] DEBUG Engine               - urlLeaderboard: http://fxgl-top.herokuapp.com/
16:00:34.916 [FXGL Background Thread 3 ] DEBUG Engine               - urlPOM: https://raw.githubusercontent.com/AlmasB/FXGL/master/pom.xml
16:00:34.916 [FXGL Background Thread 3 ] DEBUG Engine               - version: 1.1
16:00:34.916 [FXGL Background Thread 3 ] DEBUG Engine               - versionCheckDays: 7
16:00:34.916 [FXGL Background Thread 3 ] DEBUG Engine               - width: 1280
16:00:34.917 [FXGL Background Thread 3 ] DEBUG Engine               - Logging services
16:00:34.917 [FXGL Background Thread 3 ] DEBUG Engine               - class com.almasb.fxgl.app.FXGLApplication$GameApplicationService
16:00:34.917 [FXGL Background Thread 3 ] DEBUG Engine               - class com.almasb.fxgl.app.services.FXGLDialogService
16:00:34.917 [FXGL Background Thread 3 ] DEBUG Engine               - class com.almasb.fxgl.app.services.IOTaskExecutorService
16:00:34.917 [FXGL Background Thread 3 ] DEBUG Engine               - class com.almasb.fxgl.event.EventBusService
16:00:34.917 [FXGL Background Thread 3 ] DEBUG Engine               - class com.almasb.fxgl.io.FileSystemService
16:00:34.917 [FXGL Background Thread 3 ] DEBUG Engine               - class com.almasb.fxgl.localization.LocalizationService
16:00:34.917 [FXGL Background Thread 3 ] DEBUG Engine               - class com.almasb.fxgl.app.services.FXGLAssetLoaderService
16:00:34.917 [FXGL Background Thread 3 ] DEBUG Engine               - class com.almasb.fxgl.app.services.SystemBundleService
16:00:34.917 [FXGL Background Thread 3 ] DEBUG Engine               - class com.almasb.fxgl.profile.SaveLoadService
16:00:34.917 [FXGL Background Thread 3 ] DEBUG Engine               - class com.almasb.fxgl.ui.FXGLUIFactoryServiceProvider
16:00:34.918 [FXGL Background Thread 3 ] DEBUG Engine               - class com.almasb.fxgl.ui.FXGLDialogFactoryServiceProvider
16:00:34.918 [FXGL Background Thread 3 ] DEBUG Engine               - class com.almasb.fxgl.audio.AudioPlayer
16:00:34.918 [FXGL Background Thread 3 ] DEBUG Engine               - class com.almasb.fxgl.notification.impl.NotificationServiceProvider
16:00:34.919 [FXGL Background Thread 3 ] DEBUG Engine               - class com.almasb.fxgl.achievement.AchievementService
16:00:34.919 [FXGL Background Thread 3 ] DEBUG Engine               - class com.almasb.fxgl.cutscene.CutsceneService
16:00:34.919 [FXGL Background Thread 3 ] DEBUG Engine               - class com.almasb.fxgl.minigames.MiniGameService
16:00:34.919 [FXGL Background Thread 3 ] DEBUG Engine               - class com.almasb.fxgl.net.NetService
16:00:34.919 [FXGL Background Thread 3 ] DEBUG Engine               - class com.almasb.fxgl.app.services.UpdaterService
16:00:34.919 [FXGL Background Thread 3 ] DEBUG Engine               - class com.almasb.fxgl.dev.DevService
16:00:42.068 [Thread-4                 ] DEBUG Endpoint             - TCPServer opening new connection (1) from /127.0.0.1:55123 type: class java.lang.String
16:00:42.069 [Thread-4                 ] DEBUG Endpoint             - TCPServer successfully opened connection (1)
16:00:42.074 [TCPServer_SendThread-1   ] DEBUG Writers              - Getting TCPMessageWriter for class java.lang.String
16:00:42.082 [TCPServer_RecvThread-1   ] DEBUG Readers              - Getting TCPMessageReader for class java.lang.String
16:00:42.108 [TCPServer_RecvThread-1   ] DEBUG Readers              - Constructed MessageReader for class java.lang.String: MessageReaderS
16:00:42.141 [TCPServer_SendThread-1   ] DEBUG Writers              - Constructed TCPMessageWriter for class java.lang.String: MessageWriterS
16:00:43.610 [Thread-4                 ] DEBUG Endpoint             - TCPServer opening new connection (2) from /127.0.0.1:55124 type: class java.lang.String
16:00:43.611 [Thread-4                 ] DEBUG Endpoint             - TCPServer successfully opened connection (2)
16:00:43.611 [TCPServer_RecvThread-2   ] DEBUG Readers              - Getting TCPMessageReader for class java.lang.String
16:00:43.611 [TCPServer_SendThread-2   ] DEBUG Writers              - Constructed TCPMessageWriter for class java.lang.String: MessageWriterS
16:00:43.611 [TCPServer_RecvThread-2   ] DEBUG Readers              - Constructed MessageReader for class java.lang.String: MessageReaderS
16:00:47.392 [JavaFX Application Thread] DEBUG FXGLApplication      - Exiting FXGL
16:00:47.392 [JavaFX Application Thread] DEBUG LoopRunner           - Stopping loop
16:00:47.392 [JavaFX Application Thread] DEBUG SystemBundleService  - Saving FXGL system data
16:00:47.395 [JavaFX Application Thread] DEBUG FileSystemAccess     - Writing to: C:\Users\parme\OneDrive - University of Brighton\ddp17_modules\#Year 3\CI628 - Multplayer\CI628-PongServer-master\system\fxgl.bundle
16:00:47.396 [JavaFX Application Thread] DEBUG Async                - Shutting down background threads
16:00:47.396 [JavaFX Application Thread] DEBUG MainWindow           - Closing main window
16:00:47.406 [JavaFX Application Thread] DEBUG Logger               - Closing Logger
