18:27:55.240 [main                     ] DEBUG Logger               - Configured Logger
18:27:55.252 [main                     ] DEBUG GameApplication      - Logging settings
Title: Striker
Version: 1.1
Width: 1280
Height: 720
Fullscreen: false
Intro: false
Profiling: false
Single step:false
App Mode: DEBUG
Menu Key: ESCAPE
Stage Style: DECORATED
Scene Factory: class com.almasb.fxgl.app.scene.SceneFactory

18:27:56.354 [JavaFX Application Thread] DEBUG FXGLApplication      - Initializing FXGL
18:27:56.368 [JavaFX Application Thread] INFO  Engine               - FXGL-11.11 (08.09.2020 18.00) on WINDOWS (J:22.0.2 FX:14)
18:27:56.369 [JavaFX Application Thread] DEBUG Engine               - JRE Vendor Name: Amazon.com Inc.
18:27:56.369 [JavaFX Application Thread] DEBUG Engine               - Running on OS: Windows 11 version 10.0
18:27:56.370 [JavaFX Application Thread] DEBUG Engine               - Architecture: amd64
18:27:56.370 [JavaFX Application Thread] INFO  Engine               - Source code and latest versions at: https://github.com/AlmasB/FXGL
18:27:56.370 [JavaFX Application Thread] INFO  Engine               -              Join the FXGL chat at: https://gitter.im/AlmasB/FXGL
18:27:56.596 [JavaFX Application Thread] DEBUG MainWindow           - Creating a JavaFX scene
18:27:56.711 [JavaFX Application Thread] DEBUG MainWindow           - Target settings size: 1280.0 x 720.0
18:27:56.711 [JavaFX Application Thread] DEBUG MainWindow           - Scaled scene size:    1280.0 x 720.0
18:27:56.711 [JavaFX Application Thread] DEBUG MainWindow           - Scaled ratio: (1.0, 1.0)
18:27:56.713 [JavaFX Application Thread] DEBUG MainWindow           - Set initial scene to StartupScene
18:27:56.727 [JavaFX Application Thread] DEBUG MainWindow           - Opening main window
18:27:56.903 [JavaFX Application Thread] DEBUG MainWindow           - Window border size: (16.0, 39.0)
18:27:56.904 [JavaFX Application Thread] DEBUG MainWindow           - Scaled size: 1280.0 x 720.0
18:27:56.904 [JavaFX Application Thread] DEBUG MainWindow           - Scaled ratio: (1.0, 1.0)
18:27:56.905 [JavaFX Application Thread] DEBUG MainWindow           - Scene size: 1280.0 x 720.0
18:27:56.905 [JavaFX Application Thread] DEBUG MainWindow           - Stage size: 1296.0 x 759.0
18:27:56.923 [FXGL Background Thread 1 ] DEBUG Engine               - Initializing environment variables
18:27:57.038 [FXGL Background Thread 1 ] DEBUG GameApplicationServi - Applying CSS: fxgl_dark.css
18:27:57.039 [FXGL Background Thread 1 ] DEBUG FXGLAssetLoaderServi - Loading from file system: /assets/ui/css/fxgl_dark.css
18:27:57.169 [FXGL Background Thread 1 ] DEBUG GameApplicationServi - Initializing application scenes
18:27:57.251 [FXGL Background Thread 1 ] DEBUG GameWorld            - Game world initialized
18:27:57.470 [FXGL Background Thread 1 ] DEBUG PhysicsWorld         - Physics world initialized: appHeight=720, physics.ppm=50.0
18:27:57.475 [FXGL Background Thread 1 ] DEBUG GameScene            - Game scene initialized: 1280x720
18:27:57.561 [FXGL Background Thread 1 ] DEBUG FXGLAssetLoaderServi - Loading from file system: /assets/textures/particles/trace_horizontal.png
18:27:57.679 [FXGL Background Thread 1 ] DEBUG FXGL.DefaultMenu     - createMenuBodyGameMenu()
18:27:57.716 [FXGL Background Thread 1 ] DEBUG FXGL.DefaultMenu     - createOptionsMenu()
18:27:57.730 [FXGL Background Thread 1 ] DEBUG FXGLAssetLoaderServi - Loading from file system: /assets/textures/particles/smoke.png
18:27:57.881 [FXGL Background Thread 1 ] DEBUG GameApplicationServi - Application scenes initialized
18:27:57.905 [FXGL Background Thread 1 ] DEBUG SystemBundleService  - Loading FXGL system data
18:27:57.917 [FXGL Background Thread 1 ] DEBUG FileSystemAccess     - Reading from: C:\Users\parme\OneDrive - University of Brighton\ddp17_modules\#Year 3\CI628 - Multplayer\CI628-PongServer-master\system\fxgl.bundle
18:27:57.938 [FXGL Background Thread 1 ] DEBUG SystemBundleService  - Bundle FXGL: {}
18:27:57.938 [FXGL Background Thread 1 ] DEBUG UpdaterService       - Checking for updates
18:27:57.948 [FXGL Background Thread 4 ] DEBUG FXGLApplication      - Loading fonts
18:27:57.948 [FXGL Background Thread 1 ] DEBUG FXGLApplication      - Loading default localization
18:27:57.949 [FXGL Background Thread 4 ] DEBUG FXGLAssetLoaderServi - Loading from file system: /assets/ui/fonts/pong.ttf
18:27:57.950 [FXGL Background Thread 1 ] DEBUG FXGLAssetLoaderServi - Loading from file system: /assets/languages/english.lang
18:27:57.988 [FXGL Background Thread 1 ] INFO  FXGLApplication      - FXGL initialization took: 1.065 sec
18:27:58.010 [JavaFX Application Thread] DEBUG Input                - Registered new binding: Up1 - W
18:27:58.011 [JavaFX Application Thread] DEBUG Input                - Registered new binding: Down1 - S
18:27:58.012 [JavaFX Application Thread] DEBUG Input                - Registered new binding: Left1 - A
18:27:58.012 [JavaFX Application Thread] DEBUG Input                - Registered new binding: Right1 - D
18:27:58.012 [JavaFX Application Thread] DEBUG Input                - Registered new binding: Up2 - I
18:27:58.013 [JavaFX Application Thread] DEBUG Input                - Registered new binding: Down2 - K
18:27:58.013 [JavaFX Application Thread] DEBUG Input                - Registered new binding: left2 - J
18:27:58.014 [JavaFX Application Thread] DEBUG Input                - Registered new binding: right2 - L
18:27:58.014 [JavaFX Application Thread] DEBUG FXGLAssetLoaderServi - Loading from file system: /assets/textures/fxgl_icon.png
18:27:58.048 [FXGL Background Thread 4 ] DEBUG FXGLAssetLoaderServi - Loading from file system: /assets/ui/fonts/Abel-Regular.ttf
18:27:58.066 [JavaFX Application Thread] DEBUG FXGLAssetLoaderServi - Loading from file system: /assets/ui/cursors/fxgl_default.png
18:27:58.072 [JavaFX Application Thread] DEBUG Input                - Registered new binding: Screenshot - P
18:27:58.073 [JavaFX Application Thread] DEBUG Input                - Registered new binding: System info dump - CTRL+9
18:27:58.074 [JavaFX Application Thread] DEBUG Input                - Registered new binding: Restart - CTRL+R
18:27:58.076 [JavaFX Application Thread] DEBUG Input                - Registered new binding: Toggle Debug Camera - CTRL+C
18:27:58.079 [FXGL Background Thread 4 ] DEBUG FXGLAssetLoaderServi - Loading from file system: /assets/ui/fonts/lucida_console.ttf
18:27:58.081 [JavaFX Application Thread] DEBUG LoopRunner           - Starting loop
18:27:58.083 [JavaFX Application Thread] DEBUG GameApplicationServi - Starting new game
18:27:58.084 [JavaFX Application Thread] DEBUG Input                - Clearing active input actions
18:27:58.111 [JavaFX Application Thread] DEBUG GameApplicationServi - Removing overlay from StartupScene and adding to FXGLLoadingScene
18:27:58.113 [JavaFX Application Thread] DEBUG MainWindow           - StartupScene -> FXGLLoadingScene
18:27:58.113 [JavaFX Application Thread] DEBUG GameApplicationServi - Clearing previous game
18:27:58.113 [JavaFX Application Thread] DEBUG GameScene            - Clearing game scene
18:27:58.114 [JavaFX Application Thread] DEBUG GameWorld            - Clearing game world
18:27:58.114 [JavaFX Application Thread] DEBUG PhysicsWorld         - Clearing physics world
18:27:58.117 [FXGL Background Thread 4 ] DEBUG FXGLAssetLoaderServi - Loading from file system: /assets/ui/fonts/Courier-Prime.ttf
18:27:58.117 [FXGL Background Thread 1 ] DEBUG FXGLApplication      - Initializing game
18:27:58.220 [JavaFX Application Thread] DEBUG FXGLApplication      - Registering font factories with UI factory
18:27:58.262 [FXGL Background Thread 1 ] DEBUG FXGLAssetLoaderServi - Loading from file system: /assets/ui/main.fxml
18:27:58.293 [Thread-4                 ] DEBUG TCPServer            - Starting to listen at: 55555 type: class java.lang.String
18:27:58.296 [Thread-4                 ] WARN  IOTask               - ServerStart failed Error: java.lang.RuntimeException: Failed to start: Address already in use: bind
18:27:58.397 [JavaFX Application Thread] DEBUG FXGLApplication      - Exiting FXGL
18:27:58.403 [JavaFX Application Thread] DEBUG LoopRunner           - Stopping loop
18:27:58.403 [JavaFX Application Thread] DEBUG SystemBundleService  - Saving FXGL system data
18:27:58.409 [JavaFX Application Thread] DEBUG FileSystemAccess     - Writing to: C:\Users\parme\OneDrive - University of Brighton\ddp17_modules\#Year 3\CI628 - Multplayer\CI628-PongServer-master\system\fxgl.bundle
18:27:58.416 [JavaFX Application Thread] DEBUG Async                - Shutting down background threads
18:27:58.419 [JavaFX Application Thread] DEBUG MainWindow           - Closing main window
18:27:58.532 [JavaFX Application Thread] DEBUG Logger               - Closing Logger
18:27:58.539 [FXGL Background Thread 1 ] INFO  FXGLApplication      - Game initialization took: 0.421 sec
