12:31:07.962 [main                     ] DEBUG Logger               - Configured Logger
12:31:07.966 [main                     ] DEBUG GameApplication      - Logging settings
Title: Striker
Version: 1.1
Width: 1280
Height: 720
Fullscreen: false
Intro: false
Profiling: false
Single step:false
App Mode: DEBUG
Menu Key: ESCAPE
Stage Style: DECORATED
Scene Factory: class com.almasb.fxgl.app.scene.SceneFactory

12:31:08.361 [JavaFX Application Thread] DEBUG FXGLApplication      - Initializing FXGL
12:31:08.365 [JavaFX Application Thread] INFO  Engine               - FXGL-11.11 (08.09.2020 18.00) on WINDOWS (J:22.0.2 FX:14)
12:31:08.366 [JavaFX Application Thread] DEBUG Engine               - JRE Vendor Name: Amazon.com Inc.
12:31:08.366 [JavaFX Application Thread] DEBUG Engine               - Running on OS: Windows 11 version 10.0
12:31:08.366 [JavaFX Application Thread] DEBUG Engine               - Architecture: amd64
12:31:08.366 [JavaFX Application Thread] INFO  Engine               - Source code and latest versions at: https://github.com/AlmasB/FXGL
12:31:08.366 [JavaFX Application Thread] INFO  Engine               -              Join the FXGL chat at: https://gitter.im/AlmasB/FXGL
12:31:08.436 [JavaFX Application Thread] DEBUG MainWindow           - Creating a JavaFX scene
12:31:08.472 [JavaFX Application Thread] DEBUG MainWindow           - Target settings size: 1280.0 x 720.0
12:31:08.472 [JavaFX Application Thread] DEBUG MainWindow           - Scaled scene size:    1280.0 x 720.0
12:31:08.472 [JavaFX Application Thread] DEBUG MainWindow           - Scaled ratio: (1.0, 1.0)
12:31:08.474 [JavaFX Application Thread] DEBUG MainWindow           - Set initial scene to StartupScene
12:31:08.478 [JavaFX Application Thread] DEBUG MainWindow           - Opening main window
12:31:08.547 [JavaFX Application Thread] DEBUG MainWindow           - Window border size: (16.0, 39.0)
12:31:08.548 [JavaFX Application Thread] DEBUG MainWindow           - Scaled size: 1280.0 x 720.0
12:31:08.548 [JavaFX Application Thread] DEBUG MainWindow           - Scaled ratio: (1.0, 1.0)
12:31:08.548 [JavaFX Application Thread] DEBUG MainWindow           - Scene size: 1280.0 x 720.0
12:31:08.548 [JavaFX Application Thread] DEBUG MainWindow           - Stage size: 1296.0 x 759.0
12:31:08.554 [FXGL Background Thread 1 ] DEBUG Engine               - Initializing environment variables
12:31:08.601 [FXGL Background Thread 1 ] DEBUG GameApplicationServi - Applying CSS: fxgl_dark.css
12:31:08.601 [FXGL Background Thread 1 ] DEBUG FXGLAssetLoaderServi - Loading from file system: /assets/ui/css/fxgl_dark.css
12:31:08.652 [FXGL Background Thread 1 ] DEBUG GameApplicationServi - Initializing application scenes
12:31:08.687 [FXGL Background Thread 1 ] DEBUG GameWorld            - Game world initialized
12:31:08.766 [FXGL Background Thread 1 ] DEBUG PhysicsWorld         - Physics world initialized: appHeight=720, physics.ppm=50.0
12:31:08.768 [FXGL Background Thread 1 ] DEBUG GameScene            - Game scene initialized: 1280x720
12:31:08.799 [FXGL Background Thread 1 ] DEBUG FXGLAssetLoaderServi - Loading from file system: /assets/textures/particles/trace_horizontal.png
12:31:08.842 [FXGL Background Thread 1 ] DEBUG FXGL.DefaultMenu     - createMenuBodyGameMenu()
12:31:08.857 [FXGL Background Thread 1 ] DEBUG FXGL.DefaultMenu     - createOptionsMenu()
12:31:08.862 [FXGL Background Thread 1 ] DEBUG FXGLAssetLoaderServi - Loading from file system: /assets/textures/particles/smoke.png
12:31:08.911 [FXGL Background Thread 1 ] DEBUG GameApplicationServi - Application scenes initialized
12:31:08.923 [FXGL Background Thread 1 ] DEBUG SystemBundleService  - Loading FXGL system data
12:31:08.928 [FXGL Background Thread 1 ] DEBUG FileSystemAccess     - Reading from: C:\Users\parme\OneDrive - University of Brighton\ddp17_modules\#Year 3\CI628 - Multplayer\CI628-PongServer-master\system\fxgl.bundle
12:31:08.937 [FXGL Background Thread 1 ] DEBUG SystemBundleService  - Bundle FXGL: {}
12:31:08.937 [FXGL Background Thread 1 ] DEBUG UpdaterService       - Checking for updates
12:31:08.940 [FXGL Background Thread 4 ] DEBUG FXGLApplication      - Loading fonts
12:31:08.941 [FXGL Background Thread 4 ] DEBUG FXGLAssetLoaderServi - Loading from file system: /assets/ui/fonts/pong.ttf
12:31:08.941 [FXGL Background Thread 1 ] DEBUG FXGLApplication      - Loading default localization
12:31:08.941 [FXGL Background Thread 1 ] DEBUG FXGLAssetLoaderServi - Loading from file system: /assets/languages/english.lang
12:31:08.954 [FXGL Background Thread 1 ] INFO  FXGLApplication      - FXGL initialization took: 0.400 sec
12:31:08.963 [JavaFX Application Thread] DEBUG Input                - Registered new binding: Up1 - W
12:31:08.963 [JavaFX Application Thread] DEBUG Input                - Registered new binding: Down1 - S
12:31:08.963 [JavaFX Application Thread] DEBUG Input                - Registered new binding: Left1 - A
12:31:08.964 [JavaFX Application Thread] DEBUG Input                - Registered new binding: Right1 - D
12:31:08.964 [JavaFX Application Thread] DEBUG Input                - Registered new binding: Up2 - I
12:31:08.964 [JavaFX Application Thread] DEBUG Input                - Registered new binding: Down2 - K
12:31:08.964 [JavaFX Application Thread] DEBUG Input                - Registered new binding: left2 - J
12:31:08.964 [JavaFX Application Thread] DEBUG Input                - Registered new binding: right2 - L
12:31:08.964 [JavaFX Application Thread] DEBUG FXGLAssetLoaderServi - Loading from file system: /assets/textures/fxgl_icon.png
12:31:08.980 [FXGL Background Thread 4 ] DEBUG FXGLAssetLoaderServi - Loading from file system: /assets/ui/fonts/Abel-Regular.ttf
12:31:08.986 [JavaFX Application Thread] DEBUG FXGLAssetLoaderServi - Loading from file system: /assets/ui/cursors/fxgl_default.png
12:31:08.988 [JavaFX Application Thread] DEBUG Input                - Registered new binding: Screenshot - P
12:31:08.989 [JavaFX Application Thread] DEBUG Input                - Registered new binding: System info dump - CTRL+9
12:31:08.989 [JavaFX Application Thread] DEBUG Input                - Registered new binding: Restart - CTRL+R
12:31:08.990 [JavaFX Application Thread] DEBUG Input                - Registered new binding: Toggle Debug Camera - CTRL+C
12:31:08.993 [JavaFX Application Thread] DEBUG LoopRunner           - Starting loop
12:31:08.994 [JavaFX Application Thread] DEBUG GameApplicationServi - Starting new game
12:31:08.994 [FXGL Background Thread 4 ] DEBUG FXGLAssetLoaderServi - Loading from file system: /assets/ui/fonts/lucida_console.ttf
12:31:08.994 [JavaFX Application Thread] DEBUG Input                - Clearing active input actions
12:31:09.006 [JavaFX Application Thread] DEBUG GameApplicationServi - Removing overlay from StartupScene and adding to FXGLLoadingScene
12:31:09.006 [JavaFX Application Thread] DEBUG MainWindow           - StartupScene -> FXGLLoadingScene
12:31:09.006 [JavaFX Application Thread] DEBUG GameApplicationServi - Clearing previous game
12:31:09.006 [JavaFX Application Thread] DEBUG GameScene            - Clearing game scene
12:31:09.007 [JavaFX Application Thread] DEBUG GameWorld            - Clearing game world
12:31:09.007 [JavaFX Application Thread] DEBUG PhysicsWorld         - Clearing physics world
12:31:09.009 [FXGL Background Thread 1 ] DEBUG FXGLApplication      - Initializing game
12:31:09.011 [FXGL Background Thread 4 ] DEBUG FXGLAssetLoaderServi - Loading from file system: /assets/ui/fonts/Courier-Prime.ttf
12:31:09.049 [JavaFX Application Thread] DEBUG FXGLApplication      - Registering font factories with UI factory
12:31:09.056 [FXGL Background Thread 1 ] DEBUG FXGLAssetLoaderServi - Loading from file system: /assets/ui/main.fxml
12:31:09.060 [Thread-4                 ] DEBUG TCPServer            - Starting to listen at: 55555 type: class java.lang.String
12:31:09.155 [FXGL Background Thread 1 ] INFO  FXGLApplication      - Game initialization took: 0.146 sec
12:31:09.160 [JavaFX Application Thread] DEBUG Input                - Clearing active input actions
12:31:09.170 [JavaFX Application Thread] DEBUG GameApplicationServi - Removing overlay from FXGLLoadingScene and adding to GameScene
12:31:09.171 [JavaFX Application Thread] DEBUG MainWindow           - FXGLLoadingScene -> GameScene
12:31:09.429 [FXGL Background Thread 2 ] INFO  UpdaterService       - Your current version:  11.11
12:31:09.429 [FXGL Background Thread 2 ] INFO  UpdaterService       - Latest stable version: 21+dev-SNAPSHOT
12:31:11.941 [FXGL Background Thread 3 ] DEBUG Engine               - Logging environment variables
12:31:11.941 [FXGL Background Thread 3 ] DEBUG Engine               - achievements: []
12:31:11.941 [FXGL Background Thread 3 ] DEBUG Engine               - appIcon: fxgl_icon.png
12:31:11.941 [FXGL Background Thread 3 ] DEBUG Engine               - applicationMode: DEBUG
12:31:11.941 [FXGL Background Thread 3 ] DEBUG Engine               - cSSList: [fxgl_dark.css]
12:31:11.941 [FXGL Background Thread 3 ] DEBUG Engine               - configClass: Optional.empty
12:31:11.942 [FXGL Background Thread 3 ] DEBUG Engine               - credits: []
12:31:11.942 [FXGL Background Thread 3 ] DEBUG Engine               - devBBoxColorProperty: ObjectProperty [value: 0xff0000ff]
12:31:11.942 [FXGL Background Thread 3 ] DEBUG Engine               - devEnableDebugCameraProperty: BooleanProperty [value: false]
12:31:11.942 [FXGL Background Thread 3 ] DEBUG Engine               - devSensorColorProperty: ObjectProperty [value: 0xffff00ff]
12:31:11.942 [FXGL Background Thread 3 ] DEBUG Engine               - devShowBBoxProperty: BooleanProperty [value: false]
12:31:11.942 [FXGL Background Thread 3 ] DEBUG Engine               - devShowPositionProperty: BooleanProperty [value: false]
12:31:11.942 [FXGL Background Thread 3 ] DEBUG Engine               - enabledMenuItems: []
12:31:11.942 [FXGL Background Thread 3 ] DEBUG Engine               - engineServices: [class com.almasb.fxgl.app.FXGLApplication$GameApplicationService, class com.almasb.fxgl.app.services.FXGLDialogService, class com.almasb.fxgl.app.services.IOTaskExecutorService, class com.almasb.fxgl.event.EventBusService, class com.almasb.fxgl.io.FileSystemService, class com.almasb.fxgl.localization.LocalizationService, class com.almasb.fxgl.app.services.FXGLAssetLoaderService, class com.almasb.fxgl.app.services.SystemBundleService, class com.almasb.fxgl.profile.SaveLoadService, class com.almasb.fxgl.ui.FXGLUIFactoryServiceProvider, class com.almasb.fxgl.ui.FXGLDialogFactoryServiceProvider, class com.almasb.fxgl.audio.AudioPlayer, class com.almasb.fxgl.notification.impl.NotificationServiceProvider, class com.almasb.fxgl.achievement.AchievementService, class com.almasb.fxgl.cutscene.CutsceneService, class com.almasb.fxgl.minigames.MiniGameService, class com.almasb.fxgl.net.NetService, class com.almasb.fxgl.app.services.UpdaterService, class com.almasb.fxgl.dev.DevService]
12:31:11.942 [FXGL Background Thread 3 ] DEBUG Engine               - fontGame: Abel-Regular.ttf
12:31:11.942 [FXGL Background Thread 3 ] DEBUG Engine               - fontMono: lucida_console.ttf
12:31:11.942 [FXGL Background Thread 3 ] DEBUG Engine               - fontText: Courier-Prime.ttf
12:31:11.942 [FXGL Background Thread 3 ] DEBUG Engine               - fontUI: pong.ttf
12:31:11.942 [FXGL Background Thread 3 ] DEBUG Engine               - fullScreen: BooleanProperty [value: false]
12:31:11.943 [FXGL Background Thread 3 ] DEBUG Engine               - gameDifficulty: MEDIUM
12:31:11.943 [FXGL Background Thread 3 ] DEBUG Engine               - gameDifficultyProperty: ObjectProperty [value: MEDIUM]
12:31:11.943 [FXGL Background Thread 3 ] DEBUG Engine               - globalMusicVolume: 0.5
12:31:11.943 [FXGL Background Thread 3 ] DEBUG Engine               - globalMusicVolumeProperty: DoubleProperty [value: 0.5]
12:31:11.943 [FXGL Background Thread 3 ] DEBUG Engine               - globalSoundVolume: 0.5
12:31:11.943 [FXGL Background Thread 3 ] DEBUG Engine               - globalSoundVolumeProperty: DoubleProperty [value: 0.5]
12:31:11.943 [FXGL Background Thread 3 ] DEBUG Engine               - height: 720
12:31:11.943 [FXGL Background Thread 3 ] DEBUG Engine               - isAndroid: false
12:31:11.943 [FXGL Background Thread 3 ] DEBUG Engine               - isBrowser: false
12:31:11.943 [FXGL Background Thread 3 ] DEBUG Engine               - isClickFeedbackEnabled: false
12:31:11.943 [FXGL Background Thread 3 ] DEBUG Engine               - isCloseConfirmation: false
12:31:11.943 [FXGL Background Thread 3 ] DEBUG Engine               - isDesktop: true
12:31:11.943 [FXGL Background Thread 3 ] DEBUG Engine               - isDeveloperMenuEnabled: false
12:31:11.943 [FXGL Background Thread 3 ] DEBUG Engine               - isEntityPreloadEnabled: true
12:31:11.943 [FXGL Background Thread 3 ] DEBUG Engine               - isExperimentalNative: false
12:31:11.943 [FXGL Background Thread 3 ] DEBUG Engine               - isExperimentalTiledLargeMap: false
12:31:11.943 [FXGL Background Thread 3 ] DEBUG Engine               - isFileSystemWriteAllowed: true
12:31:11.943 [FXGL Background Thread 3 ] DEBUG Engine               - isFullScreenAllowed: false
12:31:11.943 [FXGL Background Thread 3 ] DEBUG Engine               - isFullScreenFromStart: false
12:31:11.943 [FXGL Background Thread 3 ] DEBUG Engine               - isGameMenuEnabled: true
12:31:11.943 [FXGL Background Thread 3 ] DEBUG Engine               - isIOS: false
12:31:11.943 [FXGL Background Thread 3 ] DEBUG Engine               - isIntroEnabled: false
12:31:11.943 [FXGL Background Thread 3 ] DEBUG Engine               - isLinux: false
12:31:11.943 [FXGL Background Thread 3 ] DEBUG Engine               - isMac: false
12:31:11.943 [FXGL Background Thread 3 ] DEBUG Engine               - isMainMenuEnabled: false
12:31:11.944 [FXGL Background Thread 3 ] DEBUG Engine               - isManualResizeEnabled: false
12:31:11.944 [FXGL Background Thread 3 ] DEBUG Engine               - isMobile: false
12:31:11.944 [FXGL Background Thread 3 ] DEBUG Engine               - isPreserveResizeRatio: false
12:31:11.944 [FXGL Background Thread 3 ] DEBUG Engine               - isProfilingEnabled: false
12:31:11.944 [FXGL Background Thread 3 ] DEBUG Engine               - isSingleStep: false
12:31:11.944 [FXGL Background Thread 3 ] DEBUG Engine               - isUserProfileEnabled: false
12:31:11.944 [FXGL Background Thread 3 ] DEBUG Engine               - isWindows: true
12:31:11.944 [FXGL Background Thread 3 ] DEBUG Engine               - language: ObjectProperty [value: ENGLISH]
12:31:11.944 [FXGL Background Thread 3 ] DEBUG Engine               - menuKey: ESCAPE
12:31:11.944 [FXGL Background Thread 3 ] DEBUG Engine               - notificationViewClass: class com.almasb.fxgl.notification.view.XboxNotificationView
12:31:11.944 [FXGL Background Thread 3 ] DEBUG Engine               - pixelsPerMeter: 50.0
12:31:11.944 [FXGL Background Thread 3 ] DEBUG Engine               - platform: WINDOWS
12:31:11.944 [FXGL Background Thread 3 ] DEBUG Engine               - profileDir: profiles/
12:31:11.944 [FXGL Background Thread 3 ] DEBUG Engine               - profileName: StringProperty [value: DEFAULT]
12:31:11.944 [FXGL Background Thread 3 ] DEBUG Engine               - randomSeed: -1
12:31:11.945 [FXGL Background Thread 3 ] DEBUG Engine               - runtimeInfo: RuntimeInfo(platform=WINDOWS, version=11.11, build=08.09.2020 18.00)
12:31:11.945 [FXGL Background Thread 3 ] DEBUG Engine               - saveFileExt: sav
12:31:11.945 [FXGL Background Thread 3 ] DEBUG Engine               - sceneFactory: com.almasb.fxgl.app.scene.SceneFactory@3265b0e5
12:31:11.945 [FXGL Background Thread 3 ] DEBUG Engine               - secondsIn24h: 60
12:31:11.945 [FXGL Background Thread 3 ] DEBUG Engine               - soundMenuBack: menu/back.wav
12:31:11.945 [FXGL Background Thread 3 ] DEBUG Engine               - soundMenuPress: menu/press.wav
12:31:11.945 [FXGL Background Thread 3 ] DEBUG Engine               - soundMenuSelect: menu/select.wav
12:31:11.945 [FXGL Background Thread 3 ] DEBUG Engine               - soundNotification: core/notification.wav
12:31:11.945 [FXGL Background Thread 3 ] DEBUG Engine               - stageStyle: DECORATED
12:31:11.945 [FXGL Background Thread 3 ] DEBUG Engine               - supportedLanguages: [ENGLISH, FRENCH, GERMAN, HUNGARIAN, RUSSIAN]
12:31:11.945 [FXGL Background Thread 3 ] DEBUG Engine               - title: Striker
12:31:11.945 [FXGL Background Thread 3 ] DEBUG Engine               - urlGithub: https://github.com/AlmasB/FXGL
12:31:11.945 [FXGL Background Thread 3 ] DEBUG Engine               - urlLeaderboard: http://fxgl-top.herokuapp.com/
12:31:11.945 [FXGL Background Thread 3 ] DEBUG Engine               - urlPOM: https://raw.githubusercontent.com/AlmasB/FXGL/master/pom.xml
12:31:11.945 [FXGL Background Thread 3 ] DEBUG Engine               - version: 1.1
12:31:11.945 [FXGL Background Thread 3 ] DEBUG Engine               - versionCheckDays: 7
12:31:11.945 [FXGL Background Thread 3 ] DEBUG Engine               - width: 1280
12:31:11.945 [FXGL Background Thread 3 ] DEBUG Engine               - Logging services
12:31:11.945 [FXGL Background Thread 3 ] DEBUG Engine               - class com.almasb.fxgl.app.FXGLApplication$GameApplicationService
12:31:11.945 [FXGL Background Thread 3 ] DEBUG Engine               - class com.almasb.fxgl.app.services.FXGLDialogService
12:31:11.946 [FXGL Background Thread 3 ] DEBUG Engine               - class com.almasb.fxgl.app.services.IOTaskExecutorService
12:31:11.946 [FXGL Background Thread 3 ] DEBUG Engine               - class com.almasb.fxgl.event.EventBusService
12:31:11.946 [FXGL Background Thread 3 ] DEBUG Engine               - class com.almasb.fxgl.io.FileSystemService
12:31:11.946 [FXGL Background Thread 3 ] DEBUG Engine               - class com.almasb.fxgl.localization.LocalizationService
12:31:11.946 [FXGL Background Thread 3 ] DEBUG Engine               - class com.almasb.fxgl.app.services.FXGLAssetLoaderService
12:31:11.946 [FXGL Background Thread 3 ] DEBUG Engine               - class com.almasb.fxgl.app.services.SystemBundleService
12:31:11.946 [FXGL Background Thread 3 ] DEBUG Engine               - class com.almasb.fxgl.profile.SaveLoadService
12:31:11.946 [FXGL Background Thread 3 ] DEBUG Engine               - class com.almasb.fxgl.ui.FXGLUIFactoryServiceProvider
12:31:11.946 [FXGL Background Thread 3 ] DEBUG Engine               - class com.almasb.fxgl.ui.FXGLDialogFactoryServiceProvider
12:31:11.946 [FXGL Background Thread 3 ] DEBUG Engine               - class com.almasb.fxgl.audio.AudioPlayer
12:31:11.946 [FXGL Background Thread 3 ] DEBUG Engine               - class com.almasb.fxgl.notification.impl.NotificationServiceProvider
12:31:11.947 [FXGL Background Thread 3 ] DEBUG Engine               - class com.almasb.fxgl.achievement.AchievementService
12:31:11.947 [FXGL Background Thread 3 ] DEBUG Engine               - class com.almasb.fxgl.cutscene.CutsceneService
12:31:11.947 [FXGL Background Thread 3 ] DEBUG Engine               - class com.almasb.fxgl.minigames.MiniGameService
12:31:11.947 [FXGL Background Thread 3 ] DEBUG Engine               - class com.almasb.fxgl.net.NetService
12:31:11.947 [FXGL Background Thread 3 ] DEBUG Engine               - class com.almasb.fxgl.app.services.UpdaterService
12:31:11.947 [FXGL Background Thread 3 ] DEBUG Engine               - class com.almasb.fxgl.dev.DevService
12:31:36.793 [Thread-4                 ] DEBUG Endpoint             - TCPServer opening new connection (1) from /127.0.0.1:63870 type: class java.lang.String
12:31:36.794 [Thread-4                 ] DEBUG Endpoint             - TCPServer successfully opened connection (1)
12:31:36.794 [JavaFX Application Thread] DEBUG LoopRunner           - Stopping loop
12:31:36.796 [JavaFX Application Thread] FATAL FXGLApplication      - Uncaught Exception:
java.lang.IllegalArgumentException: Property Active does not exist
	at com.almasb.fxgl.core/com.almasb.fxgl.core.collection.PropertyMap.get(PropertyMap.kt:215)
	at com.almasb.fxgl.core/com.almasb.fxgl.core.collection.PropertyMap.getValue(PropertyMap.kt:78)
	at pong.main/com.almasb.fxglgames.pong.PongApp.onUpdate(PongApp.java:416)
	at com.almasb.fxgl.all/com.almasb.fxgl.app.FXGLApplication$GameApplicationService.onGameUpdate(FXGLApplication.kt:395)
	at com.almasb.fxgl.all/com.almasb.fxgl.app.Engine.onGameUpdate(Engine.kt:134)
	at com.almasb.fxgl.all/com.almasb.fxgl.app.FXGLApplication$postServicesInit$2.onUpdate(FXGLApplication.kt:163)
	at com.almasb.fxgl.scene/com.almasb.fxgl.scene.Scene.update(Scene.kt:86)
	at com.almasb.fxgl.all/com.almasb.fxgl.app.MainWindow$update$1.invoke(MainWindow.kt:219)
	at com.almasb.fxgl.all/com.almasb.fxgl.app.MainWindow$update$1.invoke(MainWindow.kt:40)
	at com.almasb.fxgl.core/com.almasb.fxgl.core.fsm.StateMachine.runOnActiveStates(StateMachine.kt:60)
	at com.almasb.fxgl.all/com.almasb.fxgl.app.MainWindow.update(MainWindow.kt:219)
	at com.almasb.fxgl.all/com.almasb.fxgl.app.FXGLApplication$GameApplicationService.onUpdate(FXGLApplication.kt:400)
	at com.almasb.fxgl.all/com.almasb.fxgl.app.Engine.loop(Engine.kt:130)
	at com.almasb.fxgl.all/com.almasb.fxgl.app.Engine.access$loop(Engine.kt:24)
	at com.almasb.fxgl.all/com.almasb.fxgl.app.Engine$loop$1.invoke(Engine.kt:28)
	at com.almasb.fxgl.all/com.almasb.fxgl.app.Engine$loop$1.invoke(Engine.kt:24)
	at com.almasb.fxgl.all/com.almasb.fxgl.app.LoopRunner.frame(LoopRunner.kt:86)
	at com.almasb.fxgl.all/com.almasb.fxgl.app.LoopRunner.access$frame(LoopRunner.kt:17)
	at com.almasb.fxgl.all/com.almasb.fxgl.app.LoopRunner$impl$2$1.handle(LoopRunner.kt:37)
	at javafx.graphics/javafx.animation.AnimationTimer$AnimationTimerReceiver.lambda$handle$0(AnimationTimer.java:57)
	at java.base/java.security.AccessController.doPrivileged(AccessController.java:400)
	at javafx.graphics/javafx.animation.AnimationTimer$AnimationTimerReceiver.handle(AnimationTimer.java:56)
	at javafx.graphics/com.sun.scenario.animation.AbstractMasterTimer.timePulseImpl(AbstractMasterTimer.java:357)
	at javafx.graphics/com.sun.scenario.animation.AbstractMasterTimer$MainLoop.run(AbstractMasterTimer.java:267)
	at javafx.graphics/com.sun.javafx.tk.quantum.QuantumToolkit.pulse(QuantumToolkit.java:559)
	at javafx.graphics/com.sun.javafx.tk.quantum.QuantumToolkit.pulse(QuantumToolkit.java:543)
	at javafx.graphics/com.sun.javafx.tk.quantum.QuantumToolkit.pulseFromQueue(QuantumToolkit.java:536)
	at javafx.graphics/com.sun.javafx.tk.quantum.QuantumToolkit.lambda$runToolkit$11(QuantumToolkit.java:342)
	at javafx.graphics/com.sun.glass.ui.InvokeLaterDispatcher$Future.run(InvokeLaterDispatcher.java:96)
	at javafx.graphics/com.sun.glass.ui.win.WinApplication._runLoop(Native Method)
	at javafx.graphics/com.sun.glass.ui.win.WinApplication.lambda$runLoop$3(WinApplication.java:174)
	at java.base/java.lang.Thread.run(Thread.java:1570)

12:31:36.796 [JavaFX Application Thread] FATAL FXGLApplication      - Application will now exit
12:31:36.796 [TCPServer_SendThread-1   ] DEBUG Writers              - Getting TCPMessageWriter for class java.lang.String
12:31:36.802 [TCPServer_SendThread-1   ] DEBUG Writers              - Constructed TCPMessageWriter for class java.lang.String: MessageWriterS
12:31:36.802 [TCPServer_RecvThread-1   ] DEBUG Readers              - Getting TCPMessageReader for class java.lang.String
12:31:36.806 [TCPServer_RecvThread-1   ] DEBUG Readers              - Constructed MessageReader for class java.lang.String: MessageReaderS
12:31:36.815 [JavaFX Application Thread] DEBUG MainWindow           - Push state: ErrorSubScene
12:31:36.815 [JavaFX Application Thread] DEBUG Input                - Clearing active input actions
12:31:36.818 [JavaFX Application Thread] DEBUG GameApplicationServi - Removing overlay from GameScene and adding to ErrorSubScene
12:31:36.818 [JavaFX Application Thread] DEBUG MainWindow           - GameScene -> ErrorSubScene
12:31:38.270 [Thread-4                 ] DEBUG Endpoint             - TCPServer opening new connection (2) from /127.0.0.1:63871 type: class java.lang.String
12:31:38.270 [Thread-4                 ] DEBUG Endpoint             - TCPServer successfully opened connection (2)
12:31:38.271 [TCPServer_RecvThread-2   ] DEBUG Readers              - Getting TCPMessageReader for class java.lang.String
12:31:38.271 [TCPServer_SendThread-2   ] DEBUG Writers              - Constructed TCPMessageWriter for class java.lang.String: MessageWriterS
12:31:38.271 [TCPServer_RecvThread-2   ] DEBUG Readers              - Constructed MessageReader for class java.lang.String: MessageReaderS
12:31:57.034 [JavaFX Application Thread] DEBUG FXGLApplication      - Exiting FXGL
12:31:57.034 [JavaFX Application Thread] DEBUG Async                - Shutting down background threads
12:31:57.035 [JavaFX Application Thread] DEBUG MainWindow           - Closing main window
12:31:57.042 [JavaFX Application Thread] DEBUG Logger               - Closing Logger
