22:18:06.007 [main                     ] DEBUG Logger               - Configured Logger
22:18:06.007 [main                     ] DEBUG GameApplication      - Logging settings
Title: Striker
Version: 1.1
Width: 1280
Height: 720
Fullscreen: false
Intro: false
Profiling: false
Single step:false
App Mode: DEBUG
Menu Key: ESCAPE
Stage Style: DECORATED
Scene Factory: class com.almasb.fxgl.app.scene.SceneFactory

22:18:06.561 [JavaFX Application Thread] DEBUG FXGLApplication      - Initializing FXGL
22:18:06.568 [JavaFX Application Thread] INFO  Engine               - FXGL-11.11 (08.09.2020 18.00) on WINDOWS (J:22.0.2 FX:14)
22:18:06.568 [JavaFX Application Thread] DEBUG Engine               - JRE Vendor Name: Amazon.com Inc.
22:18:06.568 [JavaFX Application Thread] DEBUG Engine               - Running on OS: Windows 11 version 10.0
22:18:06.568 [JavaFX Application Thread] DEBUG Engine               - Architecture: amd64
22:18:06.568 [JavaFX Application Thread] INFO  Engine               - Source code and latest versions at: https://github.com/AlmasB/FXGL
22:18:06.569 [JavaFX Application Thread] INFO  Engine               -              Join the FXGL chat at: https://gitter.im/AlmasB/FXGL
22:18:06.664 [JavaFX Application Thread] DEBUG MainWindow           - Creating a JavaFX scene
22:18:06.732 [JavaFX Application Thread] DEBUG MainWindow           - Target settings size: 1280.0 x 720.0
22:18:06.733 [JavaFX Application Thread] DEBUG MainWindow           - Scaled scene size:    1280.0 x 720.0
22:18:06.733 [JavaFX Application Thread] DEBUG MainWindow           - Scaled ratio: (1.0, 1.0)
22:18:06.734 [JavaFX Application Thread] DEBUG MainWindow           - Set initial scene to StartupScene
22:18:06.738 [JavaFX Application Thread] DEBUG MainWindow           - Opening main window
22:18:06.862 [JavaFX Application Thread] DEBUG MainWindow           - Window border size: (14.4000244140625, 37.5999755859375)
22:18:06.863 [JavaFX Application Thread] DEBUG MainWindow           - Scaled size: 1280.0 x 720.0
22:18:06.863 [JavaFX Application Thread] DEBUG MainWindow           - Scaled ratio: (1.0, 1.0)
22:18:06.863 [JavaFX Application Thread] DEBUG MainWindow           - Scene size: 1280.0 x 720.0
22:18:06.863 [JavaFX Application Thread] DEBUG MainWindow           - Stage size: 1294.4000244140625 x 757.5999755859375
22:18:06.874 [FXGL Background Thread 1 ] DEBUG Engine               - Initializing environment variables
22:18:06.933 [FXGL Background Thread 1 ] DEBUG GameApplicationServi - Applying CSS: fxgl_dark.css
22:18:06.934 [FXGL Background Thread 1 ] DEBUG FXGLAssetLoaderServi - Loading from file system: /assets/ui/css/fxgl_dark.css
22:18:06.994 [FXGL Background Thread 1 ] DEBUG GameApplicationServi - Initializing application scenes
22:18:07.031 [FXGL Background Thread 1 ] DEBUG GameWorld            - Game world initialized
22:18:07.123 [FXGL Background Thread 1 ] DEBUG PhysicsWorld         - Physics world initialized: appHeight=720, physics.ppm=50.0
22:18:07.127 [FXGL Background Thread 1 ] DEBUG GameScene            - Game scene initialized: 1280x720
22:18:07.173 [FXGL Background Thread 1 ] DEBUG FXGLAssetLoaderServi - Loading from file system: /assets/textures/particles/trace_horizontal.png
22:18:07.236 [FXGL Background Thread 1 ] DEBUG FXGL.DefaultMenu     - createMenuBodyGameMenu()
22:18:07.254 [FXGL Background Thread 1 ] DEBUG FXGL.DefaultMenu     - createOptionsMenu()
22:18:07.259 [FXGL Background Thread 1 ] DEBUG FXGLAssetLoaderServi - Loading from file system: /assets/textures/particles/smoke.png
22:18:07.320 [FXGL Background Thread 1 ] DEBUG GameApplicationServi - Application scenes initialized
22:18:07.335 [FXGL Background Thread 1 ] DEBUG SystemBundleService  - Loading FXGL system data
22:18:07.353 [FXGL Background Thread 1 ] DEBUG FileSystemAccess     - Reading from: C:\Users\parme\OneDrive - University of Brighton\ddp17_modules\#Year 3\CI628 - Multplayer\CI628-PongServer-master\system\fxgl.bundle
22:18:07.365 [FXGL Background Thread 1 ] DEBUG SystemBundleService  - Bundle FXGL: {}
22:18:07.366 [FXGL Background Thread 1 ] DEBUG UpdaterService       - Checking for updates
22:18:07.370 [FXGL Background Thread 1 ] DEBUG FXGLApplication      - Loading default localization
22:18:07.371 [FXGL Background Thread 1 ] DEBUG FXGLAssetLoaderServi - Loading from file system: /assets/languages/english.lang
22:18:07.371 [FXGL Background Thread 4 ] DEBUG FXGLApplication      - Loading fonts
22:18:07.372 [FXGL Background Thread 4 ] DEBUG FXGLAssetLoaderServi - Loading from file system: /assets/ui/fonts/pong.ttf
22:18:07.388 [FXGL Background Thread 1 ] INFO  FXGLApplication      - FXGL initialization took: 0.514 sec
22:18:07.397 [JavaFX Application Thread] DEBUG Input                - Registered new binding: Up1 - W
22:18:07.397 [JavaFX Application Thread] DEBUG Input                - Registered new binding: Down1 - S
22:18:07.397 [JavaFX Application Thread] DEBUG Input                - Registered new binding: Left1 - A
22:18:07.397 [JavaFX Application Thread] DEBUG Input                - Registered new binding: Right1 - D
22:18:07.398 [JavaFX Application Thread] DEBUG Input                - Registered new binding: Up2 - I
22:18:07.398 [JavaFX Application Thread] DEBUG Input                - Registered new binding: Down2 - K
22:18:07.398 [JavaFX Application Thread] DEBUG Input                - Registered new binding: left2 - J
22:18:07.398 [JavaFX Application Thread] DEBUG Input                - Registered new binding: right2 - L
22:18:07.398 [JavaFX Application Thread] DEBUG FXGLAssetLoaderServi - Loading from file system: /assets/textures/fxgl_icon.png
22:18:07.429 [JavaFX Application Thread] DEBUG FXGLAssetLoaderServi - Loading from file system: /assets/ui/cursors/fxgl_default.png
22:18:07.436 [JavaFX Application Thread] DEBUG Input                - Registered new binding: Screenshot - P
22:18:07.436 [JavaFX Application Thread] DEBUG Input                - Registered new binding: System info dump - CTRL+9
22:18:07.437 [JavaFX Application Thread] DEBUG Input                - Registered new binding: Restart - CTRL+R
22:18:07.438 [JavaFX Application Thread] DEBUG Input                - Registered new binding: Toggle Debug Camera - CTRL+C
22:18:07.441 [JavaFX Application Thread] DEBUG LoopRunner           - Starting loop
22:18:07.443 [JavaFX Application Thread] DEBUG GameApplicationServi - Starting new game
22:18:07.444 [JavaFX Application Thread] DEBUG Input                - Clearing active input actions
22:18:07.451 [FXGL Background Thread 4 ] DEBUG FXGLAssetLoaderServi - Loading from file system: /assets/ui/fonts/Abel-Regular.ttf
22:18:07.460 [JavaFX Application Thread] DEBUG GameApplicationServi - Removing overlay from StartupScene and adding to FXGLLoadingScene
22:18:07.461 [JavaFX Application Thread] DEBUG MainWindow           - StartupScene -> FXGLLoadingScene
22:18:07.461 [JavaFX Application Thread] DEBUG GameApplicationServi - Clearing previous game
22:18:07.461 [JavaFX Application Thread] DEBUG GameScene            - Clearing game scene
22:18:07.461 [JavaFX Application Thread] DEBUG GameWorld            - Clearing game world
22:18:07.461 [JavaFX Application Thread] DEBUG PhysicsWorld         - Clearing physics world
22:18:07.463 [FXGL Background Thread 1 ] DEBUG FXGLApplication      - Initializing game
22:18:07.468 [FXGL Background Thread 4 ] DEBUG FXGLAssetLoaderServi - Loading from file system: /assets/ui/fonts/lucida_console.ttf
22:18:07.491 [FXGL Background Thread 4 ] DEBUG FXGLAssetLoaderServi - Loading from file system: /assets/ui/fonts/Courier-Prime.ttf
22:18:07.546 [FXGL Background Thread 1 ] DEBUG FXGLAssetLoaderServi - Loading from file system: /assets/ui/main.fxml
22:18:07.553 [Thread-4                 ] DEBUG TCPServer            - Starting to listen at: 55555 type: class java.lang.String
22:18:07.572 [JavaFX Application Thread] DEBUG FXGLApplication      - Registering font factories with UI factory
22:18:07.731 [FXGL Background Thread 1 ] INFO  FXGLApplication      - Game initialization took: 0.270 sec
22:18:07.743 [JavaFX Application Thread] DEBUG Input                - Clearing active input actions
22:18:07.757 [JavaFX Application Thread] DEBUG GameApplicationServi - Removing overlay from FXGLLoadingScene and adding to GameScene
22:18:07.758 [JavaFX Application Thread] DEBUG MainWindow           - FXGLLoadingScene -> GameScene
22:18:08.285 [FXGL Background Thread 2 ] INFO  UpdaterService       - Your current version:  11.11
22:18:08.286 [FXGL Background Thread 2 ] INFO  UpdaterService       - Latest stable version: 21+dev-SNAPSHOT
22:18:10.369 [FXGL Background Thread 3 ] DEBUG Engine               - Logging environment variables
22:18:10.369 [FXGL Background Thread 3 ] DEBUG Engine               - achievements: []
22:18:10.370 [FXGL Background Thread 3 ] DEBUG Engine               - appIcon: fxgl_icon.png
22:18:10.370 [FXGL Background Thread 3 ] DEBUG Engine               - applicationMode: DEBUG
22:18:10.370 [FXGL Background Thread 3 ] DEBUG Engine               - cSSList: [fxgl_dark.css]
22:18:10.370 [FXGL Background Thread 3 ] DEBUG Engine               - configClass: Optional.empty
22:18:10.370 [FXGL Background Thread 3 ] DEBUG Engine               - credits: []
22:18:10.370 [FXGL Background Thread 3 ] DEBUG Engine               - devBBoxColorProperty: ObjectProperty [value: 0xff0000ff]
22:18:10.370 [FXGL Background Thread 3 ] DEBUG Engine               - devEnableDebugCameraProperty: BooleanProperty [value: false]
22:18:10.371 [FXGL Background Thread 3 ] DEBUG Engine               - devSensorColorProperty: ObjectProperty [value: 0xffff00ff]
22:18:10.371 [FXGL Background Thread 3 ] DEBUG Engine               - devShowBBoxProperty: BooleanProperty [value: false]
22:18:10.371 [FXGL Background Thread 3 ] DEBUG Engine               - devShowPositionProperty: BooleanProperty [value: false]
22:18:10.371 [FXGL Background Thread 3 ] DEBUG Engine               - enabledMenuItems: []
22:18:10.371 [FXGL Background Thread 3 ] DEBUG Engine               - engineServices: [class com.almasb.fxgl.app.FXGLApplication$GameApplicationService, class com.almasb.fxgl.app.services.FXGLDialogService, class com.almasb.fxgl.app.services.IOTaskExecutorService, class com.almasb.fxgl.event.EventBusService, class com.almasb.fxgl.io.FileSystemService, class com.almasb.fxgl.localization.LocalizationService, class com.almasb.fxgl.app.services.FXGLAssetLoaderService, class com.almasb.fxgl.app.services.SystemBundleService, class com.almasb.fxgl.profile.SaveLoadService, class com.almasb.fxgl.ui.FXGLUIFactoryServiceProvider, class com.almasb.fxgl.ui.FXGLDialogFactoryServiceProvider, class com.almasb.fxgl.audio.AudioPlayer, class com.almasb.fxgl.notification.impl.NotificationServiceProvider, class com.almasb.fxgl.achievement.AchievementService, class com.almasb.fxgl.cutscene.CutsceneService, class com.almasb.fxgl.minigames.MiniGameService, class com.almasb.fxgl.net.NetService, class com.almasb.fxgl.app.services.UpdaterService, class com.almasb.fxgl.dev.DevService]
22:18:10.371 [FXGL Background Thread 3 ] DEBUG Engine               - fontGame: Abel-Regular.ttf
22:18:10.371 [FXGL Background Thread 3 ] DEBUG Engine               - fontMono: lucida_console.ttf
22:18:10.371 [FXGL Background Thread 3 ] DEBUG Engine               - fontText: Courier-Prime.ttf
22:18:10.371 [FXGL Background Thread 3 ] DEBUG Engine               - fontUI: pong.ttf
22:18:10.371 [FXGL Background Thread 3 ] DEBUG Engine               - fullScreen: BooleanProperty [value: false]
22:18:10.371 [FXGL Background Thread 3 ] DEBUG Engine               - gameDifficulty: MEDIUM
22:18:10.372 [FXGL Background Thread 3 ] DEBUG Engine               - gameDifficultyProperty: ObjectProperty [value: MEDIUM]
22:18:10.372 [FXGL Background Thread 3 ] DEBUG Engine               - globalMusicVolume: 0.5
22:18:10.372 [FXGL Background Thread 3 ] DEBUG Engine               - globalMusicVolumeProperty: DoubleProperty [value: 0.5]
22:18:10.372 [FXGL Background Thread 3 ] DEBUG Engine               - globalSoundVolume: 0.5
22:18:10.372 [FXGL Background Thread 3 ] DEBUG Engine               - globalSoundVolumeProperty: DoubleProperty [value: 0.5]
22:18:10.372 [FXGL Background Thread 3 ] DEBUG Engine               - height: 720
22:18:10.372 [FXGL Background Thread 3 ] DEBUG Engine               - isAndroid: false
22:18:10.373 [FXGL Background Thread 3 ] DEBUG Engine               - isBrowser: false
22:18:10.373 [FXGL Background Thread 3 ] DEBUG Engine               - isClickFeedbackEnabled: false
22:18:10.373 [FXGL Background Thread 3 ] DEBUG Engine               - isCloseConfirmation: false
22:18:10.373 [FXGL Background Thread 3 ] DEBUG Engine               - isDesktop: true
22:18:10.373 [FXGL Background Thread 3 ] DEBUG Engine               - isDeveloperMenuEnabled: false
22:18:10.373 [FXGL Background Thread 3 ] DEBUG Engine               - isEntityPreloadEnabled: true
22:18:10.373 [FXGL Background Thread 3 ] DEBUG Engine               - isExperimentalNative: false
22:18:10.373 [FXGL Background Thread 3 ] DEBUG Engine               - isExperimentalTiledLargeMap: false
22:18:10.373 [FXGL Background Thread 3 ] DEBUG Engine               - isFileSystemWriteAllowed: true
22:18:10.373 [FXGL Background Thread 3 ] DEBUG Engine               - isFullScreenAllowed: false
22:18:10.373 [FXGL Background Thread 3 ] DEBUG Engine               - isFullScreenFromStart: false
22:18:10.373 [FXGL Background Thread 3 ] DEBUG Engine               - isGameMenuEnabled: true
22:18:10.373 [FXGL Background Thread 3 ] DEBUG Engine               - isIOS: false
22:18:10.374 [FXGL Background Thread 3 ] DEBUG Engine               - isIntroEnabled: false
22:18:10.374 [FXGL Background Thread 3 ] DEBUG Engine               - isLinux: false
22:18:10.374 [FXGL Background Thread 3 ] DEBUG Engine               - isMac: false
22:18:10.374 [FXGL Background Thread 3 ] DEBUG Engine               - isMainMenuEnabled: false
22:18:10.374 [FXGL Background Thread 3 ] DEBUG Engine               - isManualResizeEnabled: false
22:18:10.374 [FXGL Background Thread 3 ] DEBUG Engine               - isMobile: false
22:18:10.374 [FXGL Background Thread 3 ] DEBUG Engine               - isPreserveResizeRatio: false
22:18:10.374 [FXGL Background Thread 3 ] DEBUG Engine               - isProfilingEnabled: false
22:18:10.375 [FXGL Background Thread 3 ] DEBUG Engine               - isSingleStep: false
22:18:10.375 [FXGL Background Thread 3 ] DEBUG Engine               - isUserProfileEnabled: false
22:18:10.375 [FXGL Background Thread 3 ] DEBUG Engine               - isWindows: true
22:18:10.375 [FXGL Background Thread 3 ] DEBUG Engine               - language: ObjectProperty [value: ENGLISH]
22:18:10.375 [FXGL Background Thread 3 ] DEBUG Engine               - menuKey: ESCAPE
22:18:10.375 [FXGL Background Thread 3 ] DEBUG Engine               - notificationViewClass: class com.almasb.fxgl.notification.view.XboxNotificationView
22:18:10.375 [FXGL Background Thread 3 ] DEBUG Engine               - pixelsPerMeter: 50.0
22:18:10.375 [FXGL Background Thread 3 ] DEBUG Engine               - platform: WINDOWS
22:18:10.375 [FXGL Background Thread 3 ] DEBUG Engine               - profileDir: profiles/
22:18:10.375 [FXGL Background Thread 3 ] DEBUG Engine               - profileName: StringProperty [value: DEFAULT]
22:18:10.375 [FXGL Background Thread 3 ] DEBUG Engine               - randomSeed: -1
22:18:10.375 [FXGL Background Thread 3 ] DEBUG Engine               - runtimeInfo: RuntimeInfo(platform=WINDOWS, version=11.11, build=08.09.2020 18.00)
22:18:10.375 [FXGL Background Thread 3 ] DEBUG Engine               - saveFileExt: sav
22:18:10.376 [FXGL Background Thread 3 ] DEBUG Engine               - sceneFactory: com.almasb.fxgl.app.scene.SceneFactory@3b9a7e03
22:18:10.376 [FXGL Background Thread 3 ] DEBUG Engine               - secondsIn24h: 60
22:18:10.376 [FXGL Background Thread 3 ] DEBUG Engine               - soundMenuBack: menu/back.wav
22:18:10.376 [FXGL Background Thread 3 ] DEBUG Engine               - soundMenuPress: menu/press.wav
22:18:10.376 [FXGL Background Thread 3 ] DEBUG Engine               - soundMenuSelect: menu/select.wav
22:18:10.376 [FXGL Background Thread 3 ] DEBUG Engine               - soundNotification: core/notification.wav
22:18:10.376 [FXGL Background Thread 3 ] DEBUG Engine               - stageStyle: DECORATED
22:18:10.376 [FXGL Background Thread 3 ] DEBUG Engine               - supportedLanguages: [ENGLISH, FRENCH, GERMAN, HUNGARIAN, RUSSIAN]
22:18:10.376 [FXGL Background Thread 3 ] DEBUG Engine               - title: Striker
22:18:10.377 [FXGL Background Thread 3 ] DEBUG Engine               - urlGithub: https://github.com/AlmasB/FXGL
22:18:10.377 [FXGL Background Thread 3 ] DEBUG Engine               - urlLeaderboard: http://fxgl-top.herokuapp.com/
22:18:10.377 [FXGL Background Thread 3 ] DEBUG Engine               - urlPOM: https://raw.githubusercontent.com/AlmasB/FXGL/master/pom.xml
22:18:10.377 [FXGL Background Thread 3 ] DEBUG Engine               - version: 1.1
22:18:10.377 [FXGL Background Thread 3 ] DEBUG Engine               - versionCheckDays: 7
22:18:10.377 [FXGL Background Thread 3 ] DEBUG Engine               - width: 1280
22:18:10.377 [FXGL Background Thread 3 ] DEBUG Engine               - Logging services
22:18:10.377 [FXGL Background Thread 3 ] DEBUG Engine               - class com.almasb.fxgl.app.FXGLApplication$GameApplicationService
22:18:10.377 [FXGL Background Thread 3 ] DEBUG Engine               - class com.almasb.fxgl.app.services.FXGLDialogService
22:18:10.377 [FXGL Background Thread 3 ] DEBUG Engine               - class com.almasb.fxgl.app.services.IOTaskExecutorService
22:18:10.377 [FXGL Background Thread 3 ] DEBUG Engine               - class com.almasb.fxgl.event.EventBusService
22:18:10.377 [FXGL Background Thread 3 ] DEBUG Engine               - class com.almasb.fxgl.io.FileSystemService
22:18:10.377 [FXGL Background Thread 3 ] DEBUG Engine               - class com.almasb.fxgl.localization.LocalizationService
22:18:10.377 [FXGL Background Thread 3 ] DEBUG Engine               - class com.almasb.fxgl.app.services.FXGLAssetLoaderService
22:18:10.377 [FXGL Background Thread 3 ] DEBUG Engine               - class com.almasb.fxgl.app.services.SystemBundleService
22:18:10.378 [FXGL Background Thread 3 ] DEBUG Engine               - class com.almasb.fxgl.profile.SaveLoadService
22:18:10.378 [FXGL Background Thread 3 ] DEBUG Engine               - class com.almasb.fxgl.ui.FXGLUIFactoryServiceProvider
22:18:10.378 [FXGL Background Thread 3 ] DEBUG Engine               - class com.almasb.fxgl.ui.FXGLDialogFactoryServiceProvider
22:18:10.378 [FXGL Background Thread 3 ] DEBUG Engine               - class com.almasb.fxgl.audio.AudioPlayer
22:18:10.378 [FXGL Background Thread 3 ] DEBUG Engine               - class com.almasb.fxgl.notification.impl.NotificationServiceProvider
22:18:10.378 [FXGL Background Thread 3 ] DEBUG Engine               - class com.almasb.fxgl.achievement.AchievementService
22:18:10.378 [FXGL Background Thread 3 ] DEBUG Engine               - class com.almasb.fxgl.cutscene.CutsceneService
22:18:10.378 [FXGL Background Thread 3 ] DEBUG Engine               - class com.almasb.fxgl.minigames.MiniGameService
22:18:10.378 [FXGL Background Thread 3 ] DEBUG Engine               - class com.almasb.fxgl.net.NetService
22:18:10.378 [FXGL Background Thread 3 ] DEBUG Engine               - class com.almasb.fxgl.app.services.UpdaterService
22:18:10.378 [FXGL Background Thread 3 ] DEBUG Engine               - class com.almasb.fxgl.dev.DevService
22:18:31.024 [Thread-4                 ] DEBUG Endpoint             - TCPServer opening new connection (1) from /127.0.0.1:50292 type: class java.lang.String
22:18:31.025 [Thread-4                 ] DEBUG Endpoint             - TCPServer successfully opened connection (1)
22:18:31.026 [JavaFX Application Thread] DEBUG LoopRunner           - Stopping loop
22:18:31.029 [TCPServer_SendThread-1   ] DEBUG Writers              - Getting TCPMessageWriter for class java.lang.String
22:18:31.029 [JavaFX Application Thread] FATAL FXGLApplication      - Uncaught Exception:
java.lang.IllegalArgumentException: Property Active does not exist
	at com.almasb.fxgl.core/com.almasb.fxgl.core.collection.PropertyMap.get(PropertyMap.kt:215)
	at com.almasb.fxgl.core/com.almasb.fxgl.core.collection.PropertyMap.getValue(PropertyMap.kt:78)
	at pong.main/com.almasb.fxglgames.pong.PongApp.onUpdate(PongApp.java:418)
	at com.almasb.fxgl.all/com.almasb.fxgl.app.FXGLApplication$GameApplicationService.onGameUpdate(FXGLApplication.kt:395)
	at com.almasb.fxgl.all/com.almasb.fxgl.app.Engine.onGameUpdate(Engine.kt:134)
	at com.almasb.fxgl.all/com.almasb.fxgl.app.FXGLApplication$postServicesInit$2.onUpdate(FXGLApplication.kt:163)
	at com.almasb.fxgl.scene/com.almasb.fxgl.scene.Scene.update(Scene.kt:86)
	at com.almasb.fxgl.all/com.almasb.fxgl.app.MainWindow$update$1.invoke(MainWindow.kt:219)
	at com.almasb.fxgl.all/com.almasb.fxgl.app.MainWindow$update$1.invoke(MainWindow.kt:40)
	at com.almasb.fxgl.core/com.almasb.fxgl.core.fsm.StateMachine.runOnActiveStates(StateMachine.kt:60)
	at com.almasb.fxgl.all/com.almasb.fxgl.app.MainWindow.update(MainWindow.kt:219)
	at com.almasb.fxgl.all/com.almasb.fxgl.app.FXGLApplication$GameApplicationService.onUpdate(FXGLApplication.kt:400)
	at com.almasb.fxgl.all/com.almasb.fxgl.app.Engine.loop(Engine.kt:130)
	at com.almasb.fxgl.all/com.almasb.fxgl.app.Engine.access$loop(Engine.kt:24)
	at com.almasb.fxgl.all/com.almasb.fxgl.app.Engine$loop$1.invoke(Engine.kt:28)
	at com.almasb.fxgl.all/com.almasb.fxgl.app.Engine$loop$1.invoke(Engine.kt:24)
	at com.almasb.fxgl.all/com.almasb.fxgl.app.LoopRunner.frame(LoopRunner.kt:86)
	at com.almasb.fxgl.all/com.almasb.fxgl.app.LoopRunner.access$frame(LoopRunner.kt:17)
	at com.almasb.fxgl.all/com.almasb.fxgl.app.LoopRunner$impl$2$1.handle(LoopRunner.kt:37)
	at javafx.graphics/javafx.animation.AnimationTimer$AnimationTimerReceiver.lambda$handle$0(AnimationTimer.java:57)
	at java.base/java.security.AccessController.doPrivileged(AccessController.java:400)
	at javafx.graphics/javafx.animation.AnimationTimer$AnimationTimerReceiver.handle(AnimationTimer.java:56)
	at javafx.graphics/com.sun.scenario.animation.AbstractMasterTimer.timePulseImpl(AbstractMasterTimer.java:357)
	at javafx.graphics/com.sun.scenario.animation.AbstractMasterTimer$MainLoop.run(AbstractMasterTimer.java:267)
	at javafx.graphics/com.sun.javafx.tk.quantum.QuantumToolkit.pulse(QuantumToolkit.java:559)
	at javafx.graphics/com.sun.javafx.tk.quantum.QuantumToolkit.pulse(QuantumToolkit.java:543)
	at javafx.graphics/com.sun.javafx.tk.quantum.QuantumToolkit.pulseFromQueue(QuantumToolkit.java:536)
	at javafx.graphics/com.sun.javafx.tk.quantum.QuantumToolkit.lambda$runToolkit$11(QuantumToolkit.java:342)
	at javafx.graphics/com.sun.glass.ui.InvokeLaterDispatcher$Future.run(InvokeLaterDispatcher.java:96)
	at javafx.graphics/com.sun.glass.ui.win.WinApplication._runLoop(Native Method)
	at javafx.graphics/com.sun.glass.ui.win.WinApplication.lambda$runLoop$3(WinApplication.java:174)
	at java.base/java.lang.Thread.run(Thread.java:1570)

22:18:31.031 [JavaFX Application Thread] FATAL FXGLApplication      - Application will now exit
22:18:31.033 [TCPServer_RecvThread-1   ] DEBUG Readers              - Getting TCPMessageReader for class java.lang.String
22:18:31.041 [TCPServer_SendThread-1   ] DEBUG Writers              - Constructed TCPMessageWriter for class java.lang.String: MessageWriterS
22:18:31.057 [JavaFX Application Thread] DEBUG MainWindow           - Push state: ErrorSubScene
22:18:31.057 [JavaFX Application Thread] DEBUG Input                - Clearing active input actions
22:18:31.060 [JavaFX Application Thread] DEBUG GameApplicationServi - Removing overlay from GameScene and adding to ErrorSubScene
22:18:31.060 [JavaFX Application Thread] DEBUG MainWindow           - GameScene -> ErrorSubScene
22:18:31.066 [TCPServer_RecvThread-1   ] DEBUG Readers              - Constructed MessageReader for class java.lang.String: MessageReaderS
22:18:32.589 [Thread-4                 ] DEBUG Endpoint             - TCPServer opening new connection (2) from /127.0.0.1:50293 type: class java.lang.String
22:18:32.589 [Thread-4                 ] DEBUG Endpoint             - TCPServer successfully opened connection (2)
22:18:32.589 [TCPServer_SendThread-2   ] DEBUG Writers              - Getting TCPMessageWriter for class java.lang.String
22:18:32.589 [TCPServer_RecvThread-2   ] DEBUG Readers              - Getting TCPMessageReader for class java.lang.String
22:18:32.589 [TCPServer_SendThread-2   ] DEBUG Writers              - Constructed TCPMessageWriter for class java.lang.String: MessageWriterS
22:18:32.589 [TCPServer_RecvThread-2   ] DEBUG Readers              - Constructed MessageReader for class java.lang.String: MessageReaderS
22:18:36.774 [JavaFX Application Thread] DEBUG FXGLApplication      - Exiting FXGL
22:18:36.774 [JavaFX Application Thread] DEBUG Async                - Shutting down background threads
22:18:36.774 [JavaFX Application Thread] DEBUG MainWindow           - Closing main window
22:18:36.785 [JavaFX Application Thread] DEBUG Logger               - Closing Logger
