11:56:50.659 [main                     ] DEBUG Logger               - Configured Logger
11:56:50.675 [main                     ] DEBUG GameApplication      - Logging settings
Title: Striker
Version: 1.1
Width: 1280
Height: 720
Fullscreen: false
Intro: false
Profiling: false
Single step:false
App Mode: DEBUG
Menu Key: ESCAPE
Stage Style: DECORATED
Scene Factory: class com.almasb.fxgl.app.scene.SceneFactory

11:56:51.080 [JavaFX Application Thread] DEBUG FXGLApplication      - Initializing FXGL
11:56:51.085 [JavaFX Application Thread] INFO  Engine               - FXGL-11.11 (08.09.2020 18.00) on WINDOWS (J:22.0.2 FX:14)
11:56:51.085 [JavaFX Application Thread] DEBUG Engine               - JRE Vendor Name: Amazon.com Inc.
11:56:51.085 [JavaFX Application Thread] DEBUG Engine               - Running on OS: Windows 11 version 10.0
11:56:51.085 [JavaFX Application Thread] DEBUG Engine               - Architecture: amd64
11:56:51.085 [JavaFX Application Thread] INFO  Engine               - Source code and latest versions at: https://github.com/AlmasB/FXGL
11:56:51.086 [JavaFX Application Thread] INFO  Engine               -              Join the FXGL chat at: https://gitter.im/AlmasB/FXGL
11:56:51.174 [JavaFX Application Thread] DEBUG MainWindow           - Creating a JavaFX scene
11:56:51.230 [JavaFX Application Thread] DEBUG MainWindow           - Target settings size: 1280.0 x 720.0
11:56:51.230 [JavaFX Application Thread] DEBUG MainWindow           - Scaled scene size:    1280.0 x 720.0
11:56:51.230 [JavaFX Application Thread] DEBUG MainWindow           - Scaled ratio: (1.0, 1.0)
11:56:51.231 [JavaFX Application Thread] DEBUG MainWindow           - Set initial scene to StartupScene
11:56:51.237 [JavaFX Application Thread] DEBUG MainWindow           - Opening main window
11:56:51.306 [JavaFX Application Thread] DEBUG MainWindow           - Window border size: (16.0, 39.0)
11:56:51.306 [JavaFX Application Thread] DEBUG MainWindow           - Scaled size: 1280.0 x 720.0
11:56:51.306 [JavaFX Application Thread] DEBUG MainWindow           - Scaled ratio: (1.0, 1.0)
11:56:51.306 [JavaFX Application Thread] DEBUG MainWindow           - Scene size: 1280.0 x 720.0
11:56:51.307 [JavaFX Application Thread] DEBUG MainWindow           - Stage size: 1296.0 x 759.0
11:56:51.317 [FXGL Background Thread 1 ] DEBUG Engine               - Initializing environment variables
11:56:51.380 [FXGL Background Thread 1 ] DEBUG GameApplicationServi - Applying CSS: fxgl_dark.css
11:56:51.380 [FXGL Background Thread 1 ] DEBUG FXGLAssetLoaderServi - Loading from file system: /assets/ui/css/fxgl_dark.css
11:56:51.437 [FXGL Background Thread 1 ] DEBUG GameApplicationServi - Initializing application scenes
11:56:51.476 [FXGL Background Thread 1 ] DEBUG GameWorld            - Game world initialized
11:56:51.565 [FXGL Background Thread 1 ] DEBUG PhysicsWorld         - Physics world initialized: appHeight=720, physics.ppm=50.0
11:56:51.568 [FXGL Background Thread 1 ] DEBUG GameScene            - Game scene initialized: 1280x720
11:56:51.596 [FXGL Background Thread 1 ] DEBUG FXGLAssetLoaderServi - Loading from file system: /assets/textures/particles/trace_horizontal.png
11:56:51.638 [FXGL Background Thread 1 ] DEBUG FXGL.DefaultMenu     - createMenuBodyGameMenu()
11:56:51.649 [FXGL Background Thread 1 ] DEBUG FXGL.DefaultMenu     - createOptionsMenu()
11:56:51.653 [FXGL Background Thread 1 ] DEBUG FXGLAssetLoaderServi - Loading from file system: /assets/textures/particles/smoke.png
11:56:51.702 [FXGL Background Thread 1 ] DEBUG GameApplicationServi - Application scenes initialized
11:56:51.713 [FXGL Background Thread 1 ] DEBUG SystemBundleService  - Loading FXGL system data
11:56:51.717 [FXGL Background Thread 1 ] DEBUG FileSystemAccess     - Reading from: C:\Users\parme\OneDrive - University of Brighton\ddp17_modules\#Year 3\CI628 - Multplayer\CI628-PongServer-master\system\fxgl.bundle
11:56:51.724 [FXGL Background Thread 1 ] DEBUG SystemBundleService  - Bundle FXGL: {}
11:56:51.724 [FXGL Background Thread 1 ] DEBUG UpdaterService       - Checking for updates
11:56:51.727 [FXGL Background Thread 4 ] DEBUG FXGLApplication      - Loading fonts
11:56:51.727 [FXGL Background Thread 4 ] DEBUG FXGLAssetLoaderServi - Loading from file system: /assets/ui/fonts/pong.ttf
11:56:51.727 [FXGL Background Thread 1 ] DEBUG FXGLApplication      - Loading default localization
11:56:51.727 [FXGL Background Thread 1 ] DEBUG FXGLAssetLoaderServi - Loading from file system: /assets/languages/english.lang
11:56:51.745 [FXGL Background Thread 1 ] INFO  FXGLApplication      - FXGL initialization took: 0.427 sec
11:56:51.753 [JavaFX Application Thread] DEBUG Input                - Registered new binding: Up1 - W
11:56:51.753 [JavaFX Application Thread] DEBUG Input                - Registered new binding: Down1 - S
11:56:51.754 [JavaFX Application Thread] DEBUG Input                - Registered new binding: Left1 - A
11:56:51.754 [JavaFX Application Thread] DEBUG Input                - Registered new binding: Right1 - D
11:56:51.754 [JavaFX Application Thread] DEBUG Input                - Registered new binding: Up2 - I
11:56:51.754 [JavaFX Application Thread] DEBUG Input                - Registered new binding: Down2 - K
11:56:51.754 [JavaFX Application Thread] DEBUG Input                - Registered new binding: left2 - J
11:56:51.755 [JavaFX Application Thread] DEBUG Input                - Registered new binding: right2 - L
11:56:51.755 [JavaFX Application Thread] DEBUG FXGLAssetLoaderServi - Loading from file system: /assets/textures/fxgl_icon.png
11:56:51.780 [FXGL Background Thread 4 ] DEBUG FXGLAssetLoaderServi - Loading from file system: /assets/ui/fonts/Abel-Regular.ttf
11:56:51.781 [JavaFX Application Thread] DEBUG FXGLAssetLoaderServi - Loading from file system: /assets/ui/cursors/fxgl_default.png
11:56:51.783 [JavaFX Application Thread] DEBUG Input                - Registered new binding: Screenshot - P
11:56:51.784 [JavaFX Application Thread] DEBUG Input                - Registered new binding: System info dump - CTRL+9
11:56:51.784 [JavaFX Application Thread] DEBUG Input                - Registered new binding: Restart - CTRL+R
11:56:51.785 [JavaFX Application Thread] DEBUG Input                - Registered new binding: Toggle Debug Camera - CTRL+C
11:56:51.787 [JavaFX Application Thread] DEBUG LoopRunner           - Starting loop
11:56:51.788 [JavaFX Application Thread] DEBUG GameApplicationServi - Starting new game
11:56:51.789 [JavaFX Application Thread] DEBUG Input                - Clearing active input actions
11:56:51.805 [JavaFX Application Thread] DEBUG GameApplicationServi - Removing overlay from StartupScene and adding to FXGLLoadingScene
11:56:51.805 [JavaFX Application Thread] DEBUG MainWindow           - StartupScene -> FXGLLoadingScene
11:56:51.806 [JavaFX Application Thread] DEBUG GameApplicationServi - Clearing previous game
11:56:51.806 [JavaFX Application Thread] DEBUG GameScene            - Clearing game scene
11:56:51.806 [JavaFX Application Thread] DEBUG GameWorld            - Clearing game world
11:56:51.806 [JavaFX Application Thread] DEBUG PhysicsWorld         - Clearing physics world
11:56:51.807 [FXGL Background Thread 4 ] DEBUG FXGLAssetLoaderServi - Loading from file system: /assets/ui/fonts/lucida_console.ttf
11:56:51.812 [FXGL Background Thread 1 ] DEBUG FXGLApplication      - Initializing game
11:56:51.833 [FXGL Background Thread 4 ] DEBUG FXGLAssetLoaderServi - Loading from file system: /assets/ui/fonts/Courier-Prime.ttf
11:56:51.869 [JavaFX Application Thread] DEBUG FXGLApplication      - Registering font factories with UI factory
11:56:51.880 [FXGL Background Thread 1 ] DEBUG FXGLAssetLoaderServi - Loading from file system: /assets/ui/main.fxml
11:56:51.884 [Thread-4                 ] DEBUG TCPServer            - Starting to listen at: 55555 type: class java.lang.String
11:56:52.008 [FXGL Background Thread 1 ] INFO  FXGLApplication      - Game initialization took: 0.195 sec
11:56:52.009 [JavaFX Application Thread] DEBUG Input                - Clearing active input actions
11:56:52.020 [JavaFX Application Thread] DEBUG GameApplicationServi - Removing overlay from FXGLLoadingScene and adding to GameScene
11:56:52.020 [JavaFX Application Thread] DEBUG MainWindow           - FXGLLoadingScene -> GameScene
11:56:52.327 [FXGL Background Thread 2 ] INFO  UpdaterService       - Your current version:  11.11
11:56:52.327 [FXGL Background Thread 2 ] INFO  UpdaterService       - Latest stable version: 21+dev-SNAPSHOT
11:56:54.731 [FXGL Background Thread 3 ] DEBUG Engine               - Logging environment variables
11:56:54.735 [FXGL Background Thread 3 ] DEBUG Engine               - achievements: []
11:56:54.735 [FXGL Background Thread 3 ] DEBUG Engine               - appIcon: fxgl_icon.png
11:56:54.736 [FXGL Background Thread 3 ] DEBUG Engine               - applicationMode: DEBUG
11:56:54.737 [FXGL Background Thread 3 ] DEBUG Engine               - cSSList: [fxgl_dark.css]
11:56:54.737 [FXGL Background Thread 3 ] DEBUG Engine               - configClass: Optional.empty
11:56:54.737 [FXGL Background Thread 3 ] DEBUG Engine               - credits: []
11:56:54.738 [FXGL Background Thread 3 ] DEBUG Engine               - devBBoxColorProperty: ObjectProperty [value: 0xff0000ff]
11:56:54.739 [FXGL Background Thread 3 ] DEBUG Engine               - devEnableDebugCameraProperty: BooleanProperty [value: false]
11:56:54.739 [FXGL Background Thread 3 ] DEBUG Engine               - devSensorColorProperty: ObjectProperty [value: 0xffff00ff]
11:56:54.739 [FXGL Background Thread 3 ] DEBUG Engine               - devShowBBoxProperty: BooleanProperty [value: false]
11:56:54.739 [FXGL Background Thread 3 ] DEBUG Engine               - devShowPositionProperty: BooleanProperty [value: false]
11:56:54.739 [FXGL Background Thread 3 ] DEBUG Engine               - enabledMenuItems: []
11:56:54.740 [FXGL Background Thread 3 ] DEBUG Engine               - engineServices: [class com.almasb.fxgl.app.FXGLApplication$GameApplicationService, class com.almasb.fxgl.app.services.FXGLDialogService, class com.almasb.fxgl.app.services.IOTaskExecutorService, class com.almasb.fxgl.event.EventBusService, class com.almasb.fxgl.io.FileSystemService, class com.almasb.fxgl.localization.LocalizationService, class com.almasb.fxgl.app.services.FXGLAssetLoaderService, class com.almasb.fxgl.app.services.SystemBundleService, class com.almasb.fxgl.profile.SaveLoadService, class com.almasb.fxgl.ui.FXGLUIFactoryServiceProvider, class com.almasb.fxgl.ui.FXGLDialogFactoryServiceProvider, class com.almasb.fxgl.audio.AudioPlayer, class com.almasb.fxgl.notification.impl.NotificationServiceProvider, class com.almasb.fxgl.achievement.AchievementService, class com.almasb.fxgl.cutscene.CutsceneService, class com.almasb.fxgl.minigames.MiniGameService, class com.almasb.fxgl.net.NetService, class com.almasb.fxgl.app.services.UpdaterService, class com.almasb.fxgl.dev.DevService]
11:56:54.740 [FXGL Background Thread 3 ] DEBUG Engine               - fontGame: Abel-Regular.ttf
11:56:54.740 [FXGL Background Thread 3 ] DEBUG Engine               - fontMono: lucida_console.ttf
11:56:54.740 [FXGL Background Thread 3 ] DEBUG Engine               - fontText: Courier-Prime.ttf
11:56:54.740 [FXGL Background Thread 3 ] DEBUG Engine               - fontUI: pong.ttf
11:56:54.740 [FXGL Background Thread 3 ] DEBUG Engine               - fullScreen: BooleanProperty [value: false]
11:56:54.740 [FXGL Background Thread 3 ] DEBUG Engine               - gameDifficulty: MEDIUM
11:56:54.741 [FXGL Background Thread 3 ] DEBUG Engine               - gameDifficultyProperty: ObjectProperty [value: MEDIUM]
11:56:54.741 [FXGL Background Thread 3 ] DEBUG Engine               - globalMusicVolume: 0.5
11:56:54.741 [FXGL Background Thread 3 ] DEBUG Engine               - globalMusicVolumeProperty: DoubleProperty [value: 0.5]
11:56:54.741 [FXGL Background Thread 3 ] DEBUG Engine               - globalSoundVolume: 0.5
11:56:54.742 [FXGL Background Thread 3 ] DEBUG Engine               - globalSoundVolumeProperty: DoubleProperty [value: 0.5]
11:56:54.742 [FXGL Background Thread 3 ] DEBUG Engine               - height: 720
11:56:54.742 [FXGL Background Thread 3 ] DEBUG Engine               - isAndroid: false
11:56:54.743 [FXGL Background Thread 3 ] DEBUG Engine               - isBrowser: false
11:56:54.744 [FXGL Background Thread 3 ] DEBUG Engine               - isClickFeedbackEnabled: false
11:56:54.744 [FXGL Background Thread 3 ] DEBUG Engine               - isCloseConfirmation: false
11:56:54.751 [FXGL Background Thread 3 ] DEBUG Engine               - isDesktop: true
11:56:54.752 [FXGL Background Thread 3 ] DEBUG Engine               - isDeveloperMenuEnabled: false
11:56:54.752 [FXGL Background Thread 3 ] DEBUG Engine               - isEntityPreloadEnabled: true
11:56:54.752 [FXGL Background Thread 3 ] DEBUG Engine               - isExperimentalNative: false
11:56:54.752 [FXGL Background Thread 3 ] DEBUG Engine               - isExperimentalTiledLargeMap: false
11:56:54.753 [FXGL Background Thread 3 ] DEBUG Engine               - isFileSystemWriteAllowed: true
11:56:54.753 [FXGL Background Thread 3 ] DEBUG Engine               - isFullScreenAllowed: false
11:56:54.753 [FXGL Background Thread 3 ] DEBUG Engine               - isFullScreenFromStart: false
11:56:54.753 [FXGL Background Thread 3 ] DEBUG Engine               - isGameMenuEnabled: true
11:56:54.753 [FXGL Background Thread 3 ] DEBUG Engine               - isIOS: false
11:56:54.753 [FXGL Background Thread 3 ] DEBUG Engine               - isIntroEnabled: false
11:56:54.753 [FXGL Background Thread 3 ] DEBUG Engine               - isLinux: false
11:56:54.753 [FXGL Background Thread 3 ] DEBUG Engine               - isMac: false
11:56:54.753 [FXGL Background Thread 3 ] DEBUG Engine               - isMainMenuEnabled: false
11:56:54.753 [FXGL Background Thread 3 ] DEBUG Engine               - isManualResizeEnabled: false
11:56:54.754 [FXGL Background Thread 3 ] DEBUG Engine               - isMobile: false
11:56:54.754 [FXGL Background Thread 3 ] DEBUG Engine               - isPreserveResizeRatio: false
11:56:54.754 [FXGL Background Thread 3 ] DEBUG Engine               - isProfilingEnabled: false
11:56:54.754 [FXGL Background Thread 3 ] DEBUG Engine               - isSingleStep: false
11:56:54.754 [FXGL Background Thread 3 ] DEBUG Engine               - isUserProfileEnabled: false
11:56:54.754 [FXGL Background Thread 3 ] DEBUG Engine               - isWindows: true
11:56:54.755 [FXGL Background Thread 3 ] DEBUG Engine               - language: ObjectProperty [value: ENGLISH]
11:56:54.755 [FXGL Background Thread 3 ] DEBUG Engine               - menuKey: ESCAPE
11:56:54.755 [FXGL Background Thread 3 ] DEBUG Engine               - notificationViewClass: class com.almasb.fxgl.notification.view.XboxNotificationView
11:56:54.755 [FXGL Background Thread 3 ] DEBUG Engine               - pixelsPerMeter: 50.0
11:56:54.755 [FXGL Background Thread 3 ] DEBUG Engine               - platform: WINDOWS
11:56:54.755 [FXGL Background Thread 3 ] DEBUG Engine               - profileDir: profiles/
11:56:54.755 [FXGL Background Thread 3 ] DEBUG Engine               - profileName: StringProperty [value: DEFAULT]
11:56:54.755 [FXGL Background Thread 3 ] DEBUG Engine               - randomSeed: -1
11:56:54.755 [FXGL Background Thread 3 ] DEBUG Engine               - runtimeInfo: RuntimeInfo(platform=WINDOWS, version=11.11, build=08.09.2020 18.00)
11:56:54.755 [FXGL Background Thread 3 ] DEBUG Engine               - saveFileExt: sav
11:56:54.756 [FXGL Background Thread 3 ] DEBUG Engine               - sceneFactory: com.almasb.fxgl.app.scene.SceneFactory@4fd2c2f
11:56:54.756 [FXGL Background Thread 3 ] DEBUG Engine               - secondsIn24h: 60
11:56:54.756 [FXGL Background Thread 3 ] DEBUG Engine               - soundMenuBack: menu/back.wav
11:56:54.757 [FXGL Background Thread 3 ] DEBUG Engine               - soundMenuPress: menu/press.wav
11:56:54.757 [FXGL Background Thread 3 ] DEBUG Engine               - soundMenuSelect: menu/select.wav
11:56:54.757 [FXGL Background Thread 3 ] DEBUG Engine               - soundNotification: core/notification.wav
11:56:54.757 [FXGL Background Thread 3 ] DEBUG Engine               - stageStyle: DECORATED
11:56:54.757 [FXGL Background Thread 3 ] DEBUG Engine               - supportedLanguages: [ENGLISH, FRENCH, GERMAN, HUNGARIAN, RUSSIAN]
11:56:54.757 [FXGL Background Thread 3 ] DEBUG Engine               - title: Striker
11:56:54.757 [FXGL Background Thread 3 ] DEBUG Engine               - urlGithub: https://github.com/AlmasB/FXGL
11:56:54.757 [FXGL Background Thread 3 ] DEBUG Engine               - urlLeaderboard: http://fxgl-top.herokuapp.com/
11:56:54.758 [FXGL Background Thread 3 ] DEBUG Engine               - urlPOM: https://raw.githubusercontent.com/AlmasB/FXGL/master/pom.xml
11:56:54.758 [FXGL Background Thread 3 ] DEBUG Engine               - version: 1.1
11:56:54.758 [FXGL Background Thread 3 ] DEBUG Engine               - versionCheckDays: 7
11:56:54.758 [FXGL Background Thread 3 ] DEBUG Engine               - width: 1280
11:56:54.758 [FXGL Background Thread 3 ] DEBUG Engine               - Logging services
11:56:54.758 [FXGL Background Thread 3 ] DEBUG Engine               - class com.almasb.fxgl.app.FXGLApplication$GameApplicationService
11:56:54.758 [FXGL Background Thread 3 ] DEBUG Engine               - class com.almasb.fxgl.app.services.FXGLDialogService
11:56:54.758 [FXGL Background Thread 3 ] DEBUG Engine               - class com.almasb.fxgl.app.services.IOTaskExecutorService
11:56:54.758 [FXGL Background Thread 3 ] DEBUG Engine               - class com.almasb.fxgl.event.EventBusService
11:56:54.759 [FXGL Background Thread 3 ] DEBUG Engine               - class com.almasb.fxgl.io.FileSystemService
11:56:54.759 [FXGL Background Thread 3 ] DEBUG Engine               - class com.almasb.fxgl.localization.LocalizationService
11:56:54.759 [FXGL Background Thread 3 ] DEBUG Engine               - class com.almasb.fxgl.app.services.FXGLAssetLoaderService
11:56:54.759 [FXGL Background Thread 3 ] DEBUG Engine               - class com.almasb.fxgl.app.services.SystemBundleService
11:56:54.759 [FXGL Background Thread 3 ] DEBUG Engine               - class com.almasb.fxgl.profile.SaveLoadService
11:56:54.759 [FXGL Background Thread 3 ] DEBUG Engine               - class com.almasb.fxgl.ui.FXGLUIFactoryServiceProvider
11:56:54.759 [FXGL Background Thread 3 ] DEBUG Engine               - class com.almasb.fxgl.ui.FXGLDialogFactoryServiceProvider
11:56:54.759 [FXGL Background Thread 3 ] DEBUG Engine               - class com.almasb.fxgl.audio.AudioPlayer
11:56:54.760 [FXGL Background Thread 3 ] DEBUG Engine               - class com.almasb.fxgl.notification.impl.NotificationServiceProvider
11:56:54.760 [FXGL Background Thread 3 ] DEBUG Engine               - class com.almasb.fxgl.achievement.AchievementService
11:56:54.760 [FXGL Background Thread 3 ] DEBUG Engine               - class com.almasb.fxgl.cutscene.CutsceneService
11:56:54.760 [FXGL Background Thread 3 ] DEBUG Engine               - class com.almasb.fxgl.minigames.MiniGameService
11:56:54.760 [FXGL Background Thread 3 ] DEBUG Engine               - class com.almasb.fxgl.net.NetService
11:56:54.760 [FXGL Background Thread 3 ] DEBUG Engine               - class com.almasb.fxgl.app.services.UpdaterService
11:56:54.761 [FXGL Background Thread 3 ] DEBUG Engine               - class com.almasb.fxgl.dev.DevService
11:56:56.023 [Thread-4                 ] DEBUG Endpoint             - TCPServer opening new connection (1) from /127.0.0.1:62857 type: class java.lang.String
11:56:56.024 [Thread-4                 ] DEBUG Endpoint             - TCPServer successfully opened connection (1)
11:56:56.026 [TCPServer_SendThread-1   ] DEBUG Writers              - Getting TCPMessageWriter for class java.lang.String
11:56:56.028 [TCPServer_SendThread-1   ] DEBUG Writers              - Constructed TCPMessageWriter for class java.lang.String: MessageWriterS
11:56:56.030 [TCPServer_RecvThread-1   ] DEBUG Readers              - Getting TCPMessageReader for class java.lang.String
11:56:56.033 [TCPServer_RecvThread-1   ] DEBUG Readers              - Constructed MessageReader for class java.lang.String: MessageReaderS
11:56:59.665 [JavaFX Application Thread] DEBUG FXGLApplication      - Exiting FXGL
11:56:59.665 [JavaFX Application Thread] DEBUG LoopRunner           - Stopping loop
11:56:59.665 [JavaFX Application Thread] DEBUG SystemBundleService  - Saving FXGL system data
11:56:59.667 [JavaFX Application Thread] DEBUG FileSystemAccess     - Writing to: C:\Users\parme\OneDrive - University of Brighton\ddp17_modules\#Year 3\CI628 - Multplayer\CI628-PongServer-master\system\fxgl.bundle
11:56:59.669 [JavaFX Application Thread] DEBUG Async                - Shutting down background threads
11:56:59.669 [JavaFX Application Thread] DEBUG MainWindow           - Closing main window
11:56:59.673 [JavaFX Application Thread] DEBUG Logger               - Closing Logger
