22:07:28.568 [main                     ] DEBUG Logger               - Configured Logger
22:07:28.573 [main                     ] DEBUG GameApplication      - Logging settings
Title: Striker
Version: 1.1
Width: 1280
Height: 720
Fullscreen: false
Intro: false
Profiling: false
Single step:false
App Mode: DEBUG
Menu Key: ESCAPE
Stage Style: DECORATED
Scene Factory: class com.almasb.fxgl.app.scene.SceneFactory

22:07:28.932 [JavaFX Application Thread] DEBUG FXGLApplication      - Initializing FXGL
22:07:28.936 [JavaFX Application Thread] INFO  Engine               - FXGL-11.11 (08.09.2020 18.00) on WINDOWS (J:22.0.2 FX:14)
22:07:28.936 [JavaFX Application Thread] DEBUG Engine               - JRE Vendor Name: Amazon.com Inc.
22:07:28.936 [JavaFX Application Thread] DEBUG Engine               - Running on OS: Windows 11 version 10.0
22:07:28.936 [JavaFX Application Thread] DEBUG Engine               - Architecture: amd64
22:07:28.936 [JavaFX Application Thread] INFO  Engine               - Source code and latest versions at: https://github.com/AlmasB/FXGL
22:07:28.936 [JavaFX Application Thread] INFO  Engine               -              Join the FXGL chat at: https://gitter.im/AlmasB/FXGL
22:07:29.016 [JavaFX Application Thread] DEBUG MainWindow           - Creating a JavaFX scene
22:07:29.051 [JavaFX Application Thread] DEBUG MainWindow           - Target settings size: 1280.0 x 720.0
22:07:29.051 [JavaFX Application Thread] DEBUG MainWindow           - Scaled scene size:    1280.0 x 720.0
22:07:29.051 [JavaFX Application Thread] DEBUG MainWindow           - Scaled ratio: (1.0, 1.0)
22:07:29.052 [JavaFX Application Thread] DEBUG MainWindow           - Set initial scene to StartupScene
22:07:29.056 [JavaFX Application Thread] DEBUG MainWindow           - Opening main window
22:07:29.115 [JavaFX Application Thread] DEBUG MainWindow           - Window border size: (16.0, 39.0)
22:07:29.115 [JavaFX Application Thread] DEBUG MainWindow           - Scaled size: 1280.0 x 720.0
22:07:29.115 [JavaFX Application Thread] DEBUG MainWindow           - Scaled ratio: (1.0, 1.0)
22:07:29.115 [JavaFX Application Thread] DEBUG MainWindow           - Scene size: 1280.0 x 720.0
22:07:29.115 [JavaFX Application Thread] DEBUG MainWindow           - Stage size: 1296.0 x 759.0
22:07:29.122 [FXGL Background Thread 1 ] DEBUG Engine               - Initializing environment variables
22:07:29.166 [FXGL Background Thread 1 ] DEBUG GameApplicationServi - Applying CSS: fxgl_dark.css
22:07:29.167 [FXGL Background Thread 1 ] DEBUG FXGLAssetLoaderServi - Loading from file system: /assets/ui/css/fxgl_dark.css
22:07:29.213 [FXGL Background Thread 1 ] DEBUG GameApplicationServi - Initializing application scenes
22:07:29.256 [FXGL Background Thread 1 ] DEBUG GameWorld            - Game world initialized
22:07:29.323 [FXGL Background Thread 1 ] DEBUG PhysicsWorld         - Physics world initialized: appHeight=720, physics.ppm=50.0
22:07:29.325 [FXGL Background Thread 1 ] DEBUG GameScene            - Game scene initialized: 1280x720
22:07:29.349 [FXGL Background Thread 1 ] DEBUG FXGLAssetLoaderServi - Loading from file system: /assets/textures/particles/trace_horizontal.png
22:07:29.385 [FXGL Background Thread 1 ] DEBUG FXGL.DefaultMenu     - createMenuBodyGameMenu()
22:07:29.396 [FXGL Background Thread 1 ] DEBUG FXGL.DefaultMenu     - createOptionsMenu()
22:07:29.399 [FXGL Background Thread 1 ] DEBUG FXGLAssetLoaderServi - Loading from file system: /assets/textures/particles/smoke.png
22:07:29.440 [FXGL Background Thread 1 ] DEBUG GameApplicationServi - Application scenes initialized
22:07:29.447 [FXGL Background Thread 1 ] DEBUG SystemBundleService  - Loading FXGL system data
22:07:29.450 [FXGL Background Thread 1 ] DEBUG FileSystemAccess     - Reading from: C:\Users\parme\OneDrive - University of Brighton\ddp17_modules\#Year 3\CI628 - Multplayer\CI628-PongServer-master\system\fxgl.bundle
22:07:29.458 [FXGL Background Thread 1 ] DEBUG SystemBundleService  - Bundle FXGL: {}
22:07:29.458 [FXGL Background Thread 1 ] DEBUG UpdaterService       - Checking for updates
22:07:29.462 [FXGL Background Thread 4 ] DEBUG FXGLApplication      - Loading fonts
22:07:29.462 [FXGL Background Thread 4 ] DEBUG FXGLAssetLoaderServi - Loading from file system: /assets/ui/fonts/pong.ttf
22:07:29.462 [FXGL Background Thread 1 ] DEBUG FXGLApplication      - Loading default localization
22:07:29.463 [FXGL Background Thread 1 ] DEBUG FXGLAssetLoaderServi - Loading from file system: /assets/languages/english.lang
22:07:29.487 [FXGL Background Thread 1 ] INFO  FXGLApplication      - FXGL initialization took: 0.365 sec
22:07:29.494 [JavaFX Application Thread] DEBUG Input                - Registered new binding: Up1 - W
22:07:29.495 [JavaFX Application Thread] DEBUG Input                - Registered new binding: Down1 - S
22:07:29.495 [JavaFX Application Thread] DEBUG Input                - Registered new binding: Left1 - A
22:07:29.495 [JavaFX Application Thread] DEBUG Input                - Registered new binding: Right1 - D
22:07:29.495 [JavaFX Application Thread] DEBUG Input                - Registered new binding: Up2 - I
22:07:29.496 [JavaFX Application Thread] DEBUG Input                - Registered new binding: Down2 - K
22:07:29.496 [JavaFX Application Thread] DEBUG Input                - Registered new binding: left2 - J
22:07:29.496 [JavaFX Application Thread] DEBUG Input                - Registered new binding: right2 - L
22:07:29.496 [JavaFX Application Thread] DEBUG FXGLAssetLoaderServi - Loading from file system: /assets/textures/fxgl_icon.png
22:07:29.508 [FXGL Background Thread 4 ] DEBUG FXGLAssetLoaderServi - Loading from file system: /assets/ui/fonts/Abel-Regular.ttf
22:07:29.523 [JavaFX Application Thread] DEBUG FXGLAssetLoaderServi - Loading from file system: /assets/ui/cursors/fxgl_default.png
22:07:29.525 [FXGL Background Thread 4 ] DEBUG FXGLAssetLoaderServi - Loading from file system: /assets/ui/fonts/lucida_console.ttf
22:07:29.525 [JavaFX Application Thread] DEBUG Input                - Registered new binding: Screenshot - P
22:07:29.526 [JavaFX Application Thread] DEBUG Input                - Registered new binding: System info dump - CTRL+9
22:07:29.526 [JavaFX Application Thread] DEBUG Input                - Registered new binding: Restart - CTRL+R
22:07:29.527 [JavaFX Application Thread] DEBUG Input                - Registered new binding: Toggle Debug Camera - CTRL+C
22:07:29.528 [JavaFX Application Thread] DEBUG LoopRunner           - Starting loop
22:07:29.529 [JavaFX Application Thread] DEBUG GameApplicationServi - Starting new game
22:07:29.530 [JavaFX Application Thread] DEBUG Input                - Clearing active input actions
22:07:29.540 [FXGL Background Thread 4 ] DEBUG FXGLAssetLoaderServi - Loading from file system: /assets/ui/fonts/Courier-Prime.ttf
22:07:29.541 [JavaFX Application Thread] DEBUG GameApplicationServi - Removing overlay from StartupScene and adding to FXGLLoadingScene
22:07:29.541 [JavaFX Application Thread] DEBUG MainWindow           - StartupScene -> FXGLLoadingScene
22:07:29.541 [JavaFX Application Thread] DEBUG GameApplicationServi - Clearing previous game
22:07:29.542 [JavaFX Application Thread] DEBUG GameScene            - Clearing game scene
22:07:29.542 [JavaFX Application Thread] DEBUG GameWorld            - Clearing game world
22:07:29.542 [JavaFX Application Thread] DEBUG PhysicsWorld         - Clearing physics world
22:07:29.543 [FXGL Background Thread 1 ] DEBUG FXGLApplication      - Initializing game
22:07:29.579 [JavaFX Application Thread] DEBUG FXGLApplication      - Registering font factories with UI factory
22:07:29.591 [FXGL Background Thread 1 ] DEBUG FXGLAssetLoaderServi - Loading from file system: /assets/ui/main.fxml
22:07:29.594 [Thread-4                 ] DEBUG TCPServer            - Starting to listen at: 55555 type: class java.lang.String
22:07:29.595 [Thread-4                 ] WARN  IOTask               - ServerStart failed Error: java.lang.RuntimeException: Failed to start: Address already in use: bind
22:07:29.686 [FXGL Background Thread 1 ] INFO  FXGLApplication      - Game initialization took: 0.143 sec
22:07:29.687 [JavaFX Application Thread] DEBUG Input                - Clearing active input actions
22:07:29.696 [JavaFX Application Thread] DEBUG GameApplicationServi - Removing overlay from FXGLLoadingScene and adding to GameScene
22:07:29.696 [JavaFX Application Thread] DEBUG MainWindow           - FXGLLoadingScene -> GameScene
22:07:29.931 [FXGL Background Thread 2 ] INFO  UpdaterService       - Your current version:  11.11
22:07:29.931 [FXGL Background Thread 2 ] INFO  UpdaterService       - Latest stable version: 21+dev-SNAPSHOT
22:07:32.462 [FXGL Background Thread 3 ] DEBUG Engine               - Logging environment variables
22:07:32.462 [FXGL Background Thread 3 ] DEBUG Engine               - achievements: []
22:07:32.462 [FXGL Background Thread 3 ] DEBUG Engine               - appIcon: fxgl_icon.png
22:07:32.462 [FXGL Background Thread 3 ] DEBUG Engine               - applicationMode: DEBUG
22:07:32.462 [FXGL Background Thread 3 ] DEBUG Engine               - cSSList: [fxgl_dark.css]
22:07:32.463 [FXGL Background Thread 3 ] DEBUG Engine               - configClass: Optional.empty
22:07:32.463 [FXGL Background Thread 3 ] DEBUG Engine               - credits: []
22:07:32.463 [FXGL Background Thread 3 ] DEBUG Engine               - devBBoxColorProperty: ObjectProperty [value: 0xff0000ff]
22:07:32.463 [FXGL Background Thread 3 ] DEBUG Engine               - devEnableDebugCameraProperty: BooleanProperty [value: false]
22:07:32.463 [FXGL Background Thread 3 ] DEBUG Engine               - devSensorColorProperty: ObjectProperty [value: 0xffff00ff]
22:07:32.463 [FXGL Background Thread 3 ] DEBUG Engine               - devShowBBoxProperty: BooleanProperty [value: false]
22:07:32.463 [FXGL Background Thread 3 ] DEBUG Engine               - devShowPositionProperty: BooleanProperty [value: false]
22:07:32.463 [FXGL Background Thread 3 ] DEBUG Engine               - enabledMenuItems: []
22:07:32.463 [FXGL Background Thread 3 ] DEBUG Engine               - engineServices: [class com.almasb.fxgl.app.FXGLApplication$GameApplicationService, class com.almasb.fxgl.app.services.FXGLDialogService, class com.almasb.fxgl.app.services.IOTaskExecutorService, class com.almasb.fxgl.event.EventBusService, class com.almasb.fxgl.io.FileSystemService, class com.almasb.fxgl.localization.LocalizationService, class com.almasb.fxgl.app.services.FXGLAssetLoaderService, class com.almasb.fxgl.app.services.SystemBundleService, class com.almasb.fxgl.profile.SaveLoadService, class com.almasb.fxgl.ui.FXGLUIFactoryServiceProvider, class com.almasb.fxgl.ui.FXGLDialogFactoryServiceProvider, class com.almasb.fxgl.audio.AudioPlayer, class com.almasb.fxgl.notification.impl.NotificationServiceProvider, class com.almasb.fxgl.achievement.AchievementService, class com.almasb.fxgl.cutscene.CutsceneService, class com.almasb.fxgl.minigames.MiniGameService, class com.almasb.fxgl.net.NetService, class com.almasb.fxgl.app.services.UpdaterService, class com.almasb.fxgl.dev.DevService]
22:07:32.463 [FXGL Background Thread 3 ] DEBUG Engine               - fontGame: Abel-Regular.ttf
22:07:32.463 [FXGL Background Thread 3 ] DEBUG Engine               - fontMono: lucida_console.ttf
22:07:32.463 [FXGL Background Thread 3 ] DEBUG Engine               - fontText: Courier-Prime.ttf
22:07:32.463 [FXGL Background Thread 3 ] DEBUG Engine               - fontUI: pong.ttf
22:07:32.463 [FXGL Background Thread 3 ] DEBUG Engine               - fullScreen: BooleanProperty [value: false]
22:07:32.463 [FXGL Background Thread 3 ] DEBUG Engine               - gameDifficulty: MEDIUM
22:07:32.464 [FXGL Background Thread 3 ] DEBUG Engine               - gameDifficultyProperty: ObjectProperty [value: MEDIUM]
22:07:32.464 [FXGL Background Thread 3 ] DEBUG Engine               - globalMusicVolume: 0.5
22:07:32.464 [FXGL Background Thread 3 ] DEBUG Engine               - globalMusicVolumeProperty: DoubleProperty [value: 0.5]
22:07:32.464 [FXGL Background Thread 3 ] DEBUG Engine               - globalSoundVolume: 0.5
22:07:32.464 [FXGL Background Thread 3 ] DEBUG Engine               - globalSoundVolumeProperty: DoubleProperty [value: 0.5]
22:07:32.464 [FXGL Background Thread 3 ] DEBUG Engine               - height: 720
22:07:32.464 [FXGL Background Thread 3 ] DEBUG Engine               - isAndroid: false
22:07:32.464 [FXGL Background Thread 3 ] DEBUG Engine               - isBrowser: false
22:07:32.464 [FXGL Background Thread 3 ] DEBUG Engine               - isClickFeedbackEnabled: false
22:07:32.464 [FXGL Background Thread 3 ] DEBUG Engine               - isCloseConfirmation: false
22:07:32.464 [FXGL Background Thread 3 ] DEBUG Engine               - isDesktop: true
22:07:32.464 [FXGL Background Thread 3 ] DEBUG Engine               - isDeveloperMenuEnabled: false
22:07:32.464 [FXGL Background Thread 3 ] DEBUG Engine               - isEntityPreloadEnabled: true
22:07:32.464 [FXGL Background Thread 3 ] DEBUG Engine               - isExperimentalNative: false
22:07:32.464 [FXGL Background Thread 3 ] DEBUG Engine               - isExperimentalTiledLargeMap: false
22:07:32.464 [FXGL Background Thread 3 ] DEBUG Engine               - isFileSystemWriteAllowed: true
22:07:32.464 [FXGL Background Thread 3 ] DEBUG Engine               - isFullScreenAllowed: false
22:07:32.465 [FXGL Background Thread 3 ] DEBUG Engine               - isFullScreenFromStart: false
22:07:32.465 [FXGL Background Thread 3 ] DEBUG Engine               - isGameMenuEnabled: true
22:07:32.465 [FXGL Background Thread 3 ] DEBUG Engine               - isIOS: false
22:07:32.465 [FXGL Background Thread 3 ] DEBUG Engine               - isIntroEnabled: false
22:07:32.465 [FXGL Background Thread 3 ] DEBUG Engine               - isLinux: false
22:07:32.465 [FXGL Background Thread 3 ] DEBUG Engine               - isMac: false
22:07:32.465 [FXGL Background Thread 3 ] DEBUG Engine               - isMainMenuEnabled: false
22:07:32.465 [FXGL Background Thread 3 ] DEBUG Engine               - isManualResizeEnabled: false
22:07:32.465 [FXGL Background Thread 3 ] DEBUG Engine               - isMobile: false
22:07:32.465 [FXGL Background Thread 3 ] DEBUG Engine               - isPreserveResizeRatio: false
22:07:32.465 [FXGL Background Thread 3 ] DEBUG Engine               - isProfilingEnabled: false
22:07:32.465 [FXGL Background Thread 3 ] DEBUG Engine               - isSingleStep: false
22:07:32.465 [FXGL Background Thread 3 ] DEBUG Engine               - isUserProfileEnabled: false
22:07:32.465 [FXGL Background Thread 3 ] DEBUG Engine               - isWindows: true
22:07:32.465 [FXGL Background Thread 3 ] DEBUG Engine               - language: ObjectProperty [value: ENGLISH]
22:07:32.465 [FXGL Background Thread 3 ] DEBUG Engine               - menuKey: ESCAPE
22:07:32.465 [FXGL Background Thread 3 ] DEBUG Engine               - notificationViewClass: class com.almasb.fxgl.notification.view.XboxNotificationView
22:07:32.466 [FXGL Background Thread 3 ] DEBUG Engine               - pixelsPerMeter: 50.0
22:07:32.466 [FXGL Background Thread 3 ] DEBUG Engine               - platform: WINDOWS
22:07:32.466 [FXGL Background Thread 3 ] DEBUG Engine               - profileDir: profiles/
22:07:32.466 [FXGL Background Thread 3 ] DEBUG Engine               - profileName: StringProperty [value: DEFAULT]
22:07:32.466 [FXGL Background Thread 3 ] DEBUG Engine               - randomSeed: -1
22:07:32.466 [FXGL Background Thread 3 ] DEBUG Engine               - runtimeInfo: RuntimeInfo(platform=WINDOWS, version=11.11, build=08.09.2020 18.00)
22:07:32.466 [FXGL Background Thread 3 ] DEBUG Engine               - saveFileExt: sav
22:07:32.466 [FXGL Background Thread 3 ] DEBUG Engine               - sceneFactory: com.almasb.fxgl.app.scene.SceneFactory@248dfce6
22:07:32.466 [FXGL Background Thread 3 ] DEBUG Engine               - secondsIn24h: 60
22:07:32.466 [FXGL Background Thread 3 ] DEBUG Engine               - soundMenuBack: menu/back.wav
22:07:32.466 [FXGL Background Thread 3 ] DEBUG Engine               - soundMenuPress: menu/press.wav
22:07:32.466 [FXGL Background Thread 3 ] DEBUG Engine               - soundMenuSelect: menu/select.wav
22:07:32.466 [FXGL Background Thread 3 ] DEBUG Engine               - soundNotification: core/notification.wav
22:07:32.466 [FXGL Background Thread 3 ] DEBUG Engine               - stageStyle: DECORATED
22:07:32.466 [FXGL Background Thread 3 ] DEBUG Engine               - supportedLanguages: [ENGLISH, FRENCH, GERMAN, HUNGARIAN, RUSSIAN]
22:07:32.466 [FXGL Background Thread 3 ] DEBUG Engine               - title: Striker
22:07:32.466 [FXGL Background Thread 3 ] DEBUG Engine               - urlGithub: https://github.com/AlmasB/FXGL
22:07:32.466 [FXGL Background Thread 3 ] DEBUG Engine               - urlLeaderboard: http://fxgl-top.herokuapp.com/
22:07:32.467 [FXGL Background Thread 3 ] DEBUG Engine               - urlPOM: https://raw.githubusercontent.com/AlmasB/FXGL/master/pom.xml
22:07:32.467 [FXGL Background Thread 3 ] DEBUG Engine               - version: 1.1
22:07:32.467 [FXGL Background Thread 3 ] DEBUG Engine               - versionCheckDays: 7
22:07:32.467 [FXGL Background Thread 3 ] DEBUG Engine               - width: 1280
22:07:32.467 [FXGL Background Thread 3 ] DEBUG Engine               - Logging services
22:07:32.467 [FXGL Background Thread 3 ] DEBUG Engine               - class com.almasb.fxgl.app.FXGLApplication$GameApplicationService
22:07:32.467 [FXGL Background Thread 3 ] DEBUG Engine               - class com.almasb.fxgl.app.services.FXGLDialogService
22:07:32.467 [FXGL Background Thread 3 ] DEBUG Engine               - class com.almasb.fxgl.app.services.IOTaskExecutorService
22:07:32.467 [FXGL Background Thread 3 ] DEBUG Engine               - class com.almasb.fxgl.event.EventBusService
22:07:32.467 [FXGL Background Thread 3 ] DEBUG Engine               - class com.almasb.fxgl.io.FileSystemService
22:07:32.467 [FXGL Background Thread 3 ] DEBUG Engine               - class com.almasb.fxgl.localization.LocalizationService
22:07:32.467 [FXGL Background Thread 3 ] DEBUG Engine               - class com.almasb.fxgl.app.services.FXGLAssetLoaderService
22:07:32.467 [FXGL Background Thread 3 ] DEBUG Engine               - class com.almasb.fxgl.app.services.SystemBundleService
22:07:32.467 [FXGL Background Thread 3 ] DEBUG Engine               - class com.almasb.fxgl.profile.SaveLoadService
22:07:32.467 [FXGL Background Thread 3 ] DEBUG Engine               - class com.almasb.fxgl.ui.FXGLUIFactoryServiceProvider
22:07:32.467 [FXGL Background Thread 3 ] DEBUG Engine               - class com.almasb.fxgl.ui.FXGLDialogFactoryServiceProvider
22:07:32.467 [FXGL Background Thread 3 ] DEBUG Engine               - class com.almasb.fxgl.audio.AudioPlayer
22:07:32.467 [FXGL Background Thread 3 ] DEBUG Engine               - class com.almasb.fxgl.notification.impl.NotificationServiceProvider
22:07:32.467 [FXGL Background Thread 3 ] DEBUG Engine               - class com.almasb.fxgl.achievement.AchievementService
22:07:32.468 [FXGL Background Thread 3 ] DEBUG Engine               - class com.almasb.fxgl.cutscene.CutsceneService
22:07:32.468 [FXGL Background Thread 3 ] DEBUG Engine               - class com.almasb.fxgl.minigames.MiniGameService
22:07:32.468 [FXGL Background Thread 3 ] DEBUG Engine               - class com.almasb.fxgl.net.NetService
22:07:32.468 [FXGL Background Thread 3 ] DEBUG Engine               - class com.almasb.fxgl.app.services.UpdaterService
22:07:32.468 [FXGL Background Thread 3 ] DEBUG Engine               - class com.almasb.fxgl.dev.DevService
22:07:33.454 [JavaFX Application Thread] DEBUG FXGLApplication      - Exiting FXGL
22:07:33.454 [JavaFX Application Thread] DEBUG LoopRunner           - Stopping loop
22:07:33.454 [JavaFX Application Thread] DEBUG SystemBundleService  - Saving FXGL system data
22:07:33.456 [JavaFX Application Thread] DEBUG FileSystemAccess     - Writing to: C:\Users\parme\OneDrive - University of Brighton\ddp17_modules\#Year 3\CI628 - Multplayer\CI628-PongServer-master\system\fxgl.bundle
22:07:33.458 [JavaFX Application Thread] DEBUG Async                - Shutting down background threads
22:07:33.458 [JavaFX Application Thread] DEBUG MainWindow           - Closing main window
22:07:33.469 [JavaFX Application Thread] DEBUG Logger               - Closing Logger
