23:26:52.715 [main                     ] DEBUG Logger               - Configured Logger
23:26:52.720 [main                     ] DEBUG GameApplication      - Logging settings
Title: Striker
Version: 1.1
Width: 1280
Height: 720
Fullscreen: false
Intro: false
Profiling: false
Single step:false
App Mode: DEBUG
Menu Key: ESCAPE
Stage Style: DECORATED
Scene Factory: class com.almasb.fxgl.app.scene.SceneFactory

23:26:53.095 [JavaFX Application Thread] DEBUG FXGLApplication      - Initializing FXGL
23:26:53.100 [JavaFX Application Thread] INFO  Engine               - FXGL-11.11 (08.09.2020 18.00) on WINDOWS (J:22.0.2 FX:14)
23:26:53.100 [JavaFX Application Thread] DEBUG Engine               - JRE Vendor Name: Amazon.com Inc.
23:26:53.100 [JavaFX Application Thread] DEBUG Engine               - Running on OS: Windows 11 version 10.0
23:26:53.100 [JavaFX Application Thread] DEBUG Engine               - Architecture: amd64
23:26:53.100 [JavaFX Application Thread] INFO  Engine               - Source code and latest versions at: https://github.com/AlmasB/FXGL
23:26:53.100 [JavaFX Application Thread] INFO  Engine               -              Join the FXGL chat at: https://gitter.im/AlmasB/FXGL
23:26:53.171 [JavaFX Application Thread] DEBUG MainWindow           - Creating a JavaFX scene
23:26:53.208 [JavaFX Application Thread] DEBUG MainWindow           - Target settings size: 1280.0 x 720.0
23:26:53.208 [JavaFX Application Thread] DEBUG MainWindow           - Scaled scene size:    1280.0 x 720.0
23:26:53.208 [JavaFX Application Thread] DEBUG MainWindow           - Scaled ratio: (1.0, 1.0)
23:26:53.209 [JavaFX Application Thread] DEBUG MainWindow           - Set initial scene to StartupScene
23:26:53.214 [JavaFX Application Thread] DEBUG MainWindow           - Opening main window
23:26:53.280 [JavaFX Application Thread] DEBUG MainWindow           - Window border size: (16.0, 39.0)
23:26:53.280 [JavaFX Application Thread] DEBUG MainWindow           - Scaled size: 1280.0 x 720.0
23:26:53.280 [JavaFX Application Thread] DEBUG MainWindow           - Scaled ratio: (1.0, 1.0)
23:26:53.281 [JavaFX Application Thread] DEBUG MainWindow           - Scene size: 1280.0 x 720.0
23:26:53.281 [JavaFX Application Thread] DEBUG MainWindow           - Stage size: 1296.0 x 759.0
23:26:53.286 [FXGL Background Thread 1 ] DEBUG Engine               - Initializing environment variables
23:26:53.333 [FXGL Background Thread 1 ] DEBUG GameApplicationServi - Applying CSS: fxgl_dark.css
23:26:53.334 [FXGL Background Thread 1 ] DEBUG FXGLAssetLoaderServi - Loading from file system: /assets/ui/css/fxgl_dark.css
23:26:53.375 [FXGL Background Thread 1 ] DEBUG GameApplicationServi - Initializing application scenes
23:26:53.407 [FXGL Background Thread 1 ] DEBUG GameWorld            - Game world initialized
23:26:53.479 [FXGL Background Thread 1 ] DEBUG PhysicsWorld         - Physics world initialized: appHeight=720, physics.ppm=50.0
23:26:53.481 [FXGL Background Thread 1 ] DEBUG GameScene            - Game scene initialized: 1280x720
23:26:53.506 [FXGL Background Thread 1 ] DEBUG FXGLAssetLoaderServi - Loading from file system: /assets/textures/particles/trace_horizontal.png
23:26:53.539 [FXGL Background Thread 1 ] DEBUG FXGL.DefaultMenu     - createMenuBodyGameMenu()
23:26:53.548 [FXGL Background Thread 1 ] DEBUG FXGL.DefaultMenu     - createOptionsMenu()
23:26:53.551 [FXGL Background Thread 1 ] DEBUG FXGLAssetLoaderServi - Loading from file system: /assets/textures/particles/smoke.png
23:26:53.603 [FXGL Background Thread 1 ] DEBUG GameApplicationServi - Application scenes initialized
23:26:53.614 [FXGL Background Thread 1 ] DEBUG SystemBundleService  - Loading FXGL system data
23:26:53.619 [FXGL Background Thread 1 ] DEBUG FileSystemAccess     - Reading from: C:\Users\parme\OneDrive - University of Brighton\ddp17_modules\#Year 3\CI628 - Multplayer\CI628-PongServer-master\system\fxgl.bundle
23:26:53.629 [FXGL Background Thread 1 ] DEBUG SystemBundleService  - Bundle FXGL: {}
23:26:53.629 [FXGL Background Thread 1 ] DEBUG UpdaterService       - Checking for updates
23:26:53.633 [FXGL Background Thread 4 ] DEBUG FXGLApplication      - Loading fonts
23:26:53.633 [FXGL Background Thread 4 ] DEBUG FXGLAssetLoaderServi - Loading from file system: /assets/ui/fonts/pong.ttf
23:26:53.633 [FXGL Background Thread 1 ] DEBUG FXGLApplication      - Loading default localization
23:26:53.634 [FXGL Background Thread 1 ] DEBUG FXGLAssetLoaderServi - Loading from file system: /assets/languages/english.lang
23:26:53.651 [FXGL Background Thread 1 ] INFO  FXGLApplication      - FXGL initialization took: 0.365 sec
23:26:53.661 [JavaFX Application Thread] DEBUG Input                - Registered new binding: Up1 - W
23:26:53.662 [JavaFX Application Thread] DEBUG Input                - Registered new binding: Down1 - S
23:26:53.662 [JavaFX Application Thread] DEBUG Input                - Registered new binding: Left1 - A
23:26:53.662 [JavaFX Application Thread] DEBUG Input                - Registered new binding: Right1 - D
23:26:53.662 [JavaFX Application Thread] DEBUG Input                - Registered new binding: Up2 - I
23:26:53.662 [JavaFX Application Thread] DEBUG Input                - Registered new binding: Down2 - K
23:26:53.662 [JavaFX Application Thread] DEBUG Input                - Registered new binding: left2 - J
23:26:53.662 [JavaFX Application Thread] DEBUG Input                - Registered new binding: right2 - L
23:26:53.663 [JavaFX Application Thread] DEBUG FXGLAssetLoaderServi - Loading from file system: /assets/textures/fxgl_icon.png
23:26:53.679 [FXGL Background Thread 4 ] DEBUG FXGLAssetLoaderServi - Loading from file system: /assets/ui/fonts/Abel-Regular.ttf
23:26:53.689 [JavaFX Application Thread] DEBUG FXGLAssetLoaderServi - Loading from file system: /assets/ui/cursors/fxgl_default.png
23:26:53.692 [JavaFX Application Thread] DEBUG Input                - Registered new binding: Screenshot - P
23:26:53.694 [JavaFX Application Thread] DEBUG Input                - Registered new binding: System info dump - CTRL+9
23:26:53.694 [JavaFX Application Thread] DEBUG Input                - Registered new binding: Restart - CTRL+R
23:26:53.694 [FXGL Background Thread 4 ] DEBUG FXGLAssetLoaderServi - Loading from file system: /assets/ui/fonts/lucida_console.ttf
23:26:53.695 [JavaFX Application Thread] DEBUG Input                - Registered new binding: Toggle Debug Camera - CTRL+C
23:26:53.697 [JavaFX Application Thread] DEBUG LoopRunner           - Starting loop
23:26:53.697 [JavaFX Application Thread] DEBUG GameApplicationServi - Starting new game
23:26:53.698 [JavaFX Application Thread] DEBUG Input                - Clearing active input actions
23:26:53.715 [FXGL Background Thread 4 ] DEBUG FXGLAssetLoaderServi - Loading from file system: /assets/ui/fonts/Courier-Prime.ttf
23:26:53.715 [JavaFX Application Thread] DEBUG GameApplicationServi - Removing overlay from StartupScene and adding to FXGLLoadingScene
23:26:53.716 [JavaFX Application Thread] DEBUG MainWindow           - StartupScene -> FXGLLoadingScene
23:26:53.716 [JavaFX Application Thread] DEBUG GameApplicationServi - Clearing previous game
23:26:53.716 [JavaFX Application Thread] DEBUG GameScene            - Clearing game scene
23:26:53.717 [JavaFX Application Thread] DEBUG GameWorld            - Clearing game world
23:26:53.717 [JavaFX Application Thread] DEBUG PhysicsWorld         - Clearing physics world
23:26:53.718 [FXGL Background Thread 1 ] DEBUG FXGLApplication      - Initializing game
23:26:53.757 [JavaFX Application Thread] DEBUG FXGLApplication      - Registering font factories with UI factory
23:26:53.770 [FXGL Background Thread 1 ] DEBUG FXGLAssetLoaderServi - Loading from file system: /assets/ui/main.fxml
23:26:53.786 [Thread-4                 ] DEBUG TCPServer            - Starting to listen at: 55555 type: class java.lang.String
23:26:53.874 [FXGL Background Thread 1 ] INFO  FXGLApplication      - Game initialization took: 0.155 sec
23:26:53.881 [JavaFX Application Thread] DEBUG Input                - Clearing active input actions
23:26:53.891 [JavaFX Application Thread] DEBUG GameApplicationServi - Removing overlay from FXGLLoadingScene and adding to GameScene
23:26:53.892 [JavaFX Application Thread] DEBUG MainWindow           - FXGLLoadingScene -> GameScene
23:26:54.147 [FXGL Background Thread 2 ] INFO  UpdaterService       - Your current version:  11.11
23:26:54.147 [FXGL Background Thread 2 ] INFO  UpdaterService       - Latest stable version: 21+dev-SNAPSHOT
23:26:56.633 [FXGL Background Thread 3 ] DEBUG Engine               - Logging environment variables
23:26:56.633 [FXGL Background Thread 3 ] DEBUG Engine               - achievements: []
23:26:56.633 [FXGL Background Thread 3 ] DEBUG Engine               - appIcon: fxgl_icon.png
23:26:56.633 [FXGL Background Thread 3 ] DEBUG Engine               - applicationMode: DEBUG
23:26:56.633 [FXGL Background Thread 3 ] DEBUG Engine               - cSSList: [fxgl_dark.css]
23:26:56.633 [FXGL Background Thread 3 ] DEBUG Engine               - configClass: Optional.empty
23:26:56.633 [FXGL Background Thread 3 ] DEBUG Engine               - credits: []
23:26:56.634 [FXGL Background Thread 3 ] DEBUG Engine               - devBBoxColorProperty: ObjectProperty [value: 0xff0000ff]
23:26:56.634 [FXGL Background Thread 3 ] DEBUG Engine               - devEnableDebugCameraProperty: BooleanProperty [value: false]
23:26:56.634 [FXGL Background Thread 3 ] DEBUG Engine               - devSensorColorProperty: ObjectProperty [value: 0xffff00ff]
23:26:56.634 [FXGL Background Thread 3 ] DEBUG Engine               - devShowBBoxProperty: BooleanProperty [value: false]
23:26:56.634 [FXGL Background Thread 3 ] DEBUG Engine               - devShowPositionProperty: BooleanProperty [value: false]
23:26:56.634 [FXGL Background Thread 3 ] DEBUG Engine               - enabledMenuItems: []
23:26:56.634 [FXGL Background Thread 3 ] DEBUG Engine               - engineServices: [class com.almasb.fxgl.app.FXGLApplication$GameApplicationService, class com.almasb.fxgl.app.services.FXGLDialogService, class com.almasb.fxgl.app.services.IOTaskExecutorService, class com.almasb.fxgl.event.EventBusService, class com.almasb.fxgl.io.FileSystemService, class com.almasb.fxgl.localization.LocalizationService, class com.almasb.fxgl.app.services.FXGLAssetLoaderService, class com.almasb.fxgl.app.services.SystemBundleService, class com.almasb.fxgl.profile.SaveLoadService, class com.almasb.fxgl.ui.FXGLUIFactoryServiceProvider, class com.almasb.fxgl.ui.FXGLDialogFactoryServiceProvider, class com.almasb.fxgl.audio.AudioPlayer, class com.almasb.fxgl.notification.impl.NotificationServiceProvider, class com.almasb.fxgl.achievement.AchievementService, class com.almasb.fxgl.cutscene.CutsceneService, class com.almasb.fxgl.minigames.MiniGameService, class com.almasb.fxgl.net.NetService, class com.almasb.fxgl.app.services.UpdaterService, class com.almasb.fxgl.dev.DevService]
23:26:56.634 [FXGL Background Thread 3 ] DEBUG Engine               - fontGame: Abel-Regular.ttf
23:26:56.634 [FXGL Background Thread 3 ] DEBUG Engine               - fontMono: lucida_console.ttf
23:26:56.635 [FXGL Background Thread 3 ] DEBUG Engine               - fontText: Courier-Prime.ttf
23:26:56.635 [FXGL Background Thread 3 ] DEBUG Engine               - fontUI: pong.ttf
23:26:56.635 [FXGL Background Thread 3 ] DEBUG Engine               - fullScreen: BooleanProperty [value: false]
23:26:56.635 [FXGL Background Thread 3 ] DEBUG Engine               - gameDifficulty: MEDIUM
23:26:56.635 [FXGL Background Thread 3 ] DEBUG Engine               - gameDifficultyProperty: ObjectProperty [value: MEDIUM]
23:26:56.635 [FXGL Background Thread 3 ] DEBUG Engine               - globalMusicVolume: 0.5
23:26:56.635 [FXGL Background Thread 3 ] DEBUG Engine               - globalMusicVolumeProperty: DoubleProperty [value: 0.5]
23:26:56.635 [FXGL Background Thread 3 ] DEBUG Engine               - globalSoundVolume: 0.5
23:26:56.635 [FXGL Background Thread 3 ] DEBUG Engine               - globalSoundVolumeProperty: DoubleProperty [value: 0.5]
23:26:56.635 [FXGL Background Thread 3 ] DEBUG Engine               - height: 720
23:26:56.635 [FXGL Background Thread 3 ] DEBUG Engine               - isAndroid: false
23:26:56.635 [FXGL Background Thread 3 ] DEBUG Engine               - isBrowser: false
23:26:56.635 [FXGL Background Thread 3 ] DEBUG Engine               - isClickFeedbackEnabled: false
23:26:56.635 [FXGL Background Thread 3 ] DEBUG Engine               - isCloseConfirmation: false
23:26:56.635 [FXGL Background Thread 3 ] DEBUG Engine               - isDesktop: true
23:26:56.636 [FXGL Background Thread 3 ] DEBUG Engine               - isDeveloperMenuEnabled: false
23:26:56.636 [FXGL Background Thread 3 ] DEBUG Engine               - isEntityPreloadEnabled: true
23:26:56.636 [FXGL Background Thread 3 ] DEBUG Engine               - isExperimentalNative: false
23:26:56.636 [FXGL Background Thread 3 ] DEBUG Engine               - isExperimentalTiledLargeMap: false
23:26:56.636 [FXGL Background Thread 3 ] DEBUG Engine               - isFileSystemWriteAllowed: true
23:26:56.636 [FXGL Background Thread 3 ] DEBUG Engine               - isFullScreenAllowed: false
23:26:56.636 [FXGL Background Thread 3 ] DEBUG Engine               - isFullScreenFromStart: false
23:26:56.636 [FXGL Background Thread 3 ] DEBUG Engine               - isGameMenuEnabled: true
23:26:56.636 [FXGL Background Thread 3 ] DEBUG Engine               - isIOS: false
23:26:56.636 [FXGL Background Thread 3 ] DEBUG Engine               - isIntroEnabled: false
23:26:56.636 [FXGL Background Thread 3 ] DEBUG Engine               - isLinux: false
23:26:56.636 [FXGL Background Thread 3 ] DEBUG Engine               - isMac: false
23:26:56.636 [FXGL Background Thread 3 ] DEBUG Engine               - isMainMenuEnabled: false
23:26:56.636 [FXGL Background Thread 3 ] DEBUG Engine               - isManualResizeEnabled: false
23:26:56.636 [FXGL Background Thread 3 ] DEBUG Engine               - isMobile: false
23:26:56.636 [FXGL Background Thread 3 ] DEBUG Engine               - isPreserveResizeRatio: false
23:26:56.636 [FXGL Background Thread 3 ] DEBUG Engine               - isProfilingEnabled: false
23:26:56.637 [FXGL Background Thread 3 ] DEBUG Engine               - isSingleStep: false
23:26:56.637 [FXGL Background Thread 3 ] DEBUG Engine               - isUserProfileEnabled: false
23:26:56.637 [FXGL Background Thread 3 ] DEBUG Engine               - isWindows: true
23:26:56.637 [FXGL Background Thread 3 ] DEBUG Engine               - language: ObjectProperty [value: ENGLISH]
23:26:56.637 [FXGL Background Thread 3 ] DEBUG Engine               - menuKey: ESCAPE
23:26:56.637 [FXGL Background Thread 3 ] DEBUG Engine               - notificationViewClass: class com.almasb.fxgl.notification.view.XboxNotificationView
23:26:56.637 [FXGL Background Thread 3 ] DEBUG Engine               - pixelsPerMeter: 50.0
23:26:56.637 [FXGL Background Thread 3 ] DEBUG Engine               - platform: WINDOWS
23:26:56.637 [FXGL Background Thread 3 ] DEBUG Engine               - profileDir: profiles/
23:26:56.637 [FXGL Background Thread 3 ] DEBUG Engine               - profileName: StringProperty [value: DEFAULT]
23:26:56.638 [FXGL Background Thread 3 ] DEBUG Engine               - randomSeed: -1
23:26:56.638 [FXGL Background Thread 3 ] DEBUG Engine               - runtimeInfo: RuntimeInfo(platform=WINDOWS, version=11.11, build=08.09.2020 18.00)
23:26:56.638 [FXGL Background Thread 3 ] DEBUG Engine               - saveFileExt: sav
23:26:56.638 [FXGL Background Thread 3 ] DEBUG Engine               - sceneFactory: com.almasb.fxgl.app.scene.SceneFactory@74cea6f8
23:26:56.638 [FXGL Background Thread 3 ] DEBUG Engine               - secondsIn24h: 60
23:26:56.638 [FXGL Background Thread 3 ] DEBUG Engine               - soundMenuBack: menu/back.wav
23:26:56.638 [FXGL Background Thread 3 ] DEBUG Engine               - soundMenuPress: menu/press.wav
23:26:56.638 [FXGL Background Thread 3 ] DEBUG Engine               - soundMenuSelect: menu/select.wav
23:26:56.638 [FXGL Background Thread 3 ] DEBUG Engine               - soundNotification: core/notification.wav
23:26:56.638 [FXGL Background Thread 3 ] DEBUG Engine               - stageStyle: DECORATED
23:26:56.638 [FXGL Background Thread 3 ] DEBUG Engine               - supportedLanguages: [ENGLISH, FRENCH, GERMAN, HUNGARIAN, RUSSIAN]
23:26:56.638 [FXGL Background Thread 3 ] DEBUG Engine               - title: Striker
23:26:56.638 [FXGL Background Thread 3 ] DEBUG Engine               - urlGithub: https://github.com/AlmasB/FXGL
23:26:56.638 [FXGL Background Thread 3 ] DEBUG Engine               - urlLeaderboard: http://fxgl-top.herokuapp.com/
23:26:56.639 [FXGL Background Thread 3 ] DEBUG Engine               - urlPOM: https://raw.githubusercontent.com/AlmasB/FXGL/master/pom.xml
23:26:56.639 [FXGL Background Thread 3 ] DEBUG Engine               - version: 1.1
23:26:56.639 [FXGL Background Thread 3 ] DEBUG Engine               - versionCheckDays: 7
23:26:56.639 [FXGL Background Thread 3 ] DEBUG Engine               - width: 1280
23:26:56.639 [FXGL Background Thread 3 ] DEBUG Engine               - Logging services
23:26:56.639 [FXGL Background Thread 3 ] DEBUG Engine               - class com.almasb.fxgl.app.FXGLApplication$GameApplicationService
23:26:56.639 [FXGL Background Thread 3 ] DEBUG Engine               - class com.almasb.fxgl.app.services.FXGLDialogService
23:26:56.639 [FXGL Background Thread 3 ] DEBUG Engine               - class com.almasb.fxgl.app.services.IOTaskExecutorService
23:26:56.639 [FXGL Background Thread 3 ] DEBUG Engine               - class com.almasb.fxgl.event.EventBusService
23:26:56.639 [FXGL Background Thread 3 ] DEBUG Engine               - class com.almasb.fxgl.io.FileSystemService
23:26:56.639 [FXGL Background Thread 3 ] DEBUG Engine               - class com.almasb.fxgl.localization.LocalizationService
23:26:56.639 [FXGL Background Thread 3 ] DEBUG Engine               - class com.almasb.fxgl.app.services.FXGLAssetLoaderService
23:26:56.639 [FXGL Background Thread 3 ] DEBUG Engine               - class com.almasb.fxgl.app.services.SystemBundleService
23:26:56.639 [FXGL Background Thread 3 ] DEBUG Engine               - class com.almasb.fxgl.profile.SaveLoadService
23:26:56.639 [FXGL Background Thread 3 ] DEBUG Engine               - class com.almasb.fxgl.ui.FXGLUIFactoryServiceProvider
23:26:56.640 [FXGL Background Thread 3 ] DEBUG Engine               - class com.almasb.fxgl.ui.FXGLDialogFactoryServiceProvider
23:26:56.640 [FXGL Background Thread 3 ] DEBUG Engine               - class com.almasb.fxgl.audio.AudioPlayer
23:26:56.640 [FXGL Background Thread 3 ] DEBUG Engine               - class com.almasb.fxgl.notification.impl.NotificationServiceProvider
23:26:56.640 [FXGL Background Thread 3 ] DEBUG Engine               - class com.almasb.fxgl.achievement.AchievementService
23:26:56.640 [FXGL Background Thread 3 ] DEBUG Engine               - class com.almasb.fxgl.cutscene.CutsceneService
23:26:56.640 [FXGL Background Thread 3 ] DEBUG Engine               - class com.almasb.fxgl.minigames.MiniGameService
23:26:56.640 [FXGL Background Thread 3 ] DEBUG Engine               - class com.almasb.fxgl.net.NetService
23:26:56.640 [FXGL Background Thread 3 ] DEBUG Engine               - class com.almasb.fxgl.app.services.UpdaterService
23:26:56.640 [FXGL Background Thread 3 ] DEBUG Engine               - class com.almasb.fxgl.dev.DevService
23:27:09.929 [Thread-4                 ] DEBUG Endpoint             - TCPServer opening new connection (1) from /127.0.0.1:60368 type: class java.lang.String
23:27:09.931 [Thread-4                 ] DEBUG Endpoint             - TCPServer successfully opened connection (1)
23:27:09.933 [TCPServer_SendThread-1   ] DEBUG Writers              - Getting TCPMessageWriter for class java.lang.String
23:27:09.935 [TCPServer_SendThread-1   ] DEBUG Writers              - Constructed TCPMessageWriter for class java.lang.String: MessageWriterS
23:27:09.935 [TCPServer_RecvThread-1   ] DEBUG Readers              - Getting TCPMessageReader for class java.lang.String
23:27:09.937 [TCPServer_RecvThread-1   ] DEBUG Readers              - Constructed MessageReader for class java.lang.String: MessageReaderS
23:27:16.052 [Thread-4                 ] DEBUG Endpoint             - TCPServer opening new connection (2) from /127.0.0.1:60381 type: class java.lang.String
23:27:16.053 [Thread-4                 ] DEBUG Endpoint             - TCPServer successfully opened connection (2)
23:27:16.053 [TCPServer_RecvThread-2   ] DEBUG Readers              - Getting TCPMessageReader for class java.lang.String
23:27:16.053 [TCPServer_SendThread-2   ] DEBUG Writers              - Getting TCPMessageWriter for class java.lang.String
23:27:16.053 [TCPServer_SendThread-2   ] DEBUG Writers              - Constructed TCPMessageWriter for class java.lang.String: MessageWriterS
23:27:16.053 [TCPServer_RecvThread-2   ] DEBUG Readers              - Constructed MessageReader for class java.lang.String: MessageReaderS
23:27:19.460 [JavaFX Application Thread] DEBUG Input                - Mocking key press: A
23:27:19.876 [JavaFX Application Thread] DEBUG Input                - Mocking key press: S
23:27:20.684 [JavaFX Application Thread] DEBUG Input                - Mocking key release: S
23:27:21.726 [JavaFX Application Thread] DEBUG Input                - Mocking key press: S
23:27:22.149 [JavaFX Application Thread] DEBUG Input                - Mocking key release: S
23:27:22.884 [JavaFX Application Thread] DEBUG Input                - Mocking key press: W
23:27:22.943 [JavaFX Application Thread] DEBUG Input                - Mocking key release: A
23:27:23.183 [JavaFX Application Thread] DEBUG Input                - Mocking key press: D
23:27:23.227 [JavaFX Application Thread] DEBUG Input                - Mocking key release: W
23:27:23.428 [JavaFX Application Thread] DEBUG Input                - Mocking key press: S
23:27:23.493 [JavaFX Application Thread] DEBUG Input                - Mocking key release: D
23:27:23.576 [JavaFX Application Thread] DEBUG Input                - Mocking key press: A
23:27:23.600 [JavaFX Application Thread] DEBUG Input                - Mocking key release: S
23:27:23.712 [JavaFX Application Thread] DEBUG Input                - Mocking key press: W
23:27:23.776 [JavaFX Application Thread] DEBUG Input                - Mocking key release: A
23:27:23.828 [JavaFX Application Thread] DEBUG Input                - Mocking key press: D
23:27:23.863 [JavaFX Application Thread] DEBUG Input                - Mocking key release: W
23:27:24.161 [JavaFX Application Thread] DEBUG Input                - Mocking key release: D
23:27:28.919 [JavaFX Application Thread] DEBUG Input                - Mocking key press: D
23:27:29.317 [JavaFX Application Thread] DEBUG Input                - Mocking key release: D
23:27:29.337 [JavaFX Application Thread] DEBUG Input                - Mocking key press: A
23:27:29.982 [JavaFX Application Thread] DEBUG Input                - Mocking key press: D
23:27:30.000 [JavaFX Application Thread] DEBUG Input                - Mocking key release: A
23:27:30.462 [JavaFX Application Thread] DEBUG Input                - Mocking key press: A
23:27:30.477 [JavaFX Application Thread] DEBUG Input                - Mocking key release: D
23:27:31.010 [JavaFX Application Thread] DEBUG Input                - Mocking key press: D
23:27:31.028 [JavaFX Application Thread] DEBUG Input                - Mocking key release: A
23:27:33.282 [JavaFX Application Thread] DEBUG Input                - Mocking key release: D
23:27:36.928 [JavaFX Application Thread] DEBUG Input                - Mocking key press: A
23:27:37.145 [JavaFX Application Thread] DEBUG Input                - Mocking key press: W
23:27:37.190 [JavaFX Application Thread] DEBUG Input                - Mocking key release: A
23:27:37.227 [JavaFX Application Thread] DEBUG Input                - Mocking key release: W
23:27:37.512 [JavaFX Application Thread] DEBUG Input                - Mocking key press: W
23:27:37.643 [JavaFX Application Thread] DEBUG Input                - Mocking key release: W
23:27:37.679 [JavaFX Application Thread] DEBUG Input                - Mocking key press: D
23:27:37.799 [JavaFX Application Thread] DEBUG Input                - Mocking key release: D
23:27:37.877 [JavaFX Application Thread] DEBUG Input                - Mocking key press: S
23:27:37.961 [JavaFX Application Thread] DEBUG Input                - Mocking key release: S
23:27:38.595 [JavaFX Application Thread] DEBUG Input                - Mocking key press: W
23:27:39.115 [JavaFX Application Thread] DEBUG Input                - Mocking key press: D
23:27:39.321 [JavaFX Application Thread] DEBUG Input                - Mocking key release: W
23:27:39.777 [JavaFX Application Thread] DEBUG Input                - Mocking key press: W
23:27:39.850 [JavaFX Application Thread] DEBUG Input                - Mocking key release: W
23:27:41.212 [JavaFX Application Thread] DEBUG Input                - Mocking key release: D
23:27:41.354 [JavaFX Application Thread] DEBUG Input                - Mocking key press: W
23:27:41.641 [JavaFX Application Thread] DEBUG Input                - Mocking key release: W
23:27:41.945 [JavaFX Application Thread] DEBUG Input                - Mocking key press: A
23:27:42.930 [JavaFX Application Thread] DEBUG Input                - Mocking key press: S
23:27:43.177 [JavaFX Application Thread] DEBUG Input                - Mocking key release: A
23:27:43.271 [JavaFX Application Thread] DEBUG Input                - Mocking key release: S
23:27:43.648 [JavaFX Application Thread] DEBUG Input                - Mocking key press: D
23:27:43.745 [JavaFX Application Thread] DEBUG Input                - Mocking key release: D
23:27:43.862 [JavaFX Application Thread] DEBUG Input                - Mocking key press: W
23:27:43.977 [JavaFX Application Thread] DEBUG Input                - Mocking key release: W
23:27:44.143 [JavaFX Application Thread] DEBUG Input                - Mocking key press: W
23:27:44.244 [JavaFX Application Thread] DEBUG Input                - Mocking key press: D
23:27:44.277 [JavaFX Application Thread] DEBUG Input                - Mocking key release: W
23:27:44.598 [JavaFX Application Thread] DEBUG Input                - Mocking key press: S
23:27:44.828 [JavaFX Application Thread] DEBUG Input                - Mocking key release: S
23:27:44.944 [JavaFX Application Thread] DEBUG Input                - Mocking key release: D
23:27:45.305 [JavaFX Application Thread] DEBUG Input                - Mocking key press: S
23:27:45.400 [JavaFX Application Thread] DEBUG Input                - Mocking key release: S
23:27:45.577 [JavaFX Application Thread] DEBUG Input                - Mocking key press: W
23:27:45.962 [JavaFX Application Thread] DEBUG Input                - Mocking key press: D
23:27:46.170 [JavaFX Application Thread] DEBUG Input                - Mocking key release: W
23:27:46.194 [JavaFX Application Thread] DEBUG Input                - Mocking key release: D
23:27:46.512 [JavaFX Application Thread] DEBUG Input                - Mocking key press: D
23:27:47.178 [JavaFX Application Thread] DEBUG Input                - Mocking key release: D
23:27:47.252 [JavaFX Application Thread] DEBUG Input                - Mocking key press: W
23:27:47.461 [JavaFX Application Thread] DEBUG Input                - Mocking key release: W
23:27:47.461 [JavaFX Application Thread] DEBUG Input                - Mocking key press: D
23:27:47.961 [JavaFX Application Thread] DEBUG Input                - Mocking key press: S
23:27:47.994 [JavaFX Application Thread] DEBUG Input                - Mocking key release: D
23:27:48.243 [JavaFX Application Thread] DEBUG Input                - Mocking key release: S
23:27:48.361 [JavaFX Application Thread] DEBUG Input                - Mocking key press: D
23:27:48.863 [JavaFX Application Thread] DEBUG Input                - Mocking key release: D
23:27:49.110 [JavaFX Application Thread] DEBUG Input                - Mocking key press: S
23:27:49.328 [JavaFX Application Thread] DEBUG Input                - Mocking key press: D
23:27:50.244 [JavaFX Application Thread] DEBUG Input                - Mocking key release: D
23:27:50.296 [JavaFX Application Thread] DEBUG Input                - Mocking key release: S
23:27:51.302 [JavaFX Application Thread] DEBUG Input                - Mocking key press: D
23:27:51.641 [JavaFX Application Thread] DEBUG Input                - Mocking key press: S
23:27:51.752 [JavaFX Application Thread] DEBUG Input                - Mocking key release: S
23:27:51.878 [JavaFX Application Thread] DEBUG Input                - Mocking key press: S
23:27:52.029 [JavaFX Application Thread] DEBUG Input                - Mocking key release: S
23:27:52.111 [JavaFX Application Thread] DEBUG Input                - Clearing active input actions
23:27:52.112 [JavaFX Application Thread] DEBUG Input                - Registered new binding: CloseServer - Backspace
23:28:10.410 [JavaFX Application Thread] DEBUG FXGLApplication      - Exiting FXGL
23:28:10.410 [JavaFX Application Thread] DEBUG LoopRunner           - Stopping loop
23:28:10.410 [JavaFX Application Thread] DEBUG SystemBundleService  - Saving FXGL system data
23:28:10.410 [JavaFX Application Thread] DEBUG FileSystemAccess     - Writing to: C:\Users\parme\OneDrive - University of Brighton\ddp17_modules\#Year 3\CI628 - Multplayer\CI628-PongServer-master\system\fxgl.bundle
23:28:10.410 [JavaFX Application Thread] DEBUG Async                - Shutting down background threads
23:28:10.410 [JavaFX Application Thread] DEBUG MainWindow           - Closing main window
23:28:10.425 [JavaFX Application Thread] DEBUG Logger               - Closing Logger
