14:58:33.640 [main                     ] DEBUG Logger               - Configured Logger
14:58:33.644 [main                     ] DEBUG GameApplication      - Logging settings
Title: Striker
Version: 1.1
Width: 1280
Height: 720
Fullscreen: false
Intro: false
Profiling: false
Single step:false
App Mode: DEBUG
Menu Key: ESCAPE
Stage Style: DECORATED
Scene Factory: class com.almasb.fxgl.app.scene.SceneFactory

14:58:34.068 [JavaFX Application Thread] DEBUG FXGLApplication      - Initializing FXGL
14:58:34.073 [JavaFX Application Thread] INFO  Engine               - FXGL-11.11 (08.09.2020 18.00) on WINDOWS (J:22.0.2 FX:14)
14:58:34.073 [JavaFX Application Thread] DEBUG Engine               - JRE Vendor Name: Amazon.com Inc.
14:58:34.073 [JavaFX Application Thread] DEBUG Engine               - Running on OS: Windows 11 version 10.0
14:58:34.073 [JavaFX Application Thread] DEBUG Engine               - Architecture: amd64
14:58:34.073 [JavaFX Application Thread] INFO  Engine               - Source code and latest versions at: https://github.com/AlmasB/FXGL
14:58:34.073 [JavaFX Application Thread] INFO  Engine               -              Join the FXGL chat at: https://gitter.im/AlmasB/FXGL
14:58:34.155 [JavaFX Application Thread] DEBUG MainWindow           - Creating a JavaFX scene
14:58:34.194 [JavaFX Application Thread] DEBUG MainWindow           - Target settings size: 1280.0 x 720.0
14:58:34.194 [JavaFX Application Thread] DEBUG MainWindow           - Scaled scene size:    1280.0 x 720.0
14:58:34.194 [JavaFX Application Thread] DEBUG MainWindow           - Scaled ratio: (1.0, 1.0)
14:58:34.195 [JavaFX Application Thread] DEBUG MainWindow           - Set initial scene to StartupScene
14:58:34.201 [JavaFX Application Thread] DEBUG MainWindow           - Opening main window
14:58:34.269 [JavaFX Application Thread] DEBUG MainWindow           - Window border size: (14.4000244140625, 37.5999755859375)
14:58:34.269 [JavaFX Application Thread] DEBUG MainWindow           - Scaled size: 1280.0 x 720.0
14:58:34.269 [JavaFX Application Thread] DEBUG MainWindow           - Scaled ratio: (1.0, 1.0)
14:58:34.269 [JavaFX Application Thread] DEBUG MainWindow           - Scene size: 1280.0 x 720.0
14:58:34.269 [JavaFX Application Thread] DEBUG MainWindow           - Stage size: 1294.4000244140625 x 757.5999755859375
14:58:34.277 [FXGL Background Thread 1 ] DEBUG Engine               - Initializing environment variables
14:58:34.335 [FXGL Background Thread 1 ] DEBUG GameApplicationServi - Applying CSS: fxgl_dark.css
14:58:34.336 [FXGL Background Thread 1 ] DEBUG FXGLAssetLoaderServi - Loading from file system: /assets/ui/css/fxgl_dark.css
14:58:34.391 [FXGL Background Thread 1 ] DEBUG GameApplicationServi - Initializing application scenes
14:58:34.427 [FXGL Background Thread 1 ] DEBUG GameWorld            - Game world initialized
14:58:34.516 [FXGL Background Thread 1 ] DEBUG PhysicsWorld         - Physics world initialized: appHeight=720, physics.ppm=50.0
14:58:34.519 [FXGL Background Thread 1 ] DEBUG GameScene            - Game scene initialized: 1280x720
14:58:34.555 [FXGL Background Thread 1 ] DEBUG FXGLAssetLoaderServi - Loading from file system: /assets/textures/particles/trace_horizontal.png
14:58:34.610 [FXGL Background Thread 1 ] DEBUG FXGL.DefaultMenu     - createMenuBodyGameMenu()
14:58:34.624 [FXGL Background Thread 1 ] DEBUG FXGL.DefaultMenu     - createOptionsMenu()
14:58:34.629 [FXGL Background Thread 1 ] DEBUG FXGLAssetLoaderServi - Loading from file system: /assets/textures/particles/smoke.png
14:58:34.682 [FXGL Background Thread 1 ] DEBUG GameApplicationServi - Application scenes initialized
14:58:34.690 [FXGL Background Thread 1 ] DEBUG SystemBundleService  - Loading FXGL system data
14:58:34.694 [FXGL Background Thread 1 ] DEBUG FileSystemAccess     - Reading from: C:\Users\parme\OneDrive - University of Brighton\ddp17_modules\#Year 3\CI628 - Multplayer\CI628-PongServer-master\system\fxgl.bundle
14:58:34.702 [FXGL Background Thread 1 ] DEBUG SystemBundleService  - Bundle FXGL: {}
14:58:34.702 [FXGL Background Thread 1 ] DEBUG UpdaterService       - Checking for updates
14:58:34.705 [FXGL Background Thread 4 ] DEBUG FXGLApplication      - Loading fonts
14:58:34.705 [FXGL Background Thread 4 ] DEBUG FXGLAssetLoaderServi - Loading from file system: /assets/ui/fonts/pong.ttf
14:58:34.705 [FXGL Background Thread 1 ] DEBUG FXGLApplication      - Loading default localization
14:58:34.706 [FXGL Background Thread 1 ] DEBUG FXGLAssetLoaderServi - Loading from file system: /assets/languages/english.lang
14:58:34.721 [FXGL Background Thread 1 ] INFO  FXGLApplication      - FXGL initialization took: 0.443 sec
14:58:34.729 [JavaFX Application Thread] DEBUG Input                - Registered new binding: Up1 - W
14:58:34.729 [JavaFX Application Thread] DEBUG Input                - Registered new binding: Down1 - S
14:58:34.730 [JavaFX Application Thread] DEBUG Input                - Registered new binding: Left1 - A
14:58:34.730 [JavaFX Application Thread] DEBUG Input                - Registered new binding: Right1 - D
14:58:34.730 [JavaFX Application Thread] DEBUG Input                - Registered new binding: Up2 - I
14:58:34.730 [JavaFX Application Thread] DEBUG Input                - Registered new binding: Down2 - K
14:58:34.730 [JavaFX Application Thread] DEBUG Input                - Registered new binding: left2 - J
14:58:34.731 [JavaFX Application Thread] DEBUG Input                - Registered new binding: right2 - L
14:58:34.731 [JavaFX Application Thread] DEBUG Input                - Registered new binding: CloseServer - Backspace
14:58:34.731 [JavaFX Application Thread] DEBUG Input                - Registered new binding: restartServer - Enter
14:58:34.731 [JavaFX Application Thread] DEBUG FXGLAssetLoaderServi - Loading from file system: /assets/textures/fxgl_icon.png
14:58:34.750 [FXGL Background Thread 4 ] DEBUG FXGLAssetLoaderServi - Loading from file system: /assets/ui/fonts/Abel-Regular.ttf
14:58:34.753 [JavaFX Application Thread] DEBUG FXGLAssetLoaderServi - Loading from file system: /assets/ui/cursors/fxgl_default.png
14:58:34.756 [JavaFX Application Thread] DEBUG Input                - Registered new binding: Screenshot - P
14:58:34.756 [JavaFX Application Thread] DEBUG Input                - Registered new binding: System info dump - CTRL+9
14:58:34.757 [JavaFX Application Thread] DEBUG Input                - Registered new binding: Restart - CTRL+R
14:58:34.757 [JavaFX Application Thread] DEBUG Input                - Registered new binding: Toggle Debug Camera - CTRL+C
14:58:34.759 [JavaFX Application Thread] DEBUG LoopRunner           - Starting loop
14:58:34.760 [JavaFX Application Thread] DEBUG GameApplicationServi - Starting new game
14:58:34.761 [JavaFX Application Thread] DEBUG Input                - Clearing active input actions
14:58:34.767 [FXGL Background Thread 4 ] DEBUG FXGLAssetLoaderServi - Loading from file system: /assets/ui/fonts/lucida_console.ttf
14:58:34.773 [JavaFX Application Thread] DEBUG GameApplicationServi - Removing overlay from StartupScene and adding to FXGLLoadingScene
14:58:34.773 [JavaFX Application Thread] DEBUG MainWindow           - StartupScene -> FXGLLoadingScene
14:58:34.773 [JavaFX Application Thread] DEBUG GameApplicationServi - Clearing previous game
14:58:34.773 [JavaFX Application Thread] DEBUG GameScene            - Clearing game scene
14:58:34.774 [JavaFX Application Thread] DEBUG GameWorld            - Clearing game world
14:58:34.774 [JavaFX Application Thread] DEBUG PhysicsWorld         - Clearing physics world
14:58:34.775 [FXGL Background Thread 1 ] DEBUG FXGLApplication      - Initializing game
14:58:34.785 [FXGL Background Thread 4 ] DEBUG FXGLAssetLoaderServi - Loading from file system: /assets/ui/fonts/Courier-Prime.ttf
14:58:34.810 [JavaFX Application Thread] DEBUG FXGLApplication      - Registering font factories with UI factory
14:58:34.827 [FXGL Background Thread 1 ] DEBUG FXGLAssetLoaderServi - Loading from file system: /assets/ui/main.fxml
14:58:34.829 [Thread-4                 ] DEBUG TCPServer            - Starting to listen at: 55555 type: class java.lang.String
14:58:34.937 [FXGL Background Thread 1 ] INFO  FXGLApplication      - Game initialization took: 0.161 sec
14:58:34.938 [JavaFX Application Thread] DEBUG Input                - Clearing active input actions
14:58:34.951 [JavaFX Application Thread] DEBUG GameApplicationServi - Removing overlay from FXGLLoadingScene and adding to GameScene
14:58:34.952 [JavaFX Application Thread] DEBUG MainWindow           - FXGLLoadingScene -> GameScene
14:58:35.239 [FXGL Background Thread 2 ] INFO  UpdaterService       - Your current version:  11.11
14:58:35.240 [FXGL Background Thread 2 ] INFO  UpdaterService       - Latest stable version: 21+dev-SNAPSHOT
14:58:37.705 [FXGL Background Thread 3 ] DEBUG Engine               - Logging environment variables
14:58:37.705 [FXGL Background Thread 3 ] DEBUG Engine               - achievements: []
14:58:37.705 [FXGL Background Thread 3 ] DEBUG Engine               - appIcon: fxgl_icon.png
14:58:37.705 [FXGL Background Thread 3 ] DEBUG Engine               - applicationMode: DEBUG
14:58:37.705 [FXGL Background Thread 3 ] DEBUG Engine               - cSSList: [fxgl_dark.css]
14:58:37.705 [FXGL Background Thread 3 ] DEBUG Engine               - configClass: Optional.empty
14:58:37.705 [FXGL Background Thread 3 ] DEBUG Engine               - credits: []
14:58:37.706 [FXGL Background Thread 3 ] DEBUG Engine               - devBBoxColorProperty: ObjectProperty [value: 0xff0000ff]
14:58:37.706 [FXGL Background Thread 3 ] DEBUG Engine               - devEnableDebugCameraProperty: BooleanProperty [value: false]
14:58:37.706 [FXGL Background Thread 3 ] DEBUG Engine               - devSensorColorProperty: ObjectProperty [value: 0xffff00ff]
14:58:37.706 [FXGL Background Thread 3 ] DEBUG Engine               - devShowBBoxProperty: BooleanProperty [value: false]
14:58:37.706 [FXGL Background Thread 3 ] DEBUG Engine               - devShowPositionProperty: BooleanProperty [value: false]
14:58:37.706 [FXGL Background Thread 3 ] DEBUG Engine               - enabledMenuItems: []
14:58:37.706 [FXGL Background Thread 3 ] DEBUG Engine               - engineServices: [class com.almasb.fxgl.app.FXGLApplication$GameApplicationService, class com.almasb.fxgl.app.services.FXGLDialogService, class com.almasb.fxgl.app.services.IOTaskExecutorService, class com.almasb.fxgl.event.EventBusService, class com.almasb.fxgl.io.FileSystemService, class com.almasb.fxgl.localization.LocalizationService, class com.almasb.fxgl.app.services.FXGLAssetLoaderService, class com.almasb.fxgl.app.services.SystemBundleService, class com.almasb.fxgl.profile.SaveLoadService, class com.almasb.fxgl.ui.FXGLUIFactoryServiceProvider, class com.almasb.fxgl.ui.FXGLDialogFactoryServiceProvider, class com.almasb.fxgl.audio.AudioPlayer, class com.almasb.fxgl.notification.impl.NotificationServiceProvider, class com.almasb.fxgl.achievement.AchievementService, class com.almasb.fxgl.cutscene.CutsceneService, class com.almasb.fxgl.minigames.MiniGameService, class com.almasb.fxgl.net.NetService, class com.almasb.fxgl.app.services.UpdaterService, class com.almasb.fxgl.dev.DevService]
14:58:37.706 [FXGL Background Thread 3 ] DEBUG Engine               - fontGame: Abel-Regular.ttf
14:58:37.706 [FXGL Background Thread 3 ] DEBUG Engine               - fontMono: lucida_console.ttf
14:58:37.706 [FXGL Background Thread 3 ] DEBUG Engine               - fontText: Courier-Prime.ttf
14:58:37.706 [FXGL Background Thread 3 ] DEBUG Engine               - fontUI: pong.ttf
14:58:37.706 [FXGL Background Thread 3 ] DEBUG Engine               - fullScreen: BooleanProperty [value: false]
14:58:37.706 [FXGL Background Thread 3 ] DEBUG Engine               - gameDifficulty: MEDIUM
14:58:37.706 [FXGL Background Thread 3 ] DEBUG Engine               - gameDifficultyProperty: ObjectProperty [value: MEDIUM]
14:58:37.706 [FXGL Background Thread 3 ] DEBUG Engine               - globalMusicVolume: 0.5
14:58:37.707 [FXGL Background Thread 3 ] DEBUG Engine               - globalMusicVolumeProperty: DoubleProperty [value: 0.5]
14:58:37.707 [FXGL Background Thread 3 ] DEBUG Engine               - globalSoundVolume: 0.5
14:58:37.707 [FXGL Background Thread 3 ] DEBUG Engine               - globalSoundVolumeProperty: DoubleProperty [value: 0.5]
14:58:37.707 [FXGL Background Thread 3 ] DEBUG Engine               - height: 720
14:58:37.707 [FXGL Background Thread 3 ] DEBUG Engine               - isAndroid: false
14:58:37.707 [FXGL Background Thread 3 ] DEBUG Engine               - isBrowser: false
14:58:37.707 [FXGL Background Thread 3 ] DEBUG Engine               - isClickFeedbackEnabled: false
14:58:37.707 [FXGL Background Thread 3 ] DEBUG Engine               - isCloseConfirmation: false
14:58:37.707 [FXGL Background Thread 3 ] DEBUG Engine               - isDesktop: true
14:58:37.707 [FXGL Background Thread 3 ] DEBUG Engine               - isDeveloperMenuEnabled: false
14:58:37.707 [FXGL Background Thread 3 ] DEBUG Engine               - isEntityPreloadEnabled: true
14:58:37.707 [FXGL Background Thread 3 ] DEBUG Engine               - isExperimentalNative: false
14:58:37.707 [FXGL Background Thread 3 ] DEBUG Engine               - isExperimentalTiledLargeMap: false
14:58:37.707 [FXGL Background Thread 3 ] DEBUG Engine               - isFileSystemWriteAllowed: true
14:58:37.707 [FXGL Background Thread 3 ] DEBUG Engine               - isFullScreenAllowed: false
14:58:37.707 [FXGL Background Thread 3 ] DEBUG Engine               - isFullScreenFromStart: false
14:58:37.708 [FXGL Background Thread 3 ] DEBUG Engine               - isGameMenuEnabled: true
14:58:37.708 [FXGL Background Thread 3 ] DEBUG Engine               - isIOS: false
14:58:37.708 [FXGL Background Thread 3 ] DEBUG Engine               - isIntroEnabled: false
14:58:37.708 [FXGL Background Thread 3 ] DEBUG Engine               - isLinux: false
14:58:37.708 [FXGL Background Thread 3 ] DEBUG Engine               - isMac: false
14:58:37.708 [FXGL Background Thread 3 ] DEBUG Engine               - isMainMenuEnabled: false
14:58:37.708 [FXGL Background Thread 3 ] DEBUG Engine               - isManualResizeEnabled: false
14:58:37.708 [FXGL Background Thread 3 ] DEBUG Engine               - isMobile: false
14:58:37.708 [FXGL Background Thread 3 ] DEBUG Engine               - isPreserveResizeRatio: false
14:58:37.708 [FXGL Background Thread 3 ] DEBUG Engine               - isProfilingEnabled: false
14:58:37.708 [FXGL Background Thread 3 ] DEBUG Engine               - isSingleStep: false
14:58:37.708 [FXGL Background Thread 3 ] DEBUG Engine               - isUserProfileEnabled: false
14:58:37.708 [FXGL Background Thread 3 ] DEBUG Engine               - isWindows: true
14:58:37.708 [FXGL Background Thread 3 ] DEBUG Engine               - language: ObjectProperty [value: ENGLISH]
14:58:37.708 [FXGL Background Thread 3 ] DEBUG Engine               - menuKey: ESCAPE
14:58:37.708 [FXGL Background Thread 3 ] DEBUG Engine               - notificationViewClass: class com.almasb.fxgl.notification.view.XboxNotificationView
14:58:37.708 [FXGL Background Thread 3 ] DEBUG Engine               - pixelsPerMeter: 50.0
14:58:37.709 [FXGL Background Thread 3 ] DEBUG Engine               - platform: WINDOWS
14:58:37.709 [FXGL Background Thread 3 ] DEBUG Engine               - profileDir: profiles/
14:58:37.709 [FXGL Background Thread 3 ] DEBUG Engine               - profileName: StringProperty [value: DEFAULT]
14:58:37.709 [FXGL Background Thread 3 ] DEBUG Engine               - randomSeed: -1
14:58:37.709 [FXGL Background Thread 3 ] DEBUG Engine               - runtimeInfo: RuntimeInfo(platform=WINDOWS, version=11.11, build=08.09.2020 18.00)
14:58:37.709 [FXGL Background Thread 3 ] DEBUG Engine               - saveFileExt: sav
14:58:37.709 [FXGL Background Thread 3 ] DEBUG Engine               - sceneFactory: com.almasb.fxgl.app.scene.SceneFactory@340ab836
14:58:37.709 [FXGL Background Thread 3 ] DEBUG Engine               - secondsIn24h: 60
14:58:37.709 [FXGL Background Thread 3 ] DEBUG Engine               - soundMenuBack: menu/back.wav
14:58:37.709 [FXGL Background Thread 3 ] DEBUG Engine               - soundMenuPress: menu/press.wav
14:58:37.709 [FXGL Background Thread 3 ] DEBUG Engine               - soundMenuSelect: menu/select.wav
14:58:37.709 [FXGL Background Thread 3 ] DEBUG Engine               - soundNotification: core/notification.wav
14:58:37.709 [FXGL Background Thread 3 ] DEBUG Engine               - stageStyle: DECORATED
14:58:37.709 [FXGL Background Thread 3 ] DEBUG Engine               - supportedLanguages: [ENGLISH, FRENCH, GERMAN, HUNGARIAN, RUSSIAN]
14:58:37.709 [FXGL Background Thread 3 ] DEBUG Engine               - title: Striker
14:58:37.709 [FXGL Background Thread 3 ] DEBUG Engine               - urlGithub: https://github.com/AlmasB/FXGL
14:58:37.709 [FXGL Background Thread 3 ] DEBUG Engine               - urlLeaderboard: http://fxgl-top.herokuapp.com/
14:58:37.709 [FXGL Background Thread 3 ] DEBUG Engine               - urlPOM: https://raw.githubusercontent.com/AlmasB/FXGL/master/pom.xml
14:58:37.709 [FXGL Background Thread 3 ] DEBUG Engine               - version: 1.1
14:58:37.710 [FXGL Background Thread 3 ] DEBUG Engine               - versionCheckDays: 7
14:58:37.710 [FXGL Background Thread 3 ] DEBUG Engine               - width: 1280
14:58:37.710 [FXGL Background Thread 3 ] DEBUG Engine               - Logging services
14:58:37.710 [FXGL Background Thread 3 ] DEBUG Engine               - class com.almasb.fxgl.app.FXGLApplication$GameApplicationService
14:58:37.710 [FXGL Background Thread 3 ] DEBUG Engine               - class com.almasb.fxgl.app.services.FXGLDialogService
14:58:37.710 [FXGL Background Thread 3 ] DEBUG Engine               - class com.almasb.fxgl.app.services.IOTaskExecutorService
14:58:37.710 [FXGL Background Thread 3 ] DEBUG Engine               - class com.almasb.fxgl.event.EventBusService
14:58:37.710 [FXGL Background Thread 3 ] DEBUG Engine               - class com.almasb.fxgl.io.FileSystemService
14:58:37.710 [FXGL Background Thread 3 ] DEBUG Engine               - class com.almasb.fxgl.localization.LocalizationService
14:58:37.710 [FXGL Background Thread 3 ] DEBUG Engine               - class com.almasb.fxgl.app.services.FXGLAssetLoaderService
14:58:37.710 [FXGL Background Thread 3 ] DEBUG Engine               - class com.almasb.fxgl.app.services.SystemBundleService
14:58:37.710 [FXGL Background Thread 3 ] DEBUG Engine               - class com.almasb.fxgl.profile.SaveLoadService
14:58:37.710 [FXGL Background Thread 3 ] DEBUG Engine               - class com.almasb.fxgl.ui.FXGLUIFactoryServiceProvider
14:58:37.710 [FXGL Background Thread 3 ] DEBUG Engine               - class com.almasb.fxgl.ui.FXGLDialogFactoryServiceProvider
14:58:37.710 [FXGL Background Thread 3 ] DEBUG Engine               - class com.almasb.fxgl.audio.AudioPlayer
14:58:37.710 [FXGL Background Thread 3 ] DEBUG Engine               - class com.almasb.fxgl.notification.impl.NotificationServiceProvider
14:58:37.710 [FXGL Background Thread 3 ] DEBUG Engine               - class com.almasb.fxgl.achievement.AchievementService
14:58:37.710 [FXGL Background Thread 3 ] DEBUG Engine               - class com.almasb.fxgl.cutscene.CutsceneService
14:58:37.710 [FXGL Background Thread 3 ] DEBUG Engine               - class com.almasb.fxgl.minigames.MiniGameService
14:58:37.711 [FXGL Background Thread 3 ] DEBUG Engine               - class com.almasb.fxgl.net.NetService
14:58:37.711 [FXGL Background Thread 3 ] DEBUG Engine               - class com.almasb.fxgl.app.services.UpdaterService
14:58:37.711 [FXGL Background Thread 3 ] DEBUG Engine               - class com.almasb.fxgl.dev.DevService
14:58:46.506 [JavaFX Application Thread] DEBUG FXGLApplication      - Exiting FXGL
14:58:46.506 [JavaFX Application Thread] DEBUG LoopRunner           - Stopping loop
14:58:46.506 [JavaFX Application Thread] DEBUG SystemBundleService  - Saving FXGL system data
14:58:46.508 [JavaFX Application Thread] DEBUG FileSystemAccess     - Writing to: C:\Users\parme\OneDrive - University of Brighton\ddp17_modules\#Year 3\CI628 - Multplayer\CI628-PongServer-master\system\fxgl.bundle
14:58:46.510 [JavaFX Application Thread] DEBUG Async                - Shutting down background threads
14:58:46.510 [JavaFX Application Thread] DEBUG MainWindow           - Closing main window
14:58:46.521 [JavaFX Application Thread] DEBUG Logger               - Closing Logger
