22:20:57.704 [main                     ] DEBUG Logger               - Configured Logger
22:20:57.708 [main                     ] DEBUG GameApplication      - Logging settings
Title: Striker
Version: 1.1
Width: 1280
Height: 720
Fullscreen: false
Intro: false
Profiling: false
Single step:false
App Mode: DEBUG
Menu Key: ESCAPE
Stage Style: DECORATED
Scene Factory: class com.almasb.fxgl.app.scene.SceneFactory

22:20:58.193 [JavaFX Application Thread] DEBUG FXGLApplication      - Initializing FXGL
22:20:58.200 [JavaFX Application Thread] INFO  Engine               - FXGL-11.11 (08.09.2020 18.00) on WINDOWS (J:22.0.2 FX:14)
22:20:58.201 [JavaFX Application Thread] DEBUG Engine               - JRE Vendor Name: Amazon.com Inc.
22:20:58.201 [JavaFX Application Thread] DEBUG Engine               - Running on OS: Windows 11 version 10.0
22:20:58.201 [JavaFX Application Thread] DEBUG Engine               - Architecture: amd64
22:20:58.201 [JavaFX Application Thread] INFO  Engine               - Source code and latest versions at: https://github.com/AlmasB/FXGL
22:20:58.201 [JavaFX Application Thread] INFO  Engine               -              Join the FXGL chat at: https://gitter.im/AlmasB/FXGL
22:20:58.303 [JavaFX Application Thread] DEBUG MainWindow           - Creating a JavaFX scene
22:20:58.344 [JavaFX Application Thread] DEBUG MainWindow           - Target settings size: 1280.0 x 720.0
22:20:58.344 [JavaFX Application Thread] DEBUG MainWindow           - Scaled scene size:    1280.0 x 720.0
22:20:58.344 [JavaFX Application Thread] DEBUG MainWindow           - Scaled ratio: (1.0, 1.0)
22:20:58.345 [JavaFX Application Thread] DEBUG MainWindow           - Set initial scene to StartupScene
22:20:58.349 [JavaFX Application Thread] DEBUG MainWindow           - Opening main window
22:20:58.418 [JavaFX Application Thread] DEBUG MainWindow           - Window border size: (14.4000244140625, 37.5999755859375)
22:20:58.418 [JavaFX Application Thread] DEBUG MainWindow           - Scaled size: 1280.0 x 720.0
22:20:58.418 [JavaFX Application Thread] DEBUG MainWindow           - Scaled ratio: (1.0, 1.0)
22:20:58.418 [JavaFX Application Thread] DEBUG MainWindow           - Scene size: 1280.0 x 720.0
22:20:58.419 [JavaFX Application Thread] DEBUG MainWindow           - Stage size: 1294.4000244140625 x 757.5999755859375
22:20:58.425 [FXGL Background Thread 1 ] DEBUG Engine               - Initializing environment variables
22:20:58.479 [FXGL Background Thread 1 ] DEBUG GameApplicationServi - Applying CSS: fxgl_dark.css
22:20:58.480 [FXGL Background Thread 1 ] DEBUG FXGLAssetLoaderServi - Loading from file system: /assets/ui/css/fxgl_dark.css
22:20:58.529 [FXGL Background Thread 1 ] DEBUG GameApplicationServi - Initializing application scenes
22:20:58.568 [FXGL Background Thread 1 ] DEBUG GameWorld            - Game world initialized
22:20:58.651 [FXGL Background Thread 1 ] DEBUG PhysicsWorld         - Physics world initialized: appHeight=720, physics.ppm=50.0
22:20:58.654 [FXGL Background Thread 1 ] DEBUG GameScene            - Game scene initialized: 1280x720
22:20:58.689 [FXGL Background Thread 1 ] DEBUG FXGLAssetLoaderServi - Loading from file system: /assets/textures/particles/trace_horizontal.png
22:20:58.735 [FXGL Background Thread 1 ] DEBUG FXGL.DefaultMenu     - createMenuBodyGameMenu()
22:20:58.747 [FXGL Background Thread 1 ] DEBUG FXGL.DefaultMenu     - createOptionsMenu()
22:20:58.752 [FXGL Background Thread 1 ] DEBUG FXGLAssetLoaderServi - Loading from file system: /assets/textures/particles/smoke.png
22:20:58.800 [FXGL Background Thread 1 ] DEBUG GameApplicationServi - Application scenes initialized
22:20:58.808 [FXGL Background Thread 1 ] DEBUG SystemBundleService  - Loading FXGL system data
22:20:58.813 [FXGL Background Thread 1 ] DEBUG FileSystemAccess     - Reading from: C:\Users\parme\OneDrive - University of Brighton\ddp17_modules\#Year 3\CI628 - Multplayer\CI628-PongServer-master\system\fxgl.bundle
22:20:58.820 [FXGL Background Thread 1 ] DEBUG SystemBundleService  - Bundle FXGL: {}
22:20:58.820 [FXGL Background Thread 1 ] DEBUG UpdaterService       - Checking for updates
22:20:58.822 [FXGL Background Thread 4 ] DEBUG FXGLApplication      - Loading fonts
22:20:58.823 [FXGL Background Thread 4 ] DEBUG FXGLAssetLoaderServi - Loading from file system: /assets/ui/fonts/pong.ttf
22:20:58.823 [FXGL Background Thread 1 ] DEBUG FXGLApplication      - Loading default localization
22:20:58.823 [FXGL Background Thread 1 ] DEBUG FXGLAssetLoaderServi - Loading from file system: /assets/languages/english.lang
22:20:58.839 [FXGL Background Thread 1 ] INFO  FXGLApplication      - FXGL initialization took: 0.414 sec
22:20:58.850 [JavaFX Application Thread] DEBUG Input                - Registered new binding: Up1 - W
22:20:58.850 [JavaFX Application Thread] DEBUG Input                - Registered new binding: Down1 - S
22:20:58.851 [JavaFX Application Thread] DEBUG Input                - Registered new binding: Left1 - A
22:20:58.851 [JavaFX Application Thread] DEBUG Input                - Registered new binding: Right1 - D
22:20:58.851 [JavaFX Application Thread] DEBUG Input                - Registered new binding: Up2 - I
22:20:58.851 [JavaFX Application Thread] DEBUG Input                - Registered new binding: Down2 - K
22:20:58.851 [JavaFX Application Thread] DEBUG Input                - Registered new binding: left2 - J
22:20:58.851 [JavaFX Application Thread] DEBUG Input                - Registered new binding: right2 - L
22:20:58.852 [JavaFX Application Thread] DEBUG FXGLAssetLoaderServi - Loading from file system: /assets/textures/fxgl_icon.png
22:20:58.866 [FXGL Background Thread 4 ] DEBUG FXGLAssetLoaderServi - Loading from file system: /assets/ui/fonts/Abel-Regular.ttf
22:20:58.874 [JavaFX Application Thread] DEBUG FXGLAssetLoaderServi - Loading from file system: /assets/ui/cursors/fxgl_default.png
22:20:58.877 [JavaFX Application Thread] DEBUG Input                - Registered new binding: Screenshot - P
22:20:58.878 [JavaFX Application Thread] DEBUG Input                - Registered new binding: System info dump - CTRL+9
22:20:58.878 [JavaFX Application Thread] DEBUG Input                - Registered new binding: Restart - CTRL+R
22:20:58.879 [JavaFX Application Thread] DEBUG Input                - Registered new binding: Toggle Debug Camera - CTRL+C
22:20:58.881 [JavaFX Application Thread] DEBUG LoopRunner           - Starting loop
22:20:58.882 [JavaFX Application Thread] DEBUG GameApplicationServi - Starting new game
22:20:58.883 [JavaFX Application Thread] DEBUG Input                - Clearing active input actions
22:20:58.892 [FXGL Background Thread 4 ] DEBUG FXGLAssetLoaderServi - Loading from file system: /assets/ui/fonts/lucida_console.ttf
22:20:58.896 [JavaFX Application Thread] DEBUG GameApplicationServi - Removing overlay from StartupScene and adding to FXGLLoadingScene
22:20:58.896 [JavaFX Application Thread] DEBUG MainWindow           - StartupScene -> FXGLLoadingScene
22:20:58.896 [JavaFX Application Thread] DEBUG GameApplicationServi - Clearing previous game
22:20:58.896 [JavaFX Application Thread] DEBUG GameScene            - Clearing game scene
22:20:58.897 [JavaFX Application Thread] DEBUG GameWorld            - Clearing game world
22:20:58.897 [JavaFX Application Thread] DEBUG PhysicsWorld         - Clearing physics world
22:20:58.898 [FXGL Background Thread 1 ] DEBUG FXGLApplication      - Initializing game
22:20:58.926 [FXGL Background Thread 4 ] DEBUG FXGLAssetLoaderServi - Loading from file system: /assets/ui/fonts/Courier-Prime.ttf
22:20:58.959 [JavaFX Application Thread] DEBUG FXGLApplication      - Registering font factories with UI factory
22:20:58.966 [FXGL Background Thread 1 ] DEBUG FXGLAssetLoaderServi - Loading from file system: /assets/ui/main.fxml
22:20:58.973 [Thread-4                 ] DEBUG TCPServer            - Starting to listen at: 55555 type: class java.lang.String
22:20:59.082 [FXGL Background Thread 1 ] INFO  FXGLApplication      - Game initialization took: 0.183 sec
22:20:59.082 [JavaFX Application Thread] DEBUG Input                - Clearing active input actions
22:20:59.093 [JavaFX Application Thread] DEBUG GameApplicationServi - Removing overlay from FXGLLoadingScene and adding to GameScene
22:20:59.094 [JavaFX Application Thread] DEBUG MainWindow           - FXGLLoadingScene -> GameScene
22:20:59.500 [FXGL Background Thread 2 ] INFO  UpdaterService       - Your current version:  11.11
22:20:59.500 [FXGL Background Thread 2 ] INFO  UpdaterService       - Latest stable version: 21+dev-SNAPSHOT
22:21:01.840 [FXGL Background Thread 3 ] DEBUG Engine               - Logging environment variables
22:21:01.841 [FXGL Background Thread 3 ] DEBUG Engine               - achievements: []
22:21:01.841 [FXGL Background Thread 3 ] DEBUG Engine               - appIcon: fxgl_icon.png
22:21:01.841 [FXGL Background Thread 3 ] DEBUG Engine               - applicationMode: DEBUG
22:21:01.841 [FXGL Background Thread 3 ] DEBUG Engine               - cSSList: [fxgl_dark.css]
22:21:01.842 [FXGL Background Thread 3 ] DEBUG Engine               - configClass: Optional.empty
22:21:01.842 [FXGL Background Thread 3 ] DEBUG Engine               - credits: []
22:21:01.842 [FXGL Background Thread 3 ] DEBUG Engine               - devBBoxColorProperty: ObjectProperty [value: 0xff0000ff]
22:21:01.842 [FXGL Background Thread 3 ] DEBUG Engine               - devEnableDebugCameraProperty: BooleanProperty [value: false]
22:21:01.842 [FXGL Background Thread 3 ] DEBUG Engine               - devSensorColorProperty: ObjectProperty [value: 0xffff00ff]
22:21:01.842 [FXGL Background Thread 3 ] DEBUG Engine               - devShowBBoxProperty: BooleanProperty [value: false]
22:21:01.843 [FXGL Background Thread 3 ] DEBUG Engine               - devShowPositionProperty: BooleanProperty [value: false]
22:21:01.843 [FXGL Background Thread 3 ] DEBUG Engine               - enabledMenuItems: []
22:21:01.843 [FXGL Background Thread 3 ] DEBUG Engine               - engineServices: [class com.almasb.fxgl.app.FXGLApplication$GameApplicationService, class com.almasb.fxgl.app.services.FXGLDialogService, class com.almasb.fxgl.app.services.IOTaskExecutorService, class com.almasb.fxgl.event.EventBusService, class com.almasb.fxgl.io.FileSystemService, class com.almasb.fxgl.localization.LocalizationService, class com.almasb.fxgl.app.services.FXGLAssetLoaderService, class com.almasb.fxgl.app.services.SystemBundleService, class com.almasb.fxgl.profile.SaveLoadService, class com.almasb.fxgl.ui.FXGLUIFactoryServiceProvider, class com.almasb.fxgl.ui.FXGLDialogFactoryServiceProvider, class com.almasb.fxgl.audio.AudioPlayer, class com.almasb.fxgl.notification.impl.NotificationServiceProvider, class com.almasb.fxgl.achievement.AchievementService, class com.almasb.fxgl.cutscene.CutsceneService, class com.almasb.fxgl.minigames.MiniGameService, class com.almasb.fxgl.net.NetService, class com.almasb.fxgl.app.services.UpdaterService, class com.almasb.fxgl.dev.DevService]
22:21:01.843 [FXGL Background Thread 3 ] DEBUG Engine               - fontGame: Abel-Regular.ttf
22:21:01.843 [FXGL Background Thread 3 ] DEBUG Engine               - fontMono: lucida_console.ttf
22:21:01.843 [FXGL Background Thread 3 ] DEBUG Engine               - fontText: Courier-Prime.ttf
22:21:01.843 [FXGL Background Thread 3 ] DEBUG Engine               - fontUI: pong.ttf
22:21:01.843 [FXGL Background Thread 3 ] DEBUG Engine               - fullScreen: BooleanProperty [value: false]
22:21:01.843 [FXGL Background Thread 3 ] DEBUG Engine               - gameDifficulty: MEDIUM
22:21:01.844 [FXGL Background Thread 3 ] DEBUG Engine               - gameDifficultyProperty: ObjectProperty [value: MEDIUM]
22:21:01.844 [FXGL Background Thread 3 ] DEBUG Engine               - globalMusicVolume: 0.5
22:21:01.844 [FXGL Background Thread 3 ] DEBUG Engine               - globalMusicVolumeProperty: DoubleProperty [value: 0.5]
22:21:01.844 [FXGL Background Thread 3 ] DEBUG Engine               - globalSoundVolume: 0.5
22:21:01.844 [FXGL Background Thread 3 ] DEBUG Engine               - globalSoundVolumeProperty: DoubleProperty [value: 0.5]
22:21:01.844 [FXGL Background Thread 3 ] DEBUG Engine               - height: 720
22:21:01.844 [FXGL Background Thread 3 ] DEBUG Engine               - isAndroid: false
22:21:01.845 [FXGL Background Thread 3 ] DEBUG Engine               - isBrowser: false
22:21:01.845 [FXGL Background Thread 3 ] DEBUG Engine               - isClickFeedbackEnabled: false
22:21:01.845 [FXGL Background Thread 3 ] DEBUG Engine               - isCloseConfirmation: false
22:21:01.854 [FXGL Background Thread 3 ] DEBUG Engine               - isDesktop: true
22:21:01.854 [FXGL Background Thread 3 ] DEBUG Engine               - isDeveloperMenuEnabled: false
22:21:01.854 [FXGL Background Thread 3 ] DEBUG Engine               - isEntityPreloadEnabled: true
22:21:01.854 [FXGL Background Thread 3 ] DEBUG Engine               - isExperimentalNative: false
22:21:01.855 [FXGL Background Thread 3 ] DEBUG Engine               - isExperimentalTiledLargeMap: false
22:21:01.855 [FXGL Background Thread 3 ] DEBUG Engine               - isFileSystemWriteAllowed: true
22:21:01.855 [FXGL Background Thread 3 ] DEBUG Engine               - isFullScreenAllowed: false
22:21:01.855 [FXGL Background Thread 3 ] DEBUG Engine               - isFullScreenFromStart: false
22:21:01.855 [FXGL Background Thread 3 ] DEBUG Engine               - isGameMenuEnabled: true
22:21:01.855 [FXGL Background Thread 3 ] DEBUG Engine               - isIOS: false
22:21:01.855 [FXGL Background Thread 3 ] DEBUG Engine               - isIntroEnabled: false
22:21:01.855 [FXGL Background Thread 3 ] DEBUG Engine               - isLinux: false
22:21:01.855 [FXGL Background Thread 3 ] DEBUG Engine               - isMac: false
22:21:01.855 [FXGL Background Thread 3 ] DEBUG Engine               - isMainMenuEnabled: false
22:21:01.855 [FXGL Background Thread 3 ] DEBUG Engine               - isManualResizeEnabled: false
22:21:01.855 [FXGL Background Thread 3 ] DEBUG Engine               - isMobile: false
22:21:01.855 [FXGL Background Thread 3 ] DEBUG Engine               - isPreserveResizeRatio: false
22:21:01.855 [FXGL Background Thread 3 ] DEBUG Engine               - isProfilingEnabled: false
22:21:01.855 [FXGL Background Thread 3 ] DEBUG Engine               - isSingleStep: false
22:21:01.855 [FXGL Background Thread 3 ] DEBUG Engine               - isUserProfileEnabled: false
22:21:01.857 [FXGL Background Thread 3 ] DEBUG Engine               - isWindows: true
22:21:01.857 [FXGL Background Thread 3 ] DEBUG Engine               - language: ObjectProperty [value: ENGLISH]
22:21:01.858 [FXGL Background Thread 3 ] DEBUG Engine               - menuKey: ESCAPE
22:21:01.858 [FXGL Background Thread 3 ] DEBUG Engine               - notificationViewClass: class com.almasb.fxgl.notification.view.XboxNotificationView
22:21:01.858 [FXGL Background Thread 3 ] DEBUG Engine               - pixelsPerMeter: 50.0
22:21:01.859 [FXGL Background Thread 3 ] DEBUG Engine               - platform: WINDOWS
22:21:01.859 [FXGL Background Thread 3 ] DEBUG Engine               - profileDir: profiles/
22:21:01.860 [FXGL Background Thread 3 ] DEBUG Engine               - profileName: StringProperty [value: DEFAULT]
22:21:01.860 [FXGL Background Thread 3 ] DEBUG Engine               - randomSeed: -1
22:21:01.860 [FXGL Background Thread 3 ] DEBUG Engine               - runtimeInfo: RuntimeInfo(platform=WINDOWS, version=11.11, build=08.09.2020 18.00)
22:21:01.860 [FXGL Background Thread 3 ] DEBUG Engine               - saveFileExt: sav
22:21:01.860 [FXGL Background Thread 3 ] DEBUG Engine               - sceneFactory: com.almasb.fxgl.app.scene.SceneFactory@37e4e4af
22:21:01.861 [FXGL Background Thread 3 ] DEBUG Engine               - secondsIn24h: 60
22:21:01.861 [FXGL Background Thread 3 ] DEBUG Engine               - soundMenuBack: menu/back.wav
22:21:01.861 [FXGL Background Thread 3 ] DEBUG Engine               - soundMenuPress: menu/press.wav
22:21:01.861 [FXGL Background Thread 3 ] DEBUG Engine               - soundMenuSelect: menu/select.wav
22:21:01.861 [FXGL Background Thread 3 ] DEBUG Engine               - soundNotification: core/notification.wav
22:21:01.861 [FXGL Background Thread 3 ] DEBUG Engine               - stageStyle: DECORATED
22:21:01.861 [FXGL Background Thread 3 ] DEBUG Engine               - supportedLanguages: [ENGLISH, FRENCH, GERMAN, HUNGARIAN, RUSSIAN]
22:21:01.861 [FXGL Background Thread 3 ] DEBUG Engine               - title: Striker
22:21:01.861 [FXGL Background Thread 3 ] DEBUG Engine               - urlGithub: https://github.com/AlmasB/FXGL
22:21:01.861 [FXGL Background Thread 3 ] DEBUG Engine               - urlLeaderboard: http://fxgl-top.herokuapp.com/
22:21:01.861 [FXGL Background Thread 3 ] DEBUG Engine               - urlPOM: https://raw.githubusercontent.com/AlmasB/FXGL/master/pom.xml
22:21:01.862 [FXGL Background Thread 3 ] DEBUG Engine               - version: 1.1
22:21:01.862 [FXGL Background Thread 3 ] DEBUG Engine               - versionCheckDays: 7
22:21:01.862 [FXGL Background Thread 3 ] DEBUG Engine               - width: 1280
22:21:01.862 [FXGL Background Thread 3 ] DEBUG Engine               - Logging services
22:21:01.862 [FXGL Background Thread 3 ] DEBUG Engine               - class com.almasb.fxgl.app.FXGLApplication$GameApplicationService
22:21:01.863 [FXGL Background Thread 3 ] DEBUG Engine               - class com.almasb.fxgl.app.services.FXGLDialogService
22:21:01.863 [FXGL Background Thread 3 ] DEBUG Engine               - class com.almasb.fxgl.app.services.IOTaskExecutorService
22:21:01.863 [FXGL Background Thread 3 ] DEBUG Engine               - class com.almasb.fxgl.event.EventBusService
22:21:01.863 [FXGL Background Thread 3 ] DEBUG Engine               - class com.almasb.fxgl.io.FileSystemService
22:21:01.863 [FXGL Background Thread 3 ] DEBUG Engine               - class com.almasb.fxgl.localization.LocalizationService
22:21:01.863 [FXGL Background Thread 3 ] DEBUG Engine               - class com.almasb.fxgl.app.services.FXGLAssetLoaderService
22:21:01.863 [FXGL Background Thread 3 ] DEBUG Engine               - class com.almasb.fxgl.app.services.SystemBundleService
22:21:01.863 [FXGL Background Thread 3 ] DEBUG Engine               - class com.almasb.fxgl.profile.SaveLoadService
22:21:01.863 [FXGL Background Thread 3 ] DEBUG Engine               - class com.almasb.fxgl.ui.FXGLUIFactoryServiceProvider
22:21:01.864 [FXGL Background Thread 3 ] DEBUG Engine               - class com.almasb.fxgl.ui.FXGLDialogFactoryServiceProvider
22:21:01.864 [FXGL Background Thread 3 ] DEBUG Engine               - class com.almasb.fxgl.audio.AudioPlayer
22:21:01.864 [FXGL Background Thread 3 ] DEBUG Engine               - class com.almasb.fxgl.notification.impl.NotificationServiceProvider
22:21:01.864 [FXGL Background Thread 3 ] DEBUG Engine               - class com.almasb.fxgl.achievement.AchievementService
22:21:01.864 [FXGL Background Thread 3 ] DEBUG Engine               - class com.almasb.fxgl.cutscene.CutsceneService
22:21:01.864 [FXGL Background Thread 3 ] DEBUG Engine               - class com.almasb.fxgl.minigames.MiniGameService
22:21:01.864 [FXGL Background Thread 3 ] DEBUG Engine               - class com.almasb.fxgl.net.NetService
22:21:01.864 [FXGL Background Thread 3 ] DEBUG Engine               - class com.almasb.fxgl.app.services.UpdaterService
22:21:01.865 [FXGL Background Thread 3 ] DEBUG Engine               - class com.almasb.fxgl.dev.DevService
22:21:06.724 [Thread-4                 ] DEBUG Endpoint             - TCPServer opening new connection (1) from /127.0.0.1:50403 type: class java.lang.String
22:21:06.725 [Thread-4                 ] DEBUG Endpoint             - TCPServer successfully opened connection (1)
22:21:06.727 [TCPServer_SendThread-1   ] DEBUG Writers              - Getting TCPMessageWriter for class java.lang.String
22:21:06.729 [TCPServer_RecvThread-1   ] DEBUG Readers              - Getting TCPMessageReader for class java.lang.String
22:21:06.730 [TCPServer_SendThread-1   ] DEBUG Writers              - Constructed TCPMessageWriter for class java.lang.String: MessageWriterS
22:21:06.733 [TCPServer_RecvThread-1   ] DEBUG Readers              - Constructed MessageReader for class java.lang.String: MessageReaderS
22:21:08.642 [Thread-4                 ] DEBUG Endpoint             - TCPServer opening new connection (2) from /127.0.0.1:50404 type: class java.lang.String
22:21:08.642 [Thread-4                 ] DEBUG Endpoint             - TCPServer successfully opened connection (2)
22:21:08.642 [TCPServer_RecvThread-2   ] DEBUG Readers              - Getting TCPMessageReader for class java.lang.String
22:21:08.642 [TCPServer_SendThread-2   ] DEBUG Writers              - Getting TCPMessageWriter for class java.lang.String
22:21:08.642 [TCPServer_SendThread-2   ] DEBUG Writers              - Constructed TCPMessageWriter for class java.lang.String: MessageWriterS
22:21:08.642 [TCPServer_RecvThread-2   ] DEBUG Readers              - Constructed MessageReader for class java.lang.String: MessageReaderS
22:21:11.371 [JavaFX Application Thread] DEBUG Input                - Mocking key press: S
22:21:11.411 [JavaFX Application Thread] DEBUG Input                - Mocking key press: D
22:21:11.509 [JavaFX Application Thread] DEBUG Input                - Mocking key release: S
22:21:11.813 [JavaFX Application Thread] DEBUG Input                - Mocking key press: W
22:21:11.880 [JavaFX Application Thread] DEBUG Input                - Mocking key release: W
22:21:12.996 [JavaFX Application Thread] DEBUG Input                - Mocking key press: W
22:21:13.613 [JavaFX Application Thread] DEBUG Input                - Mocking key release: W
22:21:14.180 [JavaFX Application Thread] DEBUG Input                - Mocking key press: W
22:21:14.280 [JavaFX Application Thread] DEBUG Input                - Mocking key release: W
22:21:14.629 [JavaFX Application Thread] DEBUG Input                - Mocking key press: S
22:21:14.709 [JavaFX Application Thread] DEBUG Input                - Mocking key release: S
22:21:15.263 [JavaFX Application Thread] DEBUG Input                - Mocking key press: S
22:21:15.329 [JavaFX Application Thread] DEBUG Input                - Mocking key release: D
22:21:15.679 [JavaFX Application Thread] DEBUG Input                - Mocking key press: D
22:21:16.129 [JavaFX Application Thread] DEBUG Input                - Mocking key release: S
22:21:16.829 [JavaFX Application Thread] DEBUG Input                - Mocking key release: D
22:21:17.029 [JavaFX Application Thread] DEBUG Input                - Mocking key press: D
22:21:17.332 [JavaFX Application Thread] DEBUG Input                - Mocking key press: W
22:21:17.713 [JavaFX Application Thread] DEBUG Input                - Mocking key release: W
22:21:18.402 [JavaFX Application Thread] DEBUG Input                - Mocking key release: D
22:21:18.646 [JavaFX Application Thread] DEBUG Input                - Mocking key press: D
22:21:19.919 [JavaFX Application Thread] DEBUG Input                - Mocking key press: W
22:21:20.017 [JavaFX Application Thread] DEBUG Input                - Mocking key release: W
22:21:20.412 [JavaFX Application Thread] DEBUG Input                - Mocking key press: S
22:21:20.749 [JavaFX Application Thread] DEBUG Input                - Mocking key release: S
22:21:20.996 [JavaFX Application Thread] DEBUG Input                - Mocking key press: S
22:21:21.345 [JavaFX Application Thread] DEBUG Input                - Mocking key release: S
22:21:21.901 [JavaFX Application Thread] DEBUG Input                - Mocking key release: D
22:21:22.113 [JavaFX Application Thread] DEBUG Input                - Mocking key press: D
22:21:22.329 [JavaFX Application Thread] DEBUG Input                - Mocking key press: W
22:21:22.644 [JavaFX Application Thread] DEBUG Input                - Mocking key release: W
22:21:22.880 [JavaFX Application Thread] DEBUG Input                - Mocking key press: W
22:21:23.012 [JavaFX Application Thread] DEBUG Input                - Mocking key release: W
22:21:23.646 [JavaFX Application Thread] DEBUG Input                - Mocking key press: W
22:21:23.729 [JavaFX Application Thread] DEBUG Input                - Mocking key release: W
22:21:24.372 [JavaFX Application Thread] DEBUG Input                - Mocking key press: S
22:21:24.529 [JavaFX Application Thread] DEBUG Input                - Mocking key release: S
22:21:24.815 [JavaFX Application Thread] DEBUG Input                - Mocking key press: W
22:21:25.012 [JavaFX Application Thread] DEBUG Input                - Mocking key release: W
22:21:25.500 [JavaFX Application Thread] DEBUG Input                - Mocking key press: S
22:21:26.063 [JavaFX Application Thread] DEBUG Input                - Mocking key release: S
22:21:29.279 [JavaFX Application Thread] DEBUG Input                - Mocking key press: S
22:21:29.412 [JavaFX Application Thread] DEBUG Input                - Mocking key release: S
22:21:29.700 [JavaFX Application Thread] DEBUG Input                - Mocking key press: W
22:21:29.744 [JavaFX Application Thread] DEBUG Input                - Mocking key release: D
22:21:29.855 [JavaFX Application Thread] DEBUG Input                - Mocking key press: A
22:21:29.876 [JavaFX Application Thread] DEBUG Input                - Mocking key release: W
22:21:30.032 [JavaFX Application Thread] DEBUG Input                - Mocking key release: A
22:21:30.195 [JavaFX Application Thread] DEBUG Input                - Mocking key press: S
22:21:30.345 [JavaFX Application Thread] DEBUG Input                - Mocking key release: S
22:21:31.251 [JavaFX Application Thread] DEBUG Input                - Mocking key press: W
22:21:31.812 [JavaFX Application Thread] DEBUG Input                - Mocking key press: D
22:21:31.879 [JavaFX Application Thread] DEBUG Input                - Mocking key release: W
22:21:32.512 [JavaFX Application Thread] DEBUG Input                - Mocking key press: S
22:21:33.215 [JavaFX Application Thread] DEBUG Input                - Mocking key release: S
22:21:33.647 [JavaFX Application Thread] DEBUG Input                - Mocking key release: D
22:21:34.295 [JavaFX Application Thread] DEBUG Input                - Mocking key press: D
22:21:36.017 [JavaFX Application Thread] DEBUG Input                - Mocking key press: S
22:21:36.061 [JavaFX Application Thread] DEBUG Input                - Mocking key release: S
22:21:36.988 [JavaFX Application Thread] DEBUG Input                - Mocking key press: S
22:21:37.068 [JavaFX Application Thread] DEBUG Input                - Mocking key release: S
22:21:37.484 [JavaFX Application Thread] DEBUG Input                - Mocking key press: W
22:21:37.504 [JavaFX Application Thread] DEBUG Input                - Mocking key release: D
22:21:37.543 [JavaFX Application Thread] DEBUG Input                - Mocking key press: A
22:21:37.599 [JavaFX Application Thread] DEBUG Input                - Mocking key release: W
22:21:38.066 [JavaFX Application Thread] DEBUG Input                - Mocking key release: A
22:21:38.594 [JavaFX Application Thread] DEBUG Input                - Mocking key press: D
22:21:38.728 [JavaFX Application Thread] DEBUG Input                - Mocking key release: D
22:21:38.863 [JavaFX Application Thread] DEBUG Input                - Mocking key press: S
22:21:38.928 [JavaFX Application Thread] DEBUG Input                - Mocking key release: S
22:21:39.728 [JavaFX Application Thread] DEBUG Input                - Mocking key press: D
22:21:39.845 [JavaFX Application Thread] DEBUG Input                - Mocking key release: D
22:21:39.922 [JavaFX Application Thread] DEBUG Input                - Mocking key press: D
22:21:40.061 [JavaFX Application Thread] DEBUG Input                - Mocking key release: D
22:21:40.268 [JavaFX Application Thread] DEBUG Input                - Mocking key release: D
22:21:40.448 [JavaFX Application Thread] DEBUG Input                - Mocking key press: W
22:21:40.995 [JavaFX Application Thread] DEBUG Input                - Mocking key press: D
22:21:41.068 [JavaFX Application Thread] DEBUG Input                - Mocking key release: W
22:21:41.855 [JavaFX Application Thread] DEBUG Input                - Mocking key press: W
22:21:41.936 [JavaFX Application Thread] DEBUG Input                - Mocking key release: W
22:21:42.430 [JavaFX Application Thread] DEBUG Input                - Mocking key release: D
22:21:42.430 [JavaFX Application Thread] DEBUG Input                - Mocking key press: S
22:21:43.027 [JavaFX Application Thread] DEBUG Input                - Mocking key release: S
22:21:43.119 [JavaFX Application Thread] DEBUG Input                - Mocking key press: D
22:21:43.578 [JavaFX Application Thread] DEBUG Input                - Mocking key release: D
22:21:43.844 [JavaFX Application Thread] DEBUG Input                - Mocking key press: D
22:21:44.746 [JavaFX Application Thread] DEBUG Input                - Mocking key press: W
22:21:44.811 [JavaFX Application Thread] DEBUG Input                - Mocking key release: W
22:21:45.058 [JavaFX Application Thread] DEBUG Input                - Mocking key press: S
22:21:45.760 [JavaFX Application Thread] DEBUG Input                - Mocking key release: S
22:21:46.264 [JavaFX Application Thread] DEBUG Input                - Mocking key press: W
22:21:46.321 [JavaFX Application Thread] DEBUG Input                - Mocking key release: D
22:21:47.197 [JavaFX Application Thread] DEBUG Input                - Mocking key release: W
22:21:47.470 [JavaFX Application Thread] DEBUG Input                - Mocking key press: D
22:21:47.710 [JavaFX Application Thread] DEBUG Input                - Mocking key press: W
22:21:47.961 [JavaFX Application Thread] DEBUG Input                - Mocking key release: W
22:21:49.010 [JavaFX Application Thread] DEBUG Input                - Mocking key press: S
22:21:49.162 [JavaFX Application Thread] DEBUG Input                - Mocking key release: D
22:21:49.597 [JavaFX Application Thread] DEBUG Input                - Mocking key release: S
22:21:49.686 [JavaFX Application Thread] DEBUG Input                - Clearing active input actions
22:21:49.686 [JavaFX Application Thread] DEBUG Input                - Registered new binding: CloseServer - Backspace
22:22:02.811 [JavaFX Application Thread] DEBUG FXGLApplication      - Exiting FXGL
22:22:02.811 [JavaFX Application Thread] DEBUG LoopRunner           - Stopping loop
22:22:02.811 [JavaFX Application Thread] DEBUG SystemBundleService  - Saving FXGL system data
22:22:02.813 [JavaFX Application Thread] DEBUG FileSystemAccess     - Writing to: C:\Users\parme\OneDrive - University of Brighton\ddp17_modules\#Year 3\CI628 - Multplayer\CI628-PongServer-master\system\fxgl.bundle
22:22:02.815 [JavaFX Application Thread] DEBUG Async                - Shutting down background threads
22:22:02.816 [JavaFX Application Thread] DEBUG MainWindow           - Closing main window
22:22:02.829 [JavaFX Application Thread] DEBUG Logger               - Closing Logger
